820526
1279316
820567
460138
492913
492922
167854
1216751
465477
172333
814315
814317
1
543679
547502
944666
944673
814315
814317
559893
167854
1216751
172333
465477
261203
1
267105
275639
543679
547502
944666
944673
814315
814317
559893
167854
1216751
172333
960564
1362764
972647
1
267105
275639
543679
547502
944666
944673
814315
814317
559893
167854
1216751
172333
960564
1362764
972647
465477
605898
1030795
646233
261203
1
1485336
267105
275639
543679
547502
944666
944673
814315
814317
683423
683424
683425
683426
683427
683428
683430
683431
683433
424236
559893
167854
1216751
172333
960564
1091714
1091715
1091716
1091717
1091721
1091722
1091723
1091725
1091726
1485327
1485328
1485329
1485331
1485332
1485334
1485335
1485337
1362764
972647
1507204
1
267105
275639
1198109
543679
547502
944666
944673
814315
814317
683423
683424
683425
683426
683427
683428
683430
683431
683433
424236
559893
167854
1216751
172333
960564
1091714
1091715
1091716
1091717
1091718
1091719
1091720
1091721
1091722
1091723
1091725
1091726
1485327
1485328
1485329
1485331
1485332
1485334
1485335
1485336
1485337
443024
1362764
446939
972647
1507204
1
362964
362967
362968
362969
362970
362972
362974
1
362964
362967
362968
362969
362970
362972
362974
1
362964
362967
362968
362969
362970
362972
362974
1
362964
362967
362968
362969
362970
362972
362974
1
362964
362967
362968
362969
362970
362972
362974
1
362964
362967
362968
362969
362970
362972
362974
1
362964
362967
362968
362969
362970
362972
362974
