nohup: ignoring input
19446
1540099_20
1146884_11
1146885_73
1540108_59
1146896_2
1146903_2
1146906_53
753720_90
753723_151
1146940_43
753728_148
1146959_8
1146969_26
1540197_6
1540207_5
1540210_8
1540211_19
1540215_15
1147008_12
753795_96
1540229_47
753800_40
1540233_16
753802_73
1540234_15
1540235_26
1540241_398
1540244_38
1147029_2
1147036_14
753822_48
1147040_3
753832_34
1540264_9
753836_7
753858_89
1147077_86
753865_201
1540299_38
1540304_23
753880_28
1147097_40
1540313_9
753893_34
1147111_65
1147119_332
753905_8
1147128_28
1540351_21_ue
753924_27
753925_93
753926_32
1147170_14
1540393_0_failed
1540397_4
1540398_0_failed
1540400_0_failed
1540401_0_failed
753971_295
1540403_9_ue
1540404_13
1540406_0_failed
1572164_8
1540412_3
753988_8
1147206_2
1147214_2
1540430_25
1540433_364
1540435_24
1540440_7
1540442_16
1543625_13
1540450_57
1540453_12
1540455_22
1540458_37
1540459_12
1540463_9
1540469_4
1540471_38
1540472_91
1540473_579
1147258_15
1540474_69
1540475_26
1540476_11
754046_51
1147277_88
1540521_5
1147310_5
1540528_3
754097_31
1147318_76
1540534_39
1540535_7
1540538_34
1540541_52
1147327_11
1540547_56
1540549_65
1540551_15
1540554_12
1540555_10
1540559_115
1540562_23
1147348_7
1540565_268
1540571_32
1540573_19
1540574_80
754143_12
1540580_51
1540584_21
1147389_199
1147419_15
754210_995
1540644_106
1540645_3
754215_40
1540648_9
1540651_22
1147436_183
1540652_7
1147438_57
1540659_12
1540660_28
1540665_15
1540667_35
1147454_9
1540672_34
1147457_2
1540674_7
1540675_28
1147460_2
1540677_41
1540678_40
1540679_53
1540680_6
1540682_33
1540685_20
1540687_3
1540688_62
754260_10
1540694_10
1540698_6
1540700_104
1540701_38
1147496_340
1556707_132
1147514_3
754305_181
1147525_566
1147526_46
754310_15
754321_27
1147546_84
1147571_124
754357_127
1540790_3
1540791_11
1540792_80
1540794_42
1540813_12
1540815_22
1147601_283
1147602_36
1540818_10
1540820_55
1540824_4
1540828_135
1540829_21
1147614_24
1540830_20
754411_4
1540850_39
1540869_64_ue
361226_199
1540880_5
1147676_15
1540894_6
1147679_33
1540898_8
361254_262
1540904_3
361257_15
1540908_30
361261_50
1540909_8
1147695_37
1147699_2
361268_25
361269_11
1540916_30
754486_80
1540919_9
1540921_132
1540922_23
754491_208
1540923_1
1540927_17
1147717_105
1147720_12
1147721_35
754508_5
1147729_8
1147730_30
1147735_140
1147736_18
361308_17
1540977_47
1147769_101
1540988_179
361342_14
1540999_19
361363_2
1541023_39
361377_48
1147809_182
361383_3
361387_25
1147820_21
361399_12
1541059_108
1541061_16
1541063_11_ue
1541066_19
1541069_26
1541070_72
1541071_41
1541074_4
361428_26
1541077_0_failed
361431_38
1541079_0_failed
361433_6
1541080_0_failed
1541082_50
1541084_10
1147869_10
1541086_133
1541088_1_failed
1541091_3
1147880_38
1541101_304
1541104_423
1541106_10
1541112_7
754685_17
361473_2
1517708_49
361477_42
1147911_217
754695_319
1541127_10
1541128_12
1541130_32
1541132_0_failed
1541133_0_failed
1541134_0_failed
754704_87_ue
1541136_0_failed
1541138_0_failed
1147923_23
1541139_0_failed
1541140_0_failed
1541141_0_failed
1541143_0_failed
361497_1
1147931_66
1541148_0_failed
1541156_46
1541159_17
1147953_6
1541172_41
361526_13
1147958_6
1147964_8
1147965_37
1147971_196
1541188_12
361541_33
361547_41
361550_65
754773_43
1541206_33_ue
1541209_9
1147999_131
1541215_33
361571_33
1148010_12
1148013_18
1148014_125
361583_3
361604_8
361608_5
1148045_27
361619_64
1541269_74
1541273_11
1541274_15
1541275_10
1541278_0_failed
1541279_0_failed
1541280_0_failed
1541281_0_failed
1541282_0_failed
1541283_0_failed
1148069_20
1541285_0_failed
1541286_0_failed
1148072_53
754857_7
1541288_0_failed
1541292_30
1541299_30
1541300_4
1541302_14
1541305_26_ue
754876_8
361661_7
754880_99
1541312_4
361672_127
1541322_14
754891_26
1148108_2
1541323_29
361678_15
1541331_80
361686_8
1541334_3
1541335_98
1148123_2
1541339_67
1572201_124
1148132_28
754917_13
1541350_22_ue
754927_84
1572202_51
361724_3
1148159_9
361728_180
1148161_97
1541386_78
1541410_143
361764_8
1541416_96
754988_44
754995_13
1148213_66
361784_10
1148216_2
755001_451
1148242_3
361811_1
755038_23
1541476_31
1541478_42
1541485_27
1541487_4
361844_26
1541494_14_ue
361849_42
1541499_19
1541504_46
1148290_6
1148291_72
361860_21
1541506_296
1541508_139
1541509_18
755097_15
1148315_7
755105_35
1148330_138
361902_7
1541564_33
1541567_100
361925_2
1541576_26
361932_2
361937_110
1541593_28_failed
755163_324
1541596_23_failed
1541597_0_failed
1541599_38
1541601_49_failed
1541605_19
1541608_26
361964_8
361977_7
1541625_0_failed
361981_16
1541629_4_failed
361984_9
1541634_7_failed
1541635_43
1541636_4_failed
1541637_9
1541638_26
1541640_274_failed
362012_1
1148447_75
755239_359
362028_8
1148472_51
755257_10
362053_4
362060_19
1541709_21
362066_86
1541715_0_failed
1541716_0_failed
1541718_0_failed
1541722_0_failed
362076_2
1541725_0_failed
1541726_0_failed
1550393_0_failed
1541729_18
362085_24
1541734_7
362092_8
362094_34
362097_168
1541748_15_failed
362109_8
1541757_67
1541761_0_failed
1541763_0_failed
1541764_0_failed
1541767_12
1541769_22
362124_24
1541772_0_failed
1541773_26
1541774_0_failed
1541775_132
1541779_0_failed
1541780_36_failed
1541781_34
1541782_12
1541783_144
1541785_8
1541786_52
1541788_28
1541797_29_failed
1541798_0_failed
1541800_27
362153_44
1541802_32
1541804_43
1541806_0_failed
1541809_23
1541811_15
1541813_408
362166_2
362169_23
755385_103
1541820_0_failed
362173_5
1541824_5
362179_22
1541828_138
1148613_225
1541829_11
1541833_234
1541834_8
362194_7
1541846_0_failed
1541847_0_failed
1541848_0_failed
1541849_0_failed
362203_30
1541851_84
1541854_77
1148654_57
362254_104
362255_37
755471_828
362261_1
1541914_13
1541916_0_failed
1541922_114
1541924_35
1541925_60
1541928_33_failed
1148717_24
1541938_9
1541941_19_failed
1148739_17
362308_5
1148743_131
1541963_8
362317_250
755558_17
1542006_2
755580_16
362371_31
362377_29
362380_66
1542033_303_failed
1148820_3
1542036_38_failed
1542037_156
362391_402
1542039_25_failed
1542041_34
1542044_8
362398_18
1148830_184
1542046_14
1542047_102
1542048_0_failed
1542051_23_failed
362407_3
755623_14
1542056_13
362410_37
1542057_28
755626_62
1542059_33
1542060_20
755630_62
1148848_76
1542063_15
362419_50
1542068_65
1556974_28
1556975_39
1542086_3_failed
1542089_34
1556978_38
1148877_418
362447_12
362449_15
362452_16
1148884_17
1148886_2
362474_9
362477_188
1542128_4_failed
1542130_11
1542133_0_failed
1542134_27
755704_5
1542137_36
1542140_34_failed
1542147_59
1542148_39_failed
1542149_17
362505_4
362506_15
1542154_21
362508_19
1148940_4
1542155_26_failed
1148943_21
1542156_68
1542161_28
1542164_0_failed
362517_13
362518_81
1542168_66
362524_12
362526_40
1542189_39
362543_61
362547_29
1148999_29
1542222_15
1542225_114
1542228_0_failed
1542230_3_failed
362587_500
1149040_8
1149042_246
362611_32
1149046_5
1542268_38
1542274_5
1149060_40
1542277_0_failed
1149065_50
755853_55
1542298_8
1542302_0_failed
1542304_0_failed
1542305_19
1542306_8
362661_13
1542309_47
362666_34
1149100_78
1542316_0_failed
1542321_11
1542325_77
1149111_25
362680_10
1542327_9
1542330_107_failed
1542332_23
1542333_49
1542336_40
1542345_11
1542348_77
1542349_7
1542351_60
1542352_18_failed
1542353_0_failed
755924_20
1542357_0_failed
1542358_0_failed
1542360_0_failed
1542362_0_failed
1542363_0_failed
1542364_0_failed
1149149_88
362723_10
1149157_44
1149159_92
1149161_99
1542377_0_failed
1542382_2
1149167_11
1542385_5
362738_60
1542387_39
362740_13
362741_31
1542390_6
362745_9
1542394_30
1542396_0_failed
1542398_1
1542399_40
1542400_37
1149185_81
1542402_42
1557040_0_failed
1542404_37
362757_86
1542405_8
1542406_113
1542407_29
1542415_10
362786_1
756008_180
756018_6
1149242_2
756029_89
1149250_2
1542469_0_failed
362824_22
362826_5
362827_4
1542475_0_failed
1542477_9
1542478_3
1542480_0_failed
1542481_0_failed
362836_33
1542484_2
362838_1
1542485_7
1542488_34
1542494_0_failed
1542495_41
756065_132
362850_36
1149284_13
1542500_34_failed
1542503_0_failed
1542506_2
1542510_0_failed
1542511_17
362864_39
1542513_63
1542517_14
1542518_27
756089_88
362877_9
1149309_3
362885_19
756106_95
1542539_36
1149324_3
1542545_76
756114_8
1542547_33
1542549_68
1542552_11
1542554_32_failed
1542555_7
362919_23
756143_22
1149360_47
1149372_33
1542595_67_failed
362954_64
756184_22
1542621_33
1542622_0_failed
1542623_0_failed
1149409_38
1542624_0_failed
1542626_0_failed
1542627_191
1542628_0_failed
1542629_0_failed
1542631_0_failed
1542632_6
1542633_0_failed
1542634_0_failed
1149421_18
1542639_20
1542641_8
1542643_193
1542644_6
1542649_19
1542655_34
1542656_48
1542660_172
1542661_2
1542664_7
1557093_10
1557095_328
1542682_7
1542685_19
1149472_45
756257_31
1557098_31
1149493_100
1542717_12
1542721_15
1542722_71
1149512_110
756303_229
1542736_14
1542737_84
1542739_69
1542743_1
1149531_9
1542749_6
1149535_460
1542771_0_failed
1542780_0_failed
1149571_95
1542795_40
756375_139
1542821_56
