nohup: ignoring input
4652
1560860_0_failed
1560867_44_failed
1560870_60
1560871_16
1560878_0_failed
1167665_3
1560883_10
1560887_0_failed
1560891_24
1560897_29
1560899_7
1560900_21
774469_86
1560901_58
381257_14
spider_66rpg_gamebin_last.py:61: DeprecationWarning: invalid escape sequence '\'
  mapbinUTF8 = base64.b16decode(mapbinHex.encode()).decode('unicode_escape')#('UTF-8')
1560905_57_ue
1560907_37
1560908_26
381261_35
1560918_14
1560922_215
1560923_41_failed
774494_1
1560930_128
1560933_7
1560935_62_failed
1560937_12
1560938_62
774507_15
1560940_158
381296_3
1560944_30
1560945_55
1560947_16
1560948_8
1167734_45_ue
1560950_34
1167736_46_ue
1560953_28
1560954_5
1560956_53
1560958_0_failed
1560961_31
1560964_0_failed
774534_24
381319_128
1560972_62
1560974_71
774543_28
1560975_0_failed
1560979_15
1560981_47
1560987_13
1560988_20
1560989_15
381342_14
1560990_20
1560991_17
1560992_47
1567248_10
1167779_15_ue
1561002_17
1561003_10
1561004_26
1561005_11
1561009_67
1167794_54_ue
1561011_13
1561013_43
1561015_21
1561022_52
1561027_5
1561029_116
1561038_0_failed
1561039_16
381392_3
1561040_4
1561042_0_failed
1561043_0_failed
1561046_48
1561048_13
1561050_45
381403_17
e  446939
1561055_0_failed
1561058_0_failed
1561063_19
381415_2
1167851_71_ue
381420_76
1561069_21
1561072_56
1561073_15
381430_1
1561079_98_failed
1561085_17
1561087_22
1561092_3_failed
1561093_94
1561095_10
1561097_12
1167885_12
1561105_0_failed
1561106_14
1561107_10
1561108_6
1561111_12
1167896_14_ue
1561115_119
1561117_61
774686_45
1561122_28
774693_48
1561130_15
1561135_35
1167920_491
1561138_20
1561139_6
1561147_19
1561153_39
1561155_136
1561156_10
381512_107
1561161_6
1561163_0_failed
381517_33
1561166_48
1561168_0_failed
1561171_3_failed
1561176_46
1561177_8
1561178_53
381531_19
774751_251
1561188_0_failed
1561191_91
1561192_38
1561194_15
381548_1157
1561197_6
1561199_25
1561202_33
1561205_0_failed
1561207_44
1561209_3
1167994_37
1561210_0_failed
1561219_0_failed
1561222_50
1561223_2_failed
1561224_7
1561225_20
1561230_25
1561234_18_failed
1561240_47
1561242_105
1561243_64
774813_92
1561247_20
774818_357
1561250_38
1561251_13_failed
1561253_0_failed
1561254_17
1168042_23_ue
1561263_59
381618_8
381619_46
1561269_22
1561271_16
1561272_25_failed
1561273_79
1561274_21
1561276_0_failed
1561277_540
381630_71
1561281_15
1561282_63
1561283_64_failed
1561284_0_failed
1561288_93
1561291_12
1561299_39_failed
1561303_66
1561308_9
774877_49
381664_6
1561312_0_failed
1561314_14
1561316_11
1561318_14_failed
1561320_15
1561321_0_failed
1561324_85
774894_29
774896_250
1561329_16
1561330_44
1168117_73
774901_47
1561333_19_failed
1561334_33
1561339_3
1561341_0_failed
1561342_0_failed
1561343_48_failed
1561344_22
1168130_64_ue
1561346_274
1561347_0_failed
1561349_28
1561355_50_failed
1561358_20
1168145_129
1561362_15
1168149_58
1561365_63
1561367_7
1561373_10
774942_12
1168161_26_ue
774946_11
1561378_111
1561382_7
1561389_31_failed
1168178_20_ue
1561394_19
1561395_49
1561397_7
1561400_0_failed
1561401_8
1561405_7
1561406_0_failed
1561407_4
1561410_75_failed
1561412_14
1561413_5
1561415_28_failed
1561418_40
1561419_27
774994_95
381780_13
381784_132
1561432_8
1561433_17_failed
775003_105
e  267105
381793_121
1561441_58
1561445_65
1561449_50
1561455_18_failed
1561459_20
381817_200
1561465_18
1561466_0_failed
381820_9
1561468_2
1561472_106
381829_8
1561477_0_failed
1561480_43
1561484_30
1561489_35
1561490_385
1561492_73_ue
1561493_6
1561495_20_failed
775067_89
1561504_0_failed
775075_12
1168292_46
1561509_25
1561514_7
1168300_15
1561516_36
1561517_3_failed
1561521_112
1561522_111
1561532_26_failed
1561539_210
1561541_0_failed
1561545_78
1561546_31
1561548_0_failed
1561550_233_failed
1561553_39
775122_34
1561556_1
1561558_27
1561561_0_failed
1561562_66
1168349_261_ue
1561565_18
1561568_22
1561573_49
1561578_66
1168366_92_ue
381936_28
381939_38
1561590_0_failed
775160_99
1561597_49
381950_5
1561607_3
1168394_31
775179_1
1168398_15_ue
1561617_5_failed
1168403_59_ue
1561620_7
1561622_16
1561624_20
1561627_0_failed
775198_170
381983_206
1561632_0_failed
1561634_55
775203_193
1561635_86
1561636_13
1561637_0_failed
1561643_34
1561647_3
1168432_53_ue
1561649_8
382014_6
1561667_19
1561672_45
1561673_22
1561674_5
1561678_7
1561684_2
1561685_65
775256_58
1561688_21
1561691_0_failed
775272_7
382057_194
1561707_45
1561710_30
1561711_52
1561712_13
1561713_8
1561714_1_failed
382069_121
1561721_76
1561723_59
382077_1
1561725_0_failed
775296_8
1561744_12
1561750_13_failed
775320_34
1561752_21_failed
1561754_25_failed
1561756_22_failed
775325_16
1561758_17_failed
1561760_0_failed
1561762_19
775331_62
1561766_14
1561767_97
1561770_74
1561772_135
1561774_61
1561775_0_failed
382130_31
382131_38
775347_26
1561779_39_failed
1561781_92
1561785_122
1561787_349
1561788_22
1561790_147
1561792_93
1561793_0_failed
1561794_0_failed
1561795_65
1561796_54
1561797_5
1561799_149
1561802_240
1561805_53
1561808_7
1561814_150_ue
775386_9
1561818_21
1561820_10
1561824_55
1168609_80
1561828_0_failed
1561829_9
775402_197
382189_14
1561838_8
1561841_33
1561846_141
382199_7
1561849_86
1561850_15
1561852_24
775421_72
775422_67
1561854_11
1561859_26
1561860_8
1561861_47
1561862_23
1561865_0_failed
1561868_93
775437_37
1561870_36
1561871_13
1561874_8
1561875_27
1561880_45
1561881_47
775450_202_ue
1561883_8
382237_57
1561886_26
1561889_6
1561890_34
1561892_79
382245_22
1561894_33
1561895_7
1561900_102
1561901_48
382254_111
1168687_79_ue
1561904_52
1561905_12
1561908_2_failed
1561912_24
1561914_145
1561915_148
1561917_142
1561919_130
382272_300
1561920_51
1561923_72
1561924_46
1561925_7
1561926_13
1561927_556
1561929_0_failed
1561930_61
775500_186
1561932_9
1561935_71
1168721_47
1561937_78
1561940_0_failed
1561950_12_failed
1561951_0_failed
1561952_28_failed
1561954_0_failed
1561958_71
1561961_34
1561962_76
775531_58
1561965_2
1561966_0_failed
382319_29
1561969_6
1561973_143
1561975_50
1561978_22
1561979_12_failed
1561980_64
1561981_0_failed
1561982_40
1561983_17
1561984_47
1168769_38_ue
775553_63
1561985_72
1168772_16
1561987_113
1561990_54
1561991_7
1561993_120
1561994_0_failed
1561995_9_failed
1561996_10
1561998_14
1561999_60_failed
1562005_0_failed
1562013_43
1562016_75
1562017_55_ue
1562020_6
1562021_4
775590_75
1562023_17_failed
1562027_0_failed
1562028_204
1562029_83
1562030_12
1562035_12
1562036_0_failed
1562037_42
1562038_11
1562039_66
1562041_14
1562043_30
1562044_203
382397_57
1562045_3
1562046_0_failed
382400_19
1562052_0_failed
1562055_23
1562057_21
1562058_31
1562059_0_failed
382412_6
1562063_89
382418_50
1562067_55_failed
1562068_17_failed
1562069_38
1562074_19_failed
775643_25
1562075_21_failed
1562077_24_failed
1562079_32_failed
775649_109
1562081_51_failed
1562083_50
1562084_40
382439_129
1562089_1
382443_53
1562094_70
1562097_18
1562098_33
1562100_10_ue
775669_40
1562102_5
1562106_166
382460_17
1562110_10
1562113_26
1562114_24
382467_44
1562117_20
1562118_14
1562121_18
382475_14
1562124_11
1562125_216
382481_145
1562130_59
1562132_28
1562133_40
1562137_0_failed
1168925_12
1562146_6
382500_116
1562150_68_ue
1562151_7
1168939_11
1562158_212
1562161_0_failed
1562163_22
1562172_0_failed
1562175_99
1562177_6
1562178_59
382532_137
1562184_0_failed
1562185_0_failed
382538_194
1562187_23
1562189_318_failed
382542_37
1562190_7
1562192_55
1562193_51
1168981_15
1562199_85
1562203_99_failed
1562206_10
1562209_173
775781_22
1562213_7
1562215_4
1562217_199
1562220_0_failed
1562224_15
1169010_16
1169011_13
775798_22
1562234_52
1562235_16
1562237_52
382591_71
1562239_0_failed
1562242_0_failed
382599_13
1169034_13_ue
1562253_8
1562255_78
1562257_0_failed
1562260_6_failed
1169048_82
1562269_9
775841_2
1169068_49_ue
1562286_0_failed
1562290_206
1169076_11_ue
1562294_58_failed
1562295_25_failed
1562303_49
1169090_14
1562307_1_failed
1169092_24_ue
775876_66
1562308_224
1562318_44
382671_5
1169105_53
1562325_24
1562334_32_failed
1562337_24
1562340_9
382694_12
1169132_102
1562349_0_failed
1562351_41
1562355_8
382708_17
1562359_4
1562360_19_failed
1169146_624
1562362_22
1562364_107
1562365_184
382718_25
1562367_103
1562368_17
1562369_38
1562370_358
1562372_56
1562374_3
1562379_163
1562381_162
1169168_29_ue
1562385_37
1562386_34
1562388_304
1562392_97
1562393_47
1562395_45
382748_5
382749_174
1562396_0_failed
1562398_86
1562400_3
1562402_126
1562403_4
1562404_11
1562406_7
1562407_11
1562414_19
1562415_101
1562416_14
382774_20
1562422_82
1562424_28
775994_9
1562428_29
1562432_7
1169221_3
1562437_36
1562438_157
1562440_29
1562441_31
1562443_10
1562445_6
1562446_41
1562448_25
1562451_7_failed
1562453_12_failed
1562455_155
382809_77
1562461_0_failed
382819_14
1562469_290
e  972647
1562472_17
1562473_42
776043_158
1562477_163_failed
1562478_42
1562480_9
776051_162
1562483_0_failed
1562484_81
1562491_0_failed
1562492_29
1562493_13
1562494_0_failed
776065_1118
1562503_36
1562505_55
1562506_20
1562510_40
1562516_172
1562519_10
1562520_6
776089_17
1562527_81
1562528_44_ue
382884_84
1562532_65
1562533_18
1562535_8
382889_12
1169323_30_ue
776108_9
1562540_22
1562543_17
1169331_19
382900_2
1562550_44
1562554_13
1562556_0_failed
776127_148
1562560_52
1562564_27
776133_100
1562565_228
1562567_38
1562571_39
1562572_2_failed
382925_8
1562573_38
1562575_0_failed
382928_802
1562577_104
1562578_114
1562580_38
1562581_36
1562586_24
1562587_30
1562588_69
e  382943
382944_188
1562591_0_failed
1562596_8_failed
1562600_8
1562601_557_failed
776172_125
382959_12
382960_86
1562611_18
1562614_21
1169405_63_ue
1562622_19
382977_67
1562627_0_failed
1562634_14
1562636_40
382989_16
1562639_38
1562640_14
1562641_23
1562642_38
1562643_33
1562644_161
1562646_0_failed
1562648_5
1562651_14
1562652_28
383005_91
383008_33
1562657_0_failed
1169442_22_ue
1562662_41
1562663_192
1562665_20
1562667_36
1562668_18
1562669_36
776238_83
1562670_8_failed
1562671_20
1562681_15
1169467_26_ue
1562683_9
1562685_11
383043_77
1562703_44
1562705_10
383058_14
383059_7
1562706_15
1562708_28
1169502_16_ue
383074_23
1562724_9
383079_15
383088_26
1562736_0_failed
1562737_18_failed
1562739_37
383106_111
383109_16
1562760_92
1562761_7
383117_493
1562768_37
1562769_22
776343_13
1562775_110
776347_113
1562782_18
1562783_204
1562785_50
776355_41
383140_10
1562790_132
1562792_4
1562793_192
383151_38
1562799_11
1562800_25
1562806_11
1562810_14
1169603_4
1562822_41
1562824_25
1562825_20
1562826_40
1562829_41
1562832_253
1562840_15
1562842_26
1562845_19
1562846_5
1562847_8
1562849_30
1562855_44_failed
1562857_44
1562859_26
1562861_16_failed
1562863_24
1562865_104
1562868_13
776438_44
1562872_7
1562876_15
383229_35
383230_123
1562877_11
383235_112
776453_46
1562885_21
383239_63
383240_38
1562886_571
1562888_19
1562898_0_failed
1562899_107
1562904_0_failed
1562907_126
383260_8
1169693_52
1562919_0_failed
1562922_16
1562923_68
1562924_37
1562925_12
1562926_30
1562930_93
1562931_1
776503_6
1562935_186
1562937_75
1562939_23
1562940_22
1562945_4
1562946_2
1562947_3_failed
1562952_84
1562953_84
1562954_11
1562956_25
1562963_70
1562964_9
1562965_16
1562969_14
1562970_26
1562971_0_failed
1562973_0_failed
776542_15
1562978_38
1562980_25
1562984_115
1562995_18
1562997_10
1169785_241
1563002_68
776573_259
776574_42
1563006_70
1563008_5
1563010_77
1563012_36
1169799_56
1563019_18
1563026_48
776595_31
1563031_7
1563034_148
383391_348
1563042_45
1563058_12
1563064_9
776636_111
1563068_16
1563073_13
1563081_9_failed
1563082_109
1563086_337
1563089_16
1563095_329
1563096_101
383449_17
1563097_83
383451_622
1563098_4
383453_315
383454_251
776668_69
1563100_54
1563102_44
383458_69
1563104_88
1563105_0_failed
383461_5
1563106_65
1563107_66
1563109_15
1563111_64
1563113_41
1563115_4
1563117_388
776687_1788
1563120_0_failed
776689_47
1563123_95
776697_21
1563129_62
1563130_23
776701_34
1563143_22
383496_11
1563144_15
776716_183
1563149_99
1563151_155
776720_6
1563154_0_failed
1563158_220
1169944_43_ue
1563160_104
1563165_18
776735_561
1169952_46
776740_34
1563172_34
776742_8
1563174_29_failed
776744_85
1563178_4
383531_225
1563179_0_failed
383533_1
1563181_11
1563184_40
1563187_128_ue
1169972_11_ue
1563190_76
1563191_46
1563192_169
1563194_20
383547_6
1563196_0_failed
776768_210_ue
776770_58
1563202_0_failed
383556_473
e  465477
1563208_7_failed
776777_148
1563210_33_failed
1563211_7
383566_35
1563219_236
1563220_75
1563223_14
1563225_0_failed
1563226_17
1563227_10
1563228_0_failed
1563230_63
1563232_4_failed
1563235_73
1563246_19
383601_30
1563257_10
1563259_12_failed
1563262_11
1563264_0_failed
1563265_8
383621_6
1563274_56
1563275_0_failed
1563276_20
1563278_24
383631_41
1563284_30_failed
1563287_5
1563289_39
1563290_5
1563292_0_failed
383646_37
1563297_10
1563302_14
1563303_53
1563308_68
1563309_9
e  547502
1563322_20
1563325_32
1563329_56
1563330_17
1563332_49
1563333_13
1170118_36_ue
1563337_13
1563338_0_failed
1563342_27
383695_64
1563344_10
1563345_12
1563346_6
1563348_10
1563350_7
1563351_7
776920_17
1563352_19
1563353_9
1563354_334
1563355_11
1563356_77
1563357_58
1563358_76
1563359_2
1563361_406
1563363_4
1563364_40
1563366_1
1563367_17
1563371_161
383724_97
1170156_25_ue
1563378_8
1563379_18
1563382_8
1563384_38
1563386_59
1563387_49
1563389_4
1563395_92
1563401_21_ue
1170187_23
383758_14
1563409_24_failed
1170194_18_ue
1563410_12
1563411_10
1563412_50
1563413_56
1563415_12
1563417_31
383776_8
1563424_7
1563430_47
1563433_14
1563434_0_failed
1563436_0_failed
1563442_17
1563444_17
1563445_38
1563446_15
1563447_26
1563451_6_failed
1563456_9
1563463_65
1563466_11
1563468_36
383822_74
1563470_4
1563471_72
1563473_24
1563474_2
1563476_13
1563480_133
777050_42
1563487_5
1563490_14
1563492_16
1563494_7
383848_14
1563496_4
1563500_0_failed
1563501_175
1563503_2_failed
1563509_3
1563511_126
1563512_25
1563513_11
1563518_10
383873_7
1563521_39
1563522_36
1563526_21
777096_10
1563534_0_failed
1563537_51
1563539_18
1563543_8
1563545_12
1563546_12_failed
1563556_0_failed
1563558_127
1170349_15_ue
1563565_34
1563567_29
1563571_0_failed
1170358_37
1563578_10
1563583_0_failed
1170369_62
1563589_0_failed
1563591_4
1563592_13
1563593_11
1563599_1
383956_16
1563604_22
383958_80
383959_188
1563611_4
1563617_165
1563621_12
1563623_10
1170408_63
1563626_0_failed
777196_161
1563631_26
383988_74
777208_205
1170425_429
1563640_162
1170427_54
1563641_0_failed
1563642_43
1563644_19_failed
1563648_51
1563650_0_failed
1563651_14
1563652_131_ue
1563653_60_failed
1563655_6_failed
1563660_14
1563662_53
1563663_14
1170449_21
1563666_14
1563671_0_failed
1563672_27
384027_8
1563679_1
1563681_5
1563683_11
1170475_274
1563695_9
1563696_43
1563699_2
1563704_65
1170499_25
1563720_54
1170508_33_ue
1563734_7
1563735_0_failed
e  646233
1563743_237
1563744_56
1563748_1
1563752_11
1563757_11
1563758_6
1563760_0_failed
1563762_3
1563766_183
1563770_67
1563772_18
1563774_13
1563775_92
1563790_7_failed
384146_7
1563794_6
1563795_36
1563797_11
1563800_2
1563811_25
1563817_8
1563818_11
1563819_24
1563832_15
1563843_271
1563844_134
1563847_26
1563855_5
1563859_10_failed
384212_19
1563860_89
1563861_26
1563863_50
1563866_4
1563870_117
1563871_92
1563872_32
1563874_64
1563876_10
777447_14
1563880_8
1563885_7
1563886_14
1563888_34
1563889_6
1563893_16
1563896_6
1563898_6
1563900_26
384253_61
1563902_21
1563905_107
1563906_142
1563919_10_failed
1170709_27
1563925_34
1563927_21
1563928_0_failed
384281_60
1563930_4
1563935_28
1563937_18
1563940_15
1563942_38
1563947_39
1170732_18_ue
1563948_6
1563949_13_failed
1563950_42
1170736_26
e  777520
384306_16
1563951_34
1563956_18
384313_22
1563963_168
1563966_57
1563969_1
1563971_122_failed
1563972_44_failed
777543_21
1563975_19
1563977_0_failed
1563978_21
777547_107
1563984_26
1563987_148
1563992_28
1563993_47
1563994_4
384347_14
1564001_7
1564006_3
1564007_4
1564010_37
1564011_7
1564012_176
1564014_0_failed
1564015_12
1564016_2
1564017_25
384374_28
1564023_3
1170810_35_ue
1564028_12
777597_25
1170814_143_ue
1564031_0_failed
1564035_149
1564036_14
1564038_46
777612_20
1564046_0_failed
1564050_0_failed
1564060_58
384424_3
1564072_116
1564075_40
1564077_8
1564082_13
1564084_2
1564086_3
1564090_0_failed
777662_5
1564094_5
1564098_65
1564104_15
1564105_4
1564110_26
1564113_10
1564114_0_failed
1564116_16
1564118_27
1564119_6
1564124_19
1564126_2
1564128_24
1564134_10
1564135_8
1564139_50
1170924_28_ue
1564140_31
1170926_504
384495_6
1564141_5
1564142_1
1564143_0_failed
1564145_19
384500_21
1564147_9
1564149_8
1564150_62
1564154_13
1564161_19
384514_19
1564163_6
1170951_191
1564172_13
1564174_10
1564176_5
384528_60
1564185_1
1564188_11
1564190_46
1564191_153
1564192_29
1170977_23_ue
1564194_36
1564204_12
1564205_2
1564207_0_failed
384560_22
1564208_4
1564213_3
1564214_157
1564215_3
1564216_791
1564217_8
777786_591
1564219_24
1564220_6
1564222_1
1564225_88
777795_16
1564227_0_failed
1564231_16
1564232_3
1564233_3
1564234_0_failed
1564235_8
384589_18
1564238_4
1564239_12
777810_40
1564242_16
384596_9
1564245_0_failed
1564257_4
1564258_0_failed
1564260_162
1564261_3
384618_20
1564266_18
1564267_4
1564274_26
1564279_0_failed
1564281_1
1564283_20_failed
1564289_4
1171079_17
1564296_4
1564297_18
1564298_21
1564300_41
1564301_0_failed
1564302_3
1564304_4
1564305_341
1171090_8_ue
1564309_3
1564310_6
1564314_2
1564315_11
1564318_0_failed
1564320_46
1564322_50
1564324_8
1171109_121_ue
1564327_222
1564331_6
1564332_58
1564333_3_failed
1564335_7
777907_27
1564340_15
1564346_0_failed
1564347_8
384701_38
1564350_7
1564351_65
1564358_7
1564359_8
1171147_84
1564365_17
1564366_38
1564370_36_failed
1564371_21_failed
1564375_11
1564376_6
1564379_83
1564389_28
1564396_10
1564398_0_failed
1564400_41
777971_12
1564404_74
1564405_124
1564407_26
1564408_0_failed
1564409_7
777985_106
1564418_25
1564426_11_failed
777995_34
1564428_7
384781_115
1564432_28
1564436_32
778009_14
1564446_14
1564447_72_ue
384800_43
384801_49
384805_137
1171238_7_ue
1564453_85_failed
1564455_108
778027_14
778029_623
1564463_1_failed
1564465_6
1564466_136_failed
1564467_56
1564479_28
1564484_2
1564487_85_failed
1171275_29_ue
778059_371
1171281_33_ue
778066_63
778069_74
1564515_60
1564520_2
1564523_75
1564526_17
1564529_8
1564531_6
384884_20
1564532_21
1564535_202
1171322_49_ue
778106_127
778110_24
384896_47
1564545_77
1564546_88
1564547_75
1564549_114
384902_109
1564552_11
1564563_11
1564564_0_failed
1564566_6
1171355_55_ue
1564572_17
384925_10
1564573_252
1564581_5
1564582_75
1564586_39
1564587_15
384941_22
1564589_8
384947_55
1564596_27
1564602_15
1564603_4
1171388_191_ue
1171393_34_ue
384976_43
1171410_7_ue
778194_57
778195_25
1564632_14
1564635_154
778209_36
1564642_13
1564655_56
778227_175
778228_55
1171458_12
778243_147
1564675_8
1564676_19
1171462_34
1564681_7
1564683_52
1564692_80
1564693_11
1564698_0_failed
1564711_7
1564717_83
1564718_7
1564722_0_failed
1564723_0_failed
1564724_48
1564726_5
385082_60
1564732_276
1564733_188
1564734_5
1564736_5
1564737_122
1564738_200
1564740_17
1564747_0_failed
1564748_0_failed
778318_12
1171535_90_ue
1564758_0_failed
1564760_0_failed
1564762_0_failed
1564763_0_failed
1171556_21
778342_14
778343_138
1564780_0_failed
1564781_0_failed
1564782_7_failed
1564784_0_failed
778355_88
1564793_68_failed
1564794_0_failed
385147_37
1564795_53_failed
385152_9
1564801_0_failed
1564805_0_failed
385171_21
385173_4
1171609_37
1564825_0_failed
1564830_2_failed
385183_142
1564836_0_failed
1564837_0_failed
1564856_0_failed
385212_62
1564861_32_failed
385214_3
778437_329
385223_66
1564872_97_failed
1564874_29_failed
1564882_0_failed
778454_8
1564886_1_failed
1171678_28_ue
778464_35
385253_2
385254_17
1564905_0_failed
1171691_6_ue
778476_68
1564914_0_failed
385271_32
385272_95
1171719_80
1564941_0_failed
1564942_8_failed
1171731_4
1171734_151_ue
778518_393
1171745_105
e  172333
1564981_148
1564982_13
1564987_16
1564990_41
1564991_60
1564994_68
778563_56
1564996_9
385351_51
778567_278
778568_10
1171786_30
1565002_81
1565003_5
1565005_7
1565008_15
1565011_9
1565012_42
1565013_3
1565014_20
1565015_10
1565017_27
1565020_22
1565024_6
1565025_14
1171811_10
1565028_15
385383_90
1565031_67
1565034_330
1565035_4
1171830_16_ue
1565047_8
1171832_40
1171833_8
1565049_19_failed
1565052_92
1565053_18
385409_30
1565068_19
1565071_55
1565073_14
1565077_56
1565081_95
385435_152
1171868_12
1565085_45
1565086_0_failed
1565088_33
1565089_41
1565091_44
1565093_26
1565095_32
1565097_0_failed
1565098_77
778667_17
1565099_26
1565100_4
1565101_16
1565103_241
1565113_16_failed
1565116_42
1565117_150
385470_2
1565122_148
1171910_32_ue
1565127_5_failed
778699_263
1565135_50
1171920_26_ue
1565140_0_failed
385493_7
1171926_7_ue
1565141_0_failed
1565143_120
1171929_55_ue
1565145_50
1565148_10
1171935_28
1171936_44
1565152_32
1171938_9_ue
778721_7
385508_62
1565156_13
385513_477
1171948_5_ue
385517_44
1565166_111
1565168_105
1565169_89
778738_48
1565171_32
1565172_10
778741_57
1565173_15
1565174_0_failed
1565177_0_failed
1565179_33
1565180_40
1565182_27
778751_112
1565183_23
1565187_0_failed
1565188_11
1565190_0_failed
1565200_0_failed
1565202_67
1565203_61
778774_1
1565206_90
1565207_38
1565209_6
1565210_23
385564_6
778781_15
1565215_104
1565217_42
1565218_0_failed
1565219_24
1565227_74
1565230_27
1565232_27
1565234_18
1565236_11
1565237_26
1565238_93
1565240_12
1565241_3
385595_42
1565251_8
1565253_7
1565254_5
1565256_5
1565260_24
1172045_2_ue
1565262_89
1565264_24
1172053_76_ue
1565270_13
1565271_0_failed
778842_12
1172059_26_ue
385628_53
1565276_15
1565279_37
1565281_0_failed
778853_29
385638_5
1565285_0_failed
1565286_25
1565287_6
1565288_53
1565290_26
1565293_0_failed
1565298_15
1565299_13
1565304_0_failed
1172089_16
1565306_23
1565307_13
1565310_0_failed
1565313_16
1565315_231
1565316_55
1565318_6
1565320_0_failed
1565323_5
1565324_14
1565326_24
1565330_54
1565331_243
1565333_2
1565336_0_failed
1565337_26
1565343_169
778912_71
1565345_148
385699_65
1565350_70_failed
1565352_0_failed
385705_8
1565354_38
1565355_2
778924_43
1172143_8_ue
1565359_28
1565360_8_failed
1565362_15
1565367_0_failed
1565369_34
778938_29
1565371_32
1565377_23
1565380_25
1565382_68
1565387_0_failed
1565389_4
385743_19
1565392_1
1565394_41
385750_13
1565398_45
1565400_4
385753_2
1565401_0_failed
1565402_152_ue
1565403_21
1565404_0_failed
778973_54
1565411_0_failed
1172197_7_ue
1565414_22
1565418_66
1172203_39_ue
1565421_160
1565422_64
385775_39
385776_15
1565427_3
1565428_0_failed
1565437_0_failed
1565441_10
1565442_71
1565443_114
1565446_1
1565447_1
1565448_174_failed
1565449_19
1565450_2
1565451_0_failed
1565452_640
1565453_19
1565455_5
1172244_81_ue
779028_11
1565463_257
1565465_57_failed
385818_20
1565467_32_failed
1565468_15
1565473_13
1565474_19_ue
1565475_34
385831_29
385839_22
1565489_64
1565495_37
1565497_30
1565498_4
1565506_88
1565509_89
385862_32
385867_47
1565516_14
1565518_9
385873_110
385874_56
1565521_9
1565525_25
1565526_0_failed
1565529_2
1565533_16
385892_30
1565546_34
385901_22
1565549_4
1172337_18_ue
1565556_214
1172341_8_ue
779131_13
779134_15
779136_112
1565569_4
1565570_31
1565574_29
1565575_63
779144_17
1565576_185
1565577_95
1565578_0_failed
1565579_21
1565580_8
1565581_115
1565582_1_failed
779152_13
1565584_15
779155_20
385942_8
385943_216
1172376_160
1565595_3
385949_70
1565597_70
1565600_75
1565602_8
1565605_66
779178_21
1565617_19
779188_60
385973_18
1565620_2_failed
1565624_13
1565627_7
385980_14
1565628_74
1565629_160
1565630_4
1565632_12
1565636_113
1565637_39
1565638_12
1172423_50
1565639_11
1565640_0_failed
1565641_18
1565642_11
385996_8
1565652_0_failed
1565653_21_ue
1565659_43
1565660_0_failed
386013_11
386016_18
1565666_0_failed
1565667_23_failed
1565670_50
386026_115
1565682_2
1565684_11
1565687_6
1565688_21
1565689_19
1565690_285
1565691_0_failed
779262_261
1565700_0_failed
1565701_5_failed
1565706_40_failed
1172492_26_ue
1565710_5
1565711_17
1172497_11
1565714_3
779287_15
1565723_5
1565725_0_failed
779294_471
386079_13
1565726_35
1565730_0_failed
1565731_40_failed
386086_13
1565735_36_ue
1565737_5
1565738_0_failed
1565744_23
386100_2
1565748_35
1565751_16
1565753_2
1565755_51
1565759_100
1565760_47
386113_47
1565762_29
1172549_58_ue
1565765_0_failed
1565768_165
1565770_0_failed
1565771_3
1565773_69
1565774_11
1172559_8
1565777_5
386132_50
1565782_3_failed
1565786_5
1565787_28
1565788_71
1565789_25
1565790_0_failed
1565800_0_failed
1565801_125
1565802_0_failed
1565805_57
1565812_73
1565813_59
1172599_46
1565815_42
1565819_23
1565820_86
1565826_0_failed
1172613_3
1565833_22
1565834_39_failed
779403_232
1565836_21
1565840_34
779413_234
1565847_0_failed
1565851_13
1565852_215
1565853_0_failed
1172638_9
1565854_43
1565856_12
1565861_30_failed
1565862_0_failed
1565865_62
1565867_0_failed
1565872_6
1565873_4
1565876_10
1565877_8
1565879_29
1565881_44
779455_23
1565889_7
1565890_83
1565892_54
1172677_8_ue
1565896_0_failed
1565897_18
1565899_1
779468_36
386254_9
1565902_17
1565904_228
779474_8
1565908_88
1565912_15
779481_61
779482_64
1565913_18
779485_22
1565921_0_failed
1565923_0_failed
1565928_127
779497_12
1565930_71
1565931_49
386285_459
1565933_0_failed
1565936_0_failed
1565937_137
1565940_32
386293_174
1565943_0_failed
1172728_54_ue
1565948_71
779518_9
1565953_47
1172738_15_ue
779522_169
1565956_0_failed
1172741_10_ue
1565957_35
779526_190
779528_101
1565963_65
1565965_60
1565966_17
1565972_0_failed
779541_13
1565974_49
1172762_14_ue
spider_66rpg_gamebin_last.py:61: DeprecationWarning: invalid escape sequence '\'
  mapbinUTF8 = base64.b16decode(mapbinHex.encode()).decode('unicode_escape')#('UTF-8')
779547_132_ue
1565980_68
1565982_17
1565986_7
1172772_33
1565990_5
1565993_0_failed
1172778_25_ue
386347_41
1565996_54
1565998_57
1565999_0_failed
1566000_0_failed
1172786_19_ue
1566002_10
1172788_25
1566004_11
1566007_4_failed
386360_18
386361_5
1566009_260
1566012_37
1566017_3
1566019_17
1566022_19
1566024_51
386377_119
386379_5
1566029_28
386382_52
1566030_10
1566031_5
386387_20
1566037_19_failed
1566038_2_failed
386391_9
1566039_26
1566040_11
1566041_1
1566046_0_failed
386400_51
386405_120
1566053_6
1566055_3
1566057_15
1566059_39_ue
1566062_11_failed
779632_79
386422_103
1566070_0_failed
1566074_3
1566076_5
1566077_1
1566087_5
386440_102
1566090_0_failed
1566096_95
779672_74
1566106_31
1566111_4
779680_139
386465_91
1566113_58_failed
1566114_263
1566117_42
1566120_12
1566121_91
1566126_169
1566127_140
1566132_47
1566134_29_failed
1566139_10
779709_105
1566142_30
1566147_19_failed
1566148_7
1566149_10_failed
386507_278
1566164_9
1172951_10
1566173_11_failed
1566174_36
1566178_0_failed
1566179_21
1566180_8
1566181_120
1566186_52
1566189_28
1566197_1
386552_37
1566204_0_failed
1172990_25
1172991_35_ue
1566211_128
386566_408
1566215_71
1566220_0_failed
1566221_41
1566224_6
1566225_64
1566226_38
1566231_80
1566232_67
1173017_10_ue
1566233_3_failed
1566234_35
1566235_14
1566236_0_failed
1566237_47
1566239_86
386599_10
1566249_26
1566251_2
1566252_103
1566253_5
1566255_7
1566256_7
1566258_72
386615_95
779834_156
1566267_84
1566268_18
1566271_15
1173058_16_ue
1173059_14_ue
1566278_30
1566281_68
1566284_0_failed
1566286_42
1566287_8_failed
386640_148
1566290_5
1566297_0_failed
1566298_57
386652_7
1566300_8
386657_61
1566311_49
1566312_0_failed
1566316_0_failed
1566317_5_failed
1566319_335
1566320_24_failed
1566321_47
1566322_21
1566323_8
779900_174
1566333_0_failed
1566335_1
1173121_11
1566349_31_failed
1566351_13
1566353_2_failed
779922_16
1566357_4
1566358_94_failed
386713_31
386715_38
1566364_7
1566365_30_failed
1566366_0_failed
1566367_9
1566369_19
1566374_13
386729_59
1173161_56
1173162_15
1566378_7
1566380_21
1566381_7
1566382_58
386736_10
779955_35
386742_34
1173176_14_ue
386746_65
386747_55
386750_7
1566399_50_ue
779968_24
1566401_43
386754_45
1173187_78
1566404_5
1566407_8
1566414_55
1566418_33
386772_76
1566422_16
1566423_16
386777_71
1566425_26
1173212_130
386781_124
1566429_9_failed
1566432_12
386788_35
1566436_11
386791_19
386794_11
1566442_21
1566446_12
1566452_0_failed
1566461_50_ue
1566476_4_failed
386829_47
1173262_54_ue
1566478_18
1566480_33
1566482_77
1566483_7
1566487_7
1566489_2
1566490_5_failed
1173275_11_ue
780060_13
1566493_50
1566494_18
386852_1
1566506_98
1566512_4
1566519_0_failed
1566525_0_failed
1566527_80
1566529_5
1566533_24
1566534_11
1566535_0_failed
1566536_30
1566539_126
1566542_42
1566549_15
1566551_21
1566552_155
1566554_4
780124_62
1566557_31
386914_58
1566562_40
1566566_34_failed
1566569_42_failed
1566570_0_failed
386923_79
1566571_31
1566574_0_failed
1173360_68_ue
1173362_116
1566580_0_failed
1173366_37_ue
1566582_19
1566595_35
1173383_15_ue
386955_120
1566605_0_failed
1566606_13
1566612_0_failed
1566613_15
386968_8
1173405_25
1566625_10
1566629_93
1566632_0_failed
1566640_15
1566642_12
1566645_16
387002_42
1566650_34
1566651_17_ue
1566653_0_failed
1566654_0_failed
1566655_51
1566659_0_failed
387013_41
1566661_13
1566662_35
387016_141
1566664_16
1566669_22
1566671_52_ue
1566672_4
1566673_5
387026_1
1566674_0_failed
1566676_0_failed
1566678_6
387033_15
1566683_3_failed
1173473_13_ue
1173474_68
387043_139
1566692_4
1566693_11
1566694_0_failed
1173479_16
1566695_14
1566698_28
1566699_54
1566700_46
1566704_0_failed
1566705_18
1566706_68
387060_77
1566715_28
1173503_102
780288_58
1566727_0_failed
1566728_22
1566730_20
1566731_0_failed
387084_4
1566736_16
1566743_31
1566748_0_failed
1173534_28
1566751_102
1566753_18
1566754_52_ue
1566756_6
1173541_5
1566758_0_failed
1566759_81
1566764_0_failed
1566765_50_ue
1566766_45_failed
1566767_49
e  960564
1566775_4_failed
387133_544
1566787_26
1566792_0_failed
1566793_7
1566797_7
1566802_34
387160_54
1566808_25
780378_11
1566811_248
1566819_3
1173607_83
1566823_18
1566826_10
1566830_0_failed
1566831_46
1173619_25
1173624_111
1566846_7
e  1091714
e  1091715
e  1091716
e  1091717
e  1091718
e  1091719
e  1091720
e  1091721
e  1091722
e  1091723
1566857_0_failed
e  1091725
e  1091726
1566860_0_failed
1566870_0_failed
1566873_12
387229_4
1566881_29
1566893_43
1173681_72
387250_516
1566897_40
387252_5
1566898_2
1566902_104
1566903_0_failed
1173693_25_ue
1566910_58
1566911_11
1566916_2
1173705_112
1566921_8
1566922_15
1173710_3
1566930_5_failed
1173716_266
387288_14
1173734_24
1566951_32
1566954_36
387308_37
1566957_6
1566958_7
387312_4
1566962_7
1566965_17
387318_109
1566966_10
387321_312
387326_66
1566974_15
1566977_0_failed
1566980_29
1566981_53_ue
1566982_26
1566983_18
1566984_129
1566986_36
1566988_10
1566989_15
1566990_7
1566991_59
1566992_47
1566994_3
1566995_7
1173782_40
1567000_10
1567010_3_failed
1173795_58
1173796_86
1567016_49
1567017_74
1567018_32
1567020_63
1567021_22_failed
1173807_65_ue
1567023_31
1173809_73
1567025_32
1567031_8
1173821_40_ue
1567037_8
1567038_17
1567040_100
1567041_7
1567042_2
387396_14
1567045_76
1567049_144
1567050_42_failed
1567059_12_failed
387413_23
1567061_201
1567064_104_failed
1567065_37_failed
1567072_1_failed
1567073_24
1173858_189
1567076_38_failed
387429_26
1567078_0_failed
1567083_7_failed
387436_3
1173868_62
1567085_21
387439_7
1567086_16
1173873_63
1173875_8_ue
1567092_37
1567096_4
387450_22
387452_2
1567105_53
1173891_67_ue
1567111_16
1567114_32
1173899_47_ue
1567115_8
1567118_18
780687_23
1567124_14
1567129_0_failed
1567130_26
1567131_9
1567132_3
1567136_9
1567137_4
387491_12
1567140_12
1567142_22
387497_44
1567147_21
1567149_119
1567152_33
780721_569
1567154_0_failed
1173941_17
1567158_23
387512_63
1567160_23
1567162_37
387520_300
1567168_16
1567170_5
1567172_4
1567173_0_failed
1567174_24
1567175_16
1567176_0_failed
387532_14
387536_166
1567184_149
780755_72
1173972_19_ue
1567188_4
387545_29
1567197_83
1567198_105
1567200_0_failed
1567201_26
1567204_3
1567205_5
1567207_0_failed
1567208_0_failed
1567209_10
1567210_8_failed
1567211_46
1567212_4
387569_78
1174001_25
387572_52
1567226_0_failed
1174013_12
1567233_17
387588_50
387589_10
1567239_165
1567240_8
1567243_8
1567244_13
e  1485327
e  1485328
e  1485329
1567247_29
387603_27
e  1485331
e  1485332
e  1485334
e  1485335
e  1485336
e  1485337
e  944666
1567250_4
1567255_87
1567256_6
1567260_17
1567261_96
1567264_102
e  944673
1174053_33
780837_7
387623_400
1174056_7_ue
1567277_23
1174062_7
1567283_6_failed
1567288_19
1567291_18
1567292_42_ue
1174077_19
1567302_25
1567310_106
1567311_19
387665_311
1567314_5
1567316_1
1567317_0_failed
1567318_41_failed
1567319_181_failed
1567321_7
387674_237
1567326_96
1567327_0_failed
1567328_16
1567330_230
1567332_201
387685_90
1567340_2
1567347_70
1567348_17
1174134_57_ue
1567351_0_failed
387704_74
387710_305
1567362_5
1567366_55
780937_1
1174155_15_ue
1567372_79
1567373_5
1567375_4
1567380_0_failed
1174165_40_ue
1567381_0_failed
1567388_42
780958_68
1567393_51
1567394_0_failed
780964_26
1567397_32
780972_69
1567405_18_failed
1567406_0_failed
1567408_15
1567409_33
1174194_16_ue
387763_63
1174195_263
1174197_11
1567410_23
1174199_348
1567412_9
1567415_19
387770_277
1567418_21
1567419_91
1567420_79
1567423_10
387777_12
1567435_82
1567436_78
1567441_0_failed
1567445_71
1567448_17
1567456_28_failed
1567461_157
1567464_0_failed
1567465_27
781037_129
1567469_78
1567473_61_failed
781043_7
781048_4
1567480_85
1174268_182
1567485_8
1174270_36
1567487_7
1567489_57
1567490_0_failed
1567493_24_failed
1174278_380
1567495_29
1567496_0_failed
1567498_59
1567504_0_failed
1567511_0_failed
1567519_24
1567520_10
1567522_5_failed
1174307_243
1567523_80
1567526_3
1567527_56
1567528_63
1567532_8_failed
387893_20
1567544_0_failed
1567546_28
1567551_8
1567552_75
1567554_108
1567558_26_failed
1567559_0_failed
1567566_0_failed
1567568_31
1567569_21
1567583_0_failed
1567590_0_failed
1567593_94
1567597_0_failed
1567600_55
1567602_136
1174387_17_ue
1567604_0_failed
1174391_70_ue
1567610_23
1567613_0_failed
1567615_35
1567617_32
387971_147
1567619_24
1567621_48
387977_75
1567625_40
387981_29
1174416_37_ue
387991_114
781208_25
388002_137
1567650_0_failed
1174438_20_ue
388008_11
1567657_35
1567660_0_failed
1567663_24
1567665_49
1567672_33
1174458_25_ue
781246_70
1567681_26_failed
388036_13
1567684_4
1567686_9_failed
1567687_37_failed
1567690_49
388045_47
388050_63
1567699_0_failed
1567700_0_failed
1567702_12
1567707_311
781276_85
781277_164
1174495_108_ue
1567717_23
1567719_3
1567720_6
1567721_0_failed
1567725_3
1567726_12
1567729_63
1567730_82
1567731_76
1567732_6
1567735_28
1174529_27_ue
1567745_31
1567747_3
781317_15
1567754_0_failed
1567755_0_failed
781324_20
1567757_18
1567760_42
1567761_52
388115_32
1567764_61
1567765_10
1567766_9
1567768_10
1567777_175
1567778_45
1567782_0_failed
1567784_146
1567785_39
1567788_60
1567790_7
1567793_175
1567797_91
1174582_65
1567801_9
1567805_50
1174595_64
1567812_0_failed
1567813_33
1567814_24
1567817_70
1567825_61
1567830_0_failed
1567831_0_failed
1567832_4_failed
1567833_20_failed
1174619_12_ue
1567837_21
1567840_7
1567842_4
781412_169
1567845_94
1174640_37_ue
1567863_0_failed
1567864_94
388221_6
1567874_11
1567875_185_failed
1567878_25
1567880_34
1567881_0_failed
1567882_0_failed
1567883_141
1567885_0_failed
1567887_16
1567888_54
388241_29
1567889_0_failed
1567893_184
1567894_31
1567899_82
1567902_0_failed
1567910_3_failed
1567912_0_failed
1567915_49
781485_27
1567917_30
1567921_22
1567922_4
1567923_33
1567925_133_ue
1567926_65
1567929_1261_failed
388282_4
1174714_29_ue
1174718_15_ue
1567937_5
1567940_0_failed
781509_265
1567943_145
1174728_9
1567948_122
1567950_0_failed
1567951_18
1567952_33
1174739_57
1567955_65
1567962_24
388320_81
781536_22
1567969_49
1567973_28_failed
1567974_94
388327_9
1567976_31
1567978_9
e  814315
1567979_4
e  814317
1567980_36
1567982_15
1567984_76
781557_8
1567999_88
1568003_11
1568005_1
1568006_28
1568008_112
1174793_228
1568012_60
1568014_16
1568018_22
1568019_279
1568032_6
1568034_47
1568038_119
1568040_6_failed
388395_3
1568044_96
1568046_106
1568050_75
781625_83
1568060_0_failed
1568061_0_failed
388415_8
1568065_41
1568067_18
1568069_0_failed
1568072_12
1568073_5
1568076_0_failed
1568078_6
781648_20
1568085_13
1174871_26
388441_29
1568091_17_ue
781666_109
1568098_0_failed
1568101_10
1568108_55
1568109_9
1568111_29_failed
1568117_0_failed
781687_12
1568119_35
388475_56
1568123_344
1568124_0_failed
1568126_15
1568128_23_failed
1568129_41
1568131_0_failed
1568132_7
388487_70
1568135_2
781705_385
1568140_2_failed
1568143_40
1568144_11
1568145_0_failed
1568146_150
1568147_26
1568156_14
e  683423
e  683424
e  683425
e  683426
e  683427
e  683428
1568159_36
e  683430
e  683431
1568166_19
e  683433
1568168_102
1568175_0_failed
388530_17
1568180_11_failed
781751_209
1568185_374
388541_7
781759_4
1174976_55
1568199_205
781769_12
1568202_29
1568206_50
388562_13
1568211_47
1568216_9
1568218_7
1568219_60
1568220_3
781793_205
1568226_9
781795_858
1568234_20_failed
1568235_16
1568240_0_failed
1568242_3
1175029_16
1568245_12
1175031_8_ue
1175036_60_ue
388606_26
1568260_1
1568263_25
1568264_40
1568265_20
1175051_44
1568268_83
781837_107
1568270_7
1568271_35
1568281_40_failed
1568290_40
1568295_0_failed
1568296_55
1175089_20_ue
1175094_23
1175096_174
781880_4
1568313_8
1568316_72
781885_13
1568317_7
1568319_33_failed
1568327_126
781897_16
1568333_28
388690_164
781907_58
388692_113
1175125_37_ue
1568342_0_failed
1568343_15
1568355_26
1568357_35
1175143_22_ue
1568359_90
1568361_101
1568363_42
1568364_6
1568366_1
1568368_25
1568369_0_failed
1175157_43_ue
1568373_8
1568375_169
1568378_26
1568379_63
1568380_250
1568381_28
1568382_15
1175167_3
1568386_91
1568388_84
388752_3
1568404_18
1568408_46
1568410_0_failed
1175196_36
781982_16
1568415_5
1568416_15_failed
1568421_22_failed
1568423_24
1568424_7
1568430_6
1568434_1
1568436_34
1568438_22
1568444_0_failed
1568453_66
1568454_6
1175240_43_ue
1568459_28
1568469_12
1568470_0_failed
1568471_0_failed
1568474_0_failed
388827_1
1568475_50
1568476_12
1175263_9_ue
1568479_5_failed
1568482_76
1568485_82
1568486_66
1568487_15
1175273_4
388844_8
1568496_0_failed
1175284_60_ue
388857_2
388861_18
e  1175302
e  1568521
1568522_12
782092_19
1568524_19
1175310_46_ue
1568530_10
1568536_19
1568539_7
1568541_24
1568544_0_failed
1568546_51
782120_67
1175337_12_ue
388906_69
1175342_35_ue
388912_20
1175347_28_ue
1568566_192
1175351_12
1568568_33
782138_58
1568571_14
782141_26
1568574_24
1568575_2
782144_29
1568579_2
782150_103
1568584_162
1568585_8
388940_7
1568593_31_failed
1568596_0_failed
1175381_4_ue
1568601_20
1175386_37_ue
1568603_9
1175388_59
1568605_254
1175390_17_ue
388959_383
782175_28
1568613_8
1568616_71
1568617_51_ue
1568621_75
1568624_26
1568630_128
1568631_135
1568634_34_failed
1568636_2_failed
1568639_8
1568642_42
1568649_149
782218_50
1568653_5
1568654_28
1568655_6
1568659_107
1175448_66_ue
1568665_15_failed
389018_12
1568669_4
1568672_2
782242_165
1568675_75
1568683_21
782252_27
1175472_19_ue
1568692_19
1568693_80_failed
389046_48
1568698_14
782267_50
1568701_101
782270_19
1568703_24
1568704_95
389058_151
782274_33
782275_44
1568709_0_failed
1568710_19_failed
1175495_20
1568713_7
1568714_11
1568717_0_failed
1175503_18_ue
1568719_39
1568722_2
1568723_41
389076_17
1175508_12_ue
1568724_0_failed
1568727_23
389081_98
389082_12
1568729_1_failed
1568733_22
1568734_18
1175519_67_ue
1568735_87_failed
782306_96
389091_995
1175526_6_ue
1568742_8
1568743_0_failed
1568745_7
1568748_0_failed
389103_26
1568751_71
1568752_0_failed
1568756_71
389110_96
1568758_0_failed
1568762_143
1568763_5_failed
1568766_24
782335_94
1568772_6
1568776_89
389129_17
1568777_0_failed
389132_92
1568781_42_failed
1568782_23
1568783_49
1175576_12
1568792_19
1175581_11
1568797_10
1568798_9
1568799_5
1568800_0_failed
1568804_0_failed
389157_32
1568806_7
1568808_44
389161_93
1568809_123_failed
1568810_0_failed
782382_12
1568815_6
1568822_78
782393_20
1175610_97
1568826_87
1568829_42
1568842_32
1175628_18_ue
1568849_10
389206_5
1568854_28
1568856_1711
1568857_191
1568865_325
1568866_20
389219_26
1568867_3
1175653_377
1568868_66
1568870_10
389224_79
1568874_32
1568875_19
1568876_0_failed
389229_80
782448_5
782450_10
1568882_86
1568888_0_failed
389242_68
389245_189
1568895_19
389248_8
1568896_28
1568901_25
1568904_8
1568908_44
1175694_49_ue
1568911_21
1568915_15
1568916_0_failed
1568917_22
1568918_74
1568919_17
1568922_21
1568923_10_failed
782493_16
1568927_15
1568929_16
1568930_115
1568933_115_failed
1175719_31_ue
1568937_1
1568946_0_failed
1568951_0_failed
1568956_4_failed
1568957_0_failed
782527_66
389317_29
1568966_0_failed
1568967_12_failed
1568969_67
1568970_17
1175755_5
782539_13
1568974_0_failed
1175764_62_ue
1568982_30
1568983_138_failed
1568984_46
1568985_13_failed
1568989_77
1175775_9_ue
1568995_6
1568997_0_failed
1569003_4
1569004_0_failed
1569007_28
1569009_19
1569013_0_failed
1569017_0_failed
1569019_20
1569020_13
1175805_19_ue
1175806_29
1569021_5
1569026_4
782596_12
1569039_11
1569041_0_failed
1175829_103_ue
1569047_3
1175832_62
782617_128
1569053_25
1569055_54
1569057_1
782629_4
1569066_81
1569070_11
1175856_11_ue
389426_171
1569074_26
1175860_62_ue
1569076_65
389431_6
1175864_32
1569082_62_failed
1569083_29
389437_15
1569091_16
1175877_62
1569094_31
1569095_31
1569101_5
1569102_6
782671_173
1569103_10
1569105_21
1569108_0_failed
1569113_141
782686_33
1175906_15_ue
1569122_113
1569124_1
1569125_118_ue
1569128_2
1175916_38_ue
1569133_50
1569134_197
1569135_33
1175925_5
1569144_113
1569145_75
1569147_35
1569149_8
1569150_27_failed
1569151_262
1175936_33_ue
1569154_15
1569155_22
1569157_7
1569160_2
1569164_28
1569165_0_failed
1569168_55
1569170_0_failed
1569171_0_failed
1569173_54
1175964_12_ue
1569183_27
1569185_0_failed
389538_14
1175971_22_ue
1569187_17
1569196_29
1569198_115
1569200_49
1569202_47
1569203_105
782772_74
389558_54
782780_6
1569212_9
782782_39
1569224_75
1569225_0_failed
1569227_6
389580_154
1176012_93
1569228_33
1569231_4
782804_155
1569238_10
1569240_10
1569241_30
1569242_8
1176027_59
1569243_187
1176029_10
1176030_36
1569244_223
1569247_656
1176035_38_ue
1569252_37
1569259_159
1176045_45
389615_24
1176047_11_ue
1569266_105
1569273_47
1569276_9
1569277_2
1569279_0_failed
1569283_21
1569285_3
1569287_35
1569288_77
1569289_94_ue
1569296_38
1569299_23
1176084_8
1569304_4
1176089_123
1569305_135
1569307_71
1569310_17
1569316_171
1569317_4
1176102_83_ue
1569320_155
782889_10
1569321_7
1176107_34_ue
1569328_5
1569329_48
1176114_304
1569333_20
1569335_4
1569336_46
1569338_0_failed
1569340_65_ue
1569348_57
1176134_38_ue
1569351_60
1176140_14
1569358_1
1569361_145
1569369_85
782938_190
782941_169
1569375_19
389735_375
1569384_0_failed
1569386_9
1569387_11
1569390_10
1569393_98
1569394_23
1569395_1
1569396_303
1176184_12
1569401_20
1569403_47_ue
782975_51
389761_12
782984_198
1176201_66_ue
1569416_101
1569419_80
782992_9
1569424_0_failed
1569427_33_failed
389780_40
1569429_66
783000_64
1569435_125
1569440_43
389799_7
389800_9
783016_19
389802_10
1569448_0_failed
1569452_42
783023_24
389810_47
1569459_89
783043_65
1569475_64_ue
1569476_0_failed
1569479_7
1569480_77_ue
1569484_16_failed
389838_3
389841_9
1569492_21
1569493_58
1569497_112
1569504_34
1569506_28
1569507_23
1569512_45
1569519_50
1569521_0_failed
1569523_137
1569524_16
1176309_69
1569525_6
1569526_0_failed
1569527_4
1569529_23
1569533_40
1569538_24
1569539_17
1569542_139
1569544_4
1569549_129
1569550_207
1569551_33
1569560_35
1569566_48
1176351_154
783144_21
1569577_115
1569588_76
1569590_57
1569592_7
1569598_18_failed
1569599_0_failed
1569600_0_failed
1569605_77
1569607_3
1569608_25
1569614_108
1569619_12_failed
1569623_91
1176408_38
1569626_67
389979_10
1569638_43
1569641_121
783216_301
1569648_0_failed
1569651_0_failed
1569652_34
1569653_13
1569656_97
390009_24
1569662_36
390019_74
1569668_10
1569671_11
390028_3
1176460_3
1569676_40
783246_86
783248_49
390033_156
1176467_21_ue
1569687_46
1569689_123
1569699_155
1569703_36
783275_55
1176501_7
783288_9
1569720_94
1569721_312
1569724_62
1569725_34
1569727_20_failed
390080_63
1569729_10
1569730_17
1569732_94
390085_8
1569739_72
390093_12
1176528_8_ue
1569749_215
783323_18
1569757_0_failed
1569758_45
1569759_129
1569760_95
390115_5
390122_19
783338_46
783349_35
783360_119
1569794_14
1176579_5_ue
1569796_72
783365_33
1569799_28
1569824_16
1569827_66
1176612_52
390181_267
783400_21
783403_34
1176621_14_ue
783412_6
1569849_5
1569853_0_failed
1569854_29
1569860_270
783430_88
1569863_498_failed
1569879_85
390240_5
1569893_0_failed
390246_8
1569899_27
390259_55
1569908_22
390261_13
390262_64
390267_45
390270_75
1176705_227
1569922_15
1569923_16_ue
390279_8
1569936_29
1569942_76
783513_37
1176742_22
1569962_50
783531_126
1569963_26
1176746_40_ue
1176747_26_ue
1176751_35_ue
390321_48
783538_767
1569971_11
e  275639
390328_145
1569977_18
1569979_42_failed
390332_97
1570003_106
390358_11
1570007_19
390363_24
1570015_35
783586_128
783590_12
783594_218
1570027_0_failed
1570028_60
1570030_113
1570032_34
1570036_0_failed
1176823_33_ue
390396_22
1570045_2_failed
1570048_0_failed
1570049_21_failed
1570051_42
390406_15
1570057_37
1176841_17_ue
783627_19
1570059_54
390411_10
1176844_28_ue
1176846_116_ue
1570064_138
1570066_0_failed
1176851_51_ue
390425_50
1176864_55
1570080_63
1176866_172
390436_64
1570089_6
1570093_12_failed
1176878_18_ue
1570097_4
1176885_28_ue
1570101_182
1570104_78
1570106_6
1570108_6
1570111_47
1570112_170
1176899_31
390471_4
390475_468
783698_97
390484_28
1570132_5
1570137_52
783710_12
783714_101
1570150_27
1570155_109
1570157_11
783744_111
1570178_3
1570179_36
1570182_17
1570185_15
1570186_22
783763_43
1570199_71
1570200_7
1570201_24
1570205_14
1570216_13
1570226_29
390579_61
1570227_111
1570230_44
1570232_49
1570233_55
1570239_26
1570242_63
1570243_82
1570246_8_failed
1570249_169
1570252_57
1177040_61_ue
1570256_25
390610_22
1570258_114
1177051_46_ue
390620_1
1177052_39_ue
1570270_46
1570272_86
783842_61
390628_26
1570277_45
1570279_39
1177065_49_ue
783849_157_ue
1570281_114
390642_152
390643_100
1570294_13
390647_48
1570300_11_failed
390653_3
1570303_53
1177088_8_ue
390657_156
1570309_47
1570310_166_failed
1570312_6
783883_60
1177108_208
1177115_22
1570332_67
1570338_135
390692_241
1570341_20
1177135_152_ue
390706_9
1177138_10
1570362_14
1570365_71
390723_70
1570375_28
1570377_4
1570390_24
1570395_123
1177182_35_ue
390755_11
1570404_115
1570406_0_failed
1177206_34
1570429_53
1570431_96
1570444_12
1570445_9
1177230_14
1570446_45
1570447_44
1570448_2
1570449_29_ue
784021_33
1570458_6_failed
784028_39
390817_3
784033_8
1177263_17_ue
1177273_9_ue
1570490_18
1570491_7
784060_55
1570506_0_failed
1570507_62
1570510_47
1570513_65_failed
1570515_164
1177301_6
1570519_7
1570527_82
1570538_12
390892_6
784111_10
1570544_180
1177331_4_ue
1570547_8
1570553_11
1570554_5
1570559_13
1570566_50
1570568_7
390923_14
390929_10
1177362_44_ue
1570582_58
1570584_291
1177373_43
1570592_10
390945_29
1570595_74
1570600_64
1570604_5
1177392_58
390965_19
390971_31
1177403_53
1570619_0_failed
784188_37
784201_41
1570634_81
1570635_22
1570636_4
1177424_121
390993_6
1570641_50
1177427_22
390996_40
390997_1
1570644_99
1570648_285
1570649_50
784223_100
1177440_15
1570658_61
1570661_11
391014_18
1177452_7
1570669_107
1570671_4
1570673_120
391026_33
784243_14
391030_427
1570679_493
1570681_64
1570683_57
1570684_32_failed
1570685_12
1177473_9_ue
1570695_16
1570699_0_failed
1177490_143
391074_16
784292_130
784295_36
391079_26
1177515_21_ue
1177517_16_ue
1570739_16
784309_17
1570742_20
391098_334
1570749_38
391104_50
1570769_114
391134_3
1570782_122
784358_18
1570793_9
1570794_71
1570800_27
391153_26
784370_96
391157_6
1570809_191
1177600_6_ue
1570816_25
1570822_138
1570836_4
1570843_3
1177628_35
1570845_6
1570847_54
391206_3
1570858_30
1570860_111
1570863_14
1570864_2
1570867_73
1570868_291
784438_7
1570871_42
391225_100
391228_18
1570882_1
1570885_19
391238_2
391252_46
1570904_2
784476_27
1177699_38
1177701_37_ue
1177705_46_ue
1177709_158
1570928_54
1177714_11_ue
1570937_9
1570944_259
391305_171
784522_27
1177741_6
1570959_9
1570961_69
391314_34
391317_27
1177750_26_ue
391319_103
1570970_3
1570977_156
1570979_107
391332_87
1570986_11
1570989_71
1570990_6_failed
1570994_129
1570996_11
784565_44
1571000_19
1571001_0_failed
1571003_75
1177788_7
1571004_36
1571010_0_failed
1571011_93
1571012_17
1177797_16
784589_105
1571030_9
1177817_67_ue
784608_84
1177828_6
391401_78
1177835_16
1177840_12
391412_7
1571068_26
1177854_27
1571076_150
1571080_71
1177866_20
1177873_103
1571089_49
1571091_172
391455_7
e  424236
1177901_33
1571121_21
391478_9
784695_10
1571128_28
784698_19
1571140_0_failed
1177935_24_ue
391511_292
1571176_17
1571194_44
391548_75
391557_47
1571205_169
1571206_205
1571210_20
1571213_0_failed
1571229_22
391585_3
1571234_16
391589_381
1571261_39
1571263_89
391616_57
391617_82
1571264_13
1571266_0_failed
1571267_0_failed
1178055_12_ue
391625_79
1571274_17
1571280_21
391647_16
1571300_8
784869_49
391659_79
784876_72
1571317_87
391675_15
1571327_34
1571335_287
784904_28
1178122_10
1571341_35
1571345_14
1178131_15_ue
391701_44
391712_14
1571361_45
784932_34
391723_65
1571372_45
784945_18
1178163_10_ue
391733_47
1178170_11
1571402_24
391761_105
391773_12
1178210_11_ue
1571426_93
1178214_24
1178218_15
785007_31
1571463_98
391816_462
e  1030795
1571467_1_failed
1571469_172
1571471_0_failed
1571480_14
1571490_47
1178279_12
1571495_99
391882_65
391897_9
1571550_20
391907_28
1571559_31_failed
1571562_32
1571563_0_failed
1571568_57
1571572_17
1571575_13
785144_12
785147_17
1571579_29
1571581_0_failed
1571582_125
1571583_7
1571586_0_failed
1571588_11
391941_33
391949_619
1571599_0_failed
1571603_11
1178389_74
1571606_54
1571607_12
1571615_2
1571616_7
1571620_271
1571622_8
785194_70
1571637_24
1571641_0_failed
1571644_25
785214_78
1178431_34_ue
1571646_11
1571648_203
1571649_118
1571654_47
1571655_13
1178440_72_ue
1571657_0_failed
1571656_17
392013_239
1571662_39
1571663_50
1571668_126
1571671_35
785240_2
392025_3
1571672_0_failed
1571676_25_failed
1571679_0_failed
1571687_24
1571691_0_failed
1571692_13
1571693_5
1178483_14_ue
1571702_0_failed
392055_49
1178495_133_ue
1571712_0_failed
1571714_21
1571720_119
1571723_9
785292_123
392077_15
1571730_15_failed
1571731_89
1571732_0_failed
1571733_31
1571736_58
1571740_298
1571745_0_failed
1178536_13
785324_7
785325_4
1571757_9_failed
1571764_53
1571765_9
392118_96
1571766_199
1178553_33_ue
1571771_22
392132_2
1571789_64
1571791_132_failed
1571801_38
1571811_0_failed
1571812_7
1178598_13_ue
1571814_76
1571818_29
1571819_0_failed
1571822_46
1571832_26
1571833_4
392185_19
1571835_25
1571837_13
1571838_123
1571840_0_failed
392198_18
1571846_66
1571847_19
1571858_73
1571861_16
1571863_38
1571864_4
1571865_58
1571871_51_ue
1178656_13
1571873_11
1178659_45
392229_52
1178673_7
785462_110
785463_209
785464_27
1571897_203
392253_85
1571901_27
1571905_31
1571906_0_failed
1571907_13
785476_43
1571910_21
1178695_48_ue
1571912_29
1571913_1
1571914_153
1571917_0_failed
1571918_92
1571919_42
785488_141
1571920_46
e  261203
1571923_19
1178709_15
1571925_42
1178712_35_ue
1571930_48_failed
1571931_0_failed
1571934_5_failed
1571940_56
1571941_25
1571943_55
1571944_13
1571946_24
1571947_34
392301_18
1571954_38
1571955_14
1571956_3
1571958_0_failed
392312_266
1178744_38
1571962_44_failed
1571963_44
1571965_19
392318_11
785534_15
1571966_36
1571967_11
1571972_0_failed
1571973_15
392325_106
1571974_0_failed
1571976_24
1571978_21
1178763_58
1571980_0_failed
1571984_25
392336_19
1571986_0_failed
785557_35
1571993_17
1178781_30
1178782_28_ue
1571997_20
1572002_0_failed
1572006_41
1572011_5
1572013_0_failed
1572015_29
1572016_0_failed
1178801_3_ue
785585_13
1572018_0_failed
785590_7
1572023_28
1572024_52
1572025_4
1572029_5
1572031_8
1572033_0_failed
1178822_75_ue
1572038_4
1572039_7
1572040_4
392395_40
1572043_0_failed
1572056_31
1572057_0_failed
1178842_116
1572060_26
1178846_96
1572064_25
1572066_0_failed
1572070_69_failed
1178857_265
1572075_2
1572078_82
1178863_90_ue
392432_86
1572080_69
1178866_38_ue
1572082_12
1572084_59
1572083_2
785654_34
392441_70
1572090_17
1572093_0_failed
1572094_107
785663_2124
1572095_0_failed
1572096_0_failed
1572097_0_failed
1572102_62_ue
392455_30
1572103_5
1572107_0_failed
1572109_4
1572111_14
1572112_2
1572115_14_failed
1572116_0_failed
785685_31
1572118_22
1572120_15
1572123_63
392477_25
1572125_19
1572128_19
392484_55
1572132_162
1572135_25
1572136_0_failed
1572138_14
1572139_7
1572142_24
1572146_41
785716_17
1572149_275
785718_27
1572148_27
392504_16
1572152_86
1178938_119
1572154_23
1572156_52
1572157_25
1572158_0_failed
1572160_14
1572162_51
1572163_0_failed
785733_18
1572168_0_failed
1572169_18
1572171_33
1572175_0_failed
785745_119
1572178_6
392534_11
1572183_35
1178971_8
1572190_0_failed
1572191_1
1178976_40
392547_36
1572196_34
392550_18
1572198_50
1572204_23
392558_11
1572206_13
1572207_53
1572209_52
1572208_0_failed
1572211_106
785779_59
392565_52
1178998_8_ue
1572216_0_failed
1572221_4
392574_74
1572223_195
1572227_0_failed
1572229_0_failed
1572230_47
1572234_35
1572235_11
1179020_31_ue
1572238_54
1572241_0_failed
785817_48
1572251_12
1572253_12
1572262_238
1572267_14
392621_8
1572269_0_failed
1572273_35_failed
1572275_13_failed
1572276_20_failed
1572278_2_failed
1572279_4
1572283_15
1572286_55
1572288_28
1572289_11
1572291_0_failed
1572292_0_failed
1572296_10
1572299_30_failed
1572300_28
1572302_80_failed
1572306_7_failed
392661_13
1572311_23
1572312_27
1572316_91
1572318_20
1572319_20
1572322_84
392675_39
1572325_0_failed
1572326_15
1572330_0_failed
1572331_49
1572341_25
1572342_29_failed
392695_164
1572344_50
1179130_68
1572349_209
1572350_36
1572352_23
1572357_44
1572361_0_failed
1572369_2
1572373_0_failed
1572374_47
1572376_2
1572380_1
1572385_3
1179174_53
392743_221
1572390_2
1572393_0_failed
1572398_47
392751_5
1572399_77
1572402_25
1572404_6
1572407_60
1572414_24
1572415_0_failed
392769_18
1572419_8
1572423_37
1572427_66
1572428_48_failed
1572429_10
1572430_66
1572431_38
1572435_9
1572441_4
1572444_30
1572448_18
1572449_0_failed
786018_51
392804_16
1572457_117
1572458_0_failed
1179245_8
1572464_0_failed
1572465_0_failed
1572469_15_failed
1572475_12
1572478_22
1572481_32
1572487_77
1572490_153_failed
1572491_32
1572496_137
1572504_0_failed
786073_21
1572508_64_failed
392862_236
1572515_29
1179302_34_ue
1572519_0_failed
1572520_89
1572521_58
392874_22
1572525_62
1179310_114
392879_904
1572528_37
1572529_30
1179314_207
392886_188
786104_90
1572539_50
1179326_74
1572544_15
786116_21
1572549_22
1572550_92
e  605898
392906_60
786122_46
1572554_17
1572559_83
1572560_5
392913_27
1572563_54
1572566_15
1179355_21
1572577_15
1179362_40_ue
1572579_1_failed
1572581_9
1179367_30
1572588_187
1572591_3
1572592_24
392947_167
1572597_35
786166_24
1572599_105
1572605_46
392963_6
1179398_16
392967_13
1572615_127
1572621_17
1572622_63_failed
392976_40
1179409_36_ue
1572625_25
1572627_109
1572628_30
1572630_0_failed
392986_76
1572634_16
1572638_106
786209_85
1572641_36
1572649_57
1572651_24
1572653_0_failed
1179438_54
1572654_19
1572657_0_failed
786233_27
393018_12
1179452_141_ue
1572670_13_failed
393025_24
393026_101
1572677_3
1179462_2
1572681_40
1572686_0_failed
1572689_9
393044_9
393048_39
393049_21
1572696_23
1572698_0_failed
393059_5
1572708_126
1572709_2
1572712_20
1572718_97
1572719_57
1572722_2
786294_48
1572726_48
1572734_93
1572738_11
e  1507204
1572741_0_failed
393094_35
1572742_29
393096_2
393097_18
1572747_8
1572748_80
1572752_30
1572753_13
1572754_2_failed
1572761_20
1572767_33
393120_11
786337_62
1572768_88
393128_140
1572777_40
393130_40
1179563_99
1572784_15
1572785_45
1179571_111_ue
1572791_5
1572793_101
1572794_6
1572797_6
1572799_14
1572800_45
393154_7
1572802_25
1572803_13
1572805_14
1572806_20
1572807_12
1572813_94
1572814_8
1572815_42
1572816_26_ue
786385_3
1572818_26_failed
1572823_51_failed
1179608_96
1572824_108
1179610_4
1572826_16
1572830_19
1572831_4
1572832_2
1572834_10
1572838_43
1179626_33
1572843_18
1572845_8_failed
1572846_20
393201_23
786419_25
1572851_0_failed
1572853_19
1572854_0_failed
1572855_94
1572856_39
1179641_20
1572860_49_failed
1572862_0_failed
Failed ID:  {1091714, 1091715, 1091716, 1091717, 1091718, 1091719, 1091720, 1091721, 1091722, 1091723, 1175302, 1091725, 1091726, 1485327, 1485328, 1485329, 1568521, 1485331, 1485332, 1030795, 1485334, 1485335, 1485336, 1485337, 944666, 1507204, 683423, 683424, 944673, 683425, 683426, 683427, 683428, 683430, 683431, 683433, 424236, 172333, 547502, 777520, 960564, 275639, 465477, 605898, 261203, 646233, 446939, 382943, 267105, 972647, 814315, 814317}
