nohup: ignoring input
35 珍珠和沙子
45 天津-食而知之
50 方圆-2013年湖北省考卷
58 你好，很高兴不认识你
65 露之恋
91 霞与星之间
131 传染源
148 螺旋
167 七夕下的小雨
193 【EXO】百年孤独[捉虫中无更新]
197 Memoryless-波因布鲁的故事
219 低调
261 彩虹的彼端
402 密室逃脱
582 零点学园
654 逆转大熊猫
714 十万个冷尸兄
776 千机
779 【完结】穿越基三的恋爱
798 美攻奋斗史
821 真实鸣泣之时 破
828 电钻狂魔
899 如果那就是你所要的幸福
912 圣月皇朝
920 花烬烽烟
961 四魌攻略物语1.3版
981 东汉第一中学
990 剑三之大侠的幸福生活
1049 遇见EXO
1138 京都温泉篇（薄樱鬼同人）
1266 梦魇生存游戏
1313 案件1
1450 打个大战吧
1477 獨伊的無人島物語
1633 【典藏版】夏末微凉°
1685 乱世红颜泪
1706 复宠皇后【正式版】
1726 侦探永宜2-404实验室事件
1842 明志恋曲v1.3
1855 浮华祭笙歌落Ｖ2.8
1878 美人谋（完结）
1912 大脑奇谭
1983 步步宫心
2028 花姐传
2034 三界
2036 圣尊·公主传
2107 鸑鷟·瓷玉篇
2126 策藏-长笑当哭
2175 深宫险恶－入清宫
2207 笑浮生多情苦
2247 EXO的红玫瑰与白玫瑰
2397 花神泪
2442 AKB48与我(研究生篇）【更新中秋特辑】
2469 论炮灰的自我修养1.5
2576 鬼之诅咒
2603 一嘉麟纪事
2606 一顾倾城
2607 行星学院
2627 夺-天意1.0.1
2639 Hypnos Fort(言切同人游戏正式版)
2689 梦回创世之书斋
2701 真实人生-校园篇
2711 【宫斗宅斗恋爱】情牵良人
2724 妃鸿印雪（原《后妃成长计划》）
2771 小透明混空素记
2826 帝王攻略（已完結；更改霍逸立繪）
2903 清宫升职记2.0最新版
2913 御萝战记V2.0
2933 School Years [2013]
2951 凰歌漫漫
2976 【宫斗】可倾可谋
2987 Dreamland 迷失
2993 洛水迢迢(宫廷江湖)新坑【此情迢迢】快戳
3017 Ｇｒｏｗｌ^EXO
3112 大学四年生
3178 再世为了个仙
3214 进击的情愫
3272 永宜侦探系列-案件3-失踪的少女
3279 G组特别对应班
3281 代嫁丫鬟【换封面，更新傻白甜路线】
3358 exo的金牌翻译
3368 唐家堡之乱
3382 相思成念相忘江湖（回归测试）
3474 浮生梦·笑忘书
3520 墨染年华
3532 校园大逃亡（奇怪的生存大冒险）
3581 春风得意楼
3730 百万宝贝·造星计划（完结）
3734 圣月江湖
3809 迷城
3820 化龍(待續)
3824 (完结)后宫斗·皇后传
3871 [HP]七年
3995 流转（未完结）
4002 【9.29更新】逃婚记之桃花缘
4018 魔女与巫女
4030 墨玉情缘
4037 侦探永宜系列-案件4
4059 精神病院的爱情故事
4149 黛眉如柳·妃子笑
4230 一起玩吧
4252 公主策【复国】
4253 紫丁香圆舞曲
4448 你和兵长的缘分
4520 深院辞
4565 大作战（银魂同人）
4600 天地风云录之还珠楼纪事·九龙篇
4626 活下去【完结】
4736 The Mirror
4772 皇帝奋斗史
4796 异物
4811 【古风乙女】姑娘，快跑！
4920 钓妹纸物语[完整版]
4959 步步惊心
4983 灵魂交响夜-V1.2.815
5021 从这一次开始，恋爱吧——EXO
5022 因为是你
5054 浮生晓梦
5110 老板无双
5131 status_code:  504
5261 民国风月
5285 美人如玉
5343 阴亡塔
5364 我和我的小伙伴们都惊呆了
5553 伎生传(完结版)
5588 龙之祭祀
5606 进击的广播剧
5616 进击の巨人：反击之翼
5660 夕颜回忆
5670 诅咒之歌
5694 ［穿越·吐槽］进击的巨人（已完结，剧透慎入）
5722 学长快到碗里来（完结）
5788 桃夭Lite(APP专版)
5844 众里寻他【完结2.0】
5884 髑首
5904 戀湖
5954 听说时光不会老【精修】
5985 EXO黑白阶V1.0【完结】
6134 清宫步步
6363 梦回大清【更名后】
6372 EXO　共舞黑白琴键[完结]
6398 都暻秀说要结婚【完整版】
6449 唐嫁
6452 龙门镖局
6554 仙女湖
6637 五瓣之殇
6649 帝王业
6669 与君诺【1225陆知行线更新】
6682 琉璃事件簿番外
6703 不是老板是情人
6738 本座倒要看看你能活几天
6809 running man
6959 花乱
7013 EXO之穿越到家
7040 无限星光【未完结】
7095 Starry☆Sky～阳日直狮游戏～
7107 北洋往事
7109 飞鸟各投林(9.29更新)
7122 偶是桔迷
7135 盗墓笔记生存游戏
7202 宿命之情缘
7290 【短篇推理】某侦探の推理故事( 加入答题系统)
7303 师姐该吃药了【完结】
7325 帝宫
7440 浪漫大作战
7441 丽江的柔软时光
7444 墨墨的茶餐厅
7468 重华浮梦～女官之路～
7504 如梦曾梦
7545 《小航海時代》測試版
7586 九吧生存战略
7914 三年的帝光生活（黑子的篮球奇迹同人）
7915 【chanyeol朴灿烈】记忆里繁盛的果实(完结)
7941 不作死就不会死
7947 Fate·Card Night【未更】
7995 江山如画
8022 梦回至爱
8053 木偶
8077 岁月歌 【完结】
8114 咖啡厅之熊猫找工作
8160 是文科生就杀了那个狗皇帝
8166 【EXO】夏树南安
8192 富家少女寻爱记
8204 候鸟【完结】
8234 云落宫倾
8239 供养——魔法少女系
8261 文科生地理の逆袭
8275 [HP]纯血荣耀
8304 侦探们的镇魂歌
8309 裂魂曲
8359 治不好朕杀你全家！
8366 第一届非官方捡肥皂大赛
8387 飞越科学院
8418 杀马特之恋
8424 EGO Identity ver1.04
8454 本宫赐你一颗高贵冷艳的强心脏
8463 青春学园恋爱祭
8506 status_code:  504
8523 演艺圈浮生绘 第一章完结
8526 【12.20】死一次试试吧！（能一次就过你还真是厉害啊！）【完结】
8529 丧尸惊城（恋爱推理打丧尸【已完结】）
8543 AKB之答错就让她狗带
8551 女皇驾临
8556 你以为修仙就能多活几天
8587 漠梦失然
8603 弹丸论破：if的世界_完整版_v1.1
8609 是学外语的就去逆袭啊
8653 珠光宝气
8665 实验室大逃杀
8676 追寻白影
8726 病院幻想
8770 南柯一梦
8784 盛世皇帝传（正式版）
8881 你到底了解exo多少
8944 【EXO】-花颜（未更）
9092 烦恼江湖_[12.15更新]
9108 厦大 求生记
9112 凤舞蒹葭
9159 凤 斗 (2015.09.05)
9166 藏剑旧事
9199 萱草忘忧
9206 ＥＸＯ－你曾是我愛的人
9213 超有病之勇者传说
9239 金武官穿越记
9283 森林の物语
9284 颜若韶华
9296 油挠和在在的日常
9308 Kiss & Hug
9330 【15.11.24更】少时物语
9333 [剑三天策中心清水向]天策风云
9342 saki和右桑的故事
9349 九尾白狐（新坑《长相绊》发布）
9359 【漠然庆生】AVG《M-Dream》
9374 【家教】Gli Amanti（完结）
9441 穿越之吃货也有春天【典藏版】
9443 朕要笑着看你们每一个人哭
9466 青岩纪事
9570 无罪幻想曲
9614 [HP]来自霍格沃兹
9672 哼！多活一秒都别想！
9730 碎月辰花
9732 【多线路女主·爱恨交织】古代卿缘（加数值）
9748 My lover
9788 试问闲愁都几许
9794 玉碎。
9798 女神进化史
9896 《三国志·吴书·小虎传》
10058 浮生梦
10085 望江月
10298 死后世界
10302 词不答意【换UI】
10322 EXO~最美的是你(游戏解封，不定期更新)
10456 L&R
10486 韩娱之恋上清洁工 6.13更新
10490 凰者天下
10495 爱咳嗽是我毕生爱
10506 ★ＥＸＯ★爱你就像四季的风☂
10548 侦探永宜系列5-死亡夏令营（2）
10553 [完结]宫谋
10622 一燕京少年行
10722 [金庸同人]情逆倚天
10731 聊斋奇女子
10758 盲女
10803 [EXO°]不负绘年少
10807 【EXO王道向】时光纵使人悲伤
10817 我的心脏里面满满的是你  EXO
10829 心之轨迹
10845 独上西楼
10850 【影视答题】来自那颗星
10868 -LOVE STORY-【典藏版v1.0】
10879 一百天的约定
10924 选择心目中的恋人
10998 【繁华骊歌·已完结】
11066 我的小小助理
11074 雾中之城·Schloss im Nebel
11084 Running Man 系列游戏 --- 智孝之恋
11130 倾城美人泪
11138 剑三苗疆蛊毒（完结）
11144 伊莎贝尔女皇之战
11199 烟城花开
11200 通讯失衡
11213 那些年我们攻略过的女汉子
11232 【双节】镜锁
11257 一谢如梦
11258 【双节】妹纸西游
11260 精神病人生活实录
11322 只有学霸们知道的世界
11333 心理师
11391 春樱的约定
11441 爱
11492 【此岸人生20年】2019.06.02更
11637 迷宫中的爱丽丝
11642 穿越、夜羽凌
11681 英雄联盟S3世界总决赛第二集
11683 【伪hp】明天
11692 穿越遇君长相思（换UI、小更）
11742 【DN】黯影之殇
11744 帝策
11753 【双节】这不是玛丽苏
11853 冷宫重生--契丹公主（限免开放）
11886 家庭教师（同人）
11888 二次春物語
12183 假如你爱我（coming soon）
12277 【请移步新版】薛姬传（旧版）
12286 我们の世界
12323 逆转裁判F
12398 盛世·月女传
12406 凰图腾[完结]
12499 【修BUG】半泽直树TDS-逆转的银行家
12500 【火影+猎人】小蛇丸寻父记-更新第三章
12551 EXO专属化妆师（已完结）
12584 ◇未来幻想税◆
12585 ＨＰ克瑞尔小姐
12594 【甄嬛传同人】我是黄桑我怕谁（大修版）
12657 陷“阱”爱情【原名：台言大集合】
12666 侦探笔记
12671 [EXO]     Boy Friend  （重启）
12696 口袋汉化组想知道这都是什么
12699 看本小姐踏平不良学院！
12713 破碎の记忆
12728 穿越到三国之乱世奸雄v1.31
12729 荼蘼花开【完结】
12730 花开花败落满城[更新太子路线]
12737 一代女帝（11.10更新）
12739 你爱的，爱你的exo（2）
12757 【皇帝恋爱-花样美女】君王情
12773 仙剑基侠传
12803 LAW AGENT
12805 逃离密室（试作品）
12818 英雄联盟S3世界总决赛第三集
12860 银魂同人：执念
12937 蛋蛋菌合集【完结】1-2版
12941 木下屋の樱
12977 一只蛋ヾ(ｏ･ω･)ﾉ
12981 倾卿辞
13001 卫玠的恋爱方程式
13004 病毒危机【完结】
13026 【APH】王耀的幸福理论（7月9日更）
13027 【已填完】胭脂浓
13072 带我走可好
13104 深宫——琉璃篇【已完结】
13145 念君心
13169 弹丸轮舞\论破-if(12月8日更新)
13176 花落香满衣之锦官城
13182 Sharkly（更新中）
13187 十万个冷尸兄 配音版
13224 [碧轨同人]港湾区有伤风化案件调查(短剧，CP兰迪×罗伊德)
13225 千秋岁【修改版】
13236 奇案十三宗（黑暗向悬疑求生）
13244 【已完结】母仪天下·东西宫争
13312 寝室穿越记
13376 帝姬万福
13406 S酒店事件（移动版）
13414 2023中关村之旅
13430 卧龙弟弟
13457 耀世者·上【更换人物】
13459 丧失12班
13474 【攻略！冷面的三王爷！】
13496 巨龙的宝藏
13538 公主祭(远归线完结)
13550 加勒比传说[完结]
13572 紫钗奇缘
13612 【EXO】城之将倾，爱之将始
13621 绝代嘉人（原嘉嘉传，封坑重置中，敬请期待）
13625 爱，勇气，冒险
13629 偶像学园
13639 【棠棣之华】锁了
13660 【ＥＸＯ】流年不夏半殇(增加op,剧情未更)
13805 铭刻生死的幻想之剑
13861 甜心蜜意
13893 穿越之女配逆袭记
13908 欧非亚之月
13916 我的娘子是老虎！
13924 只是当时已惘然
13957 【主线完结】心悦君兮
13969 浮生若梦~蝶恋花(完结免花)
13978 ~爱灵之贽~
13990 穿越到三国之蜀汉传奇v1.2
13997 【原创CG立绘】阎王赋《魑魅》
14020 大款求爱记(完结修正版)
14067 [APH好茶组]劫数难逃
14095 死于日本
14130 后宫升级记
14165 你要操控一个汉堡
14200 四年
14291 我和妖怪们的生活
14327 花语
14406 行星大爆炸
14439 白头吟【完结】
14489 【DHr】选择
14502 杀马特遇到洗剪吹
14505 【完结】彼岸未花-宫篇
14519 我是掌门人
14530 S.T学院[修bug]
14584 【三国现代架空】假面（更新吕布线完）
14590 鸢尾·Die Schwertlilie
14620 紫禁城
14624 芺蓉醉
14628 废体皇子逆袭记[完结]
14634 桃之夭夭
14660 我相信这一定难不倒机智的小伙伴们
14727 女配翻身记
14774 将进酒时 千杯已醉
14876 心中的那片蔚蓝的海【已完结】
14925 白夜之歌
14930 【扩散性百万亚瑟王同人游戏】王政终焉
14943 斗气ｖｓ江湖
14953 【EXO】The shadow lover
15168 美少女养成系统
15183 Princess Trucy ～美贯养成计划
15209 Save the last dance for me
15211 你以为机器人很好混吗
15227 紫昔国物语【完结】
15231 西北望
15237 步步惊心
15288 电影学士(完结)
15291 又见槿花开 (更新小番外）
15366 医院丧尸
15375 剑网三之小伙伴去哪儿（4.26 更新至第四章）
15465 【光与影】暗淡
15483 兄弟战争【完结】
15497 【HP】新的过去
15505 【HP】七年之战
15531 终归是命（换立绘，点击封面进入游戏）
15591 私のテニス[网王同人]
15593 爱像水墨青花 何惧刹那芳华
15726 国王菇菇的忧郁(完整版)
15742 御法度 风中的记忆
15782 逍遥游
15899 阿蒙神的封印
15952 48小时
16002 王爺攻略（新增依瑪泰結局CG）
16118 【EXO】约定（promise）
16135 四日行
16225 金风玉露一相逢(完整版)
16272 橙色的阶梯
16314 NPC的打败魔王之旅
16350 [3.30男主全线完结] 华丽公主or灰姑娘（7.13更新萧清宇线10年番外）
16359 眼睛的决斗（4.0）
16363 {完结}帝宫沉浮：妃
16376 杀手
16381 张狗蛋的悲催旅程(二周目)
16401 【完结】百年泪千年缘
16476 【魔幻乙女】梦影雾花之深处的记忆
16499 汉良大大窝来啦
16566 大学养成日记
16702 班心计！
16709 湛蓝回忆
16744 星光唱响（逆袭？！）
16751 国民西皮那些事儿
16761 浮生若世
16793 一百天的约定（完整版）
16795 长相忆
16798 一仁武将军
16863 最后的嫌疑人
16868 逃宫弃嫡【华丽进击版】
16874 练习生之路
16914 口袋妖怪基
16923 影视圈之旅
16926 夜未央
16971 【新增-古今中外Running Man】瑶山医女
16995 够深爱吗？
17005 【民国宅斗养成】芳菲年华
17018 南柯一梦
17117 Fudan Fantasy I
17119 中二病少女的恋爱日常
17269 清心情缘
17270 万事占卜阴阳屋（完结）
17286 文武双全
17307 如果当初
17319 [完结]《不靠谱企鹅》呆萌天数更
17320 麻麻，再打我一次吧！【完结】
17357 《跟我一起去欺负小恐龙》之 小恐龙Biu啦
17360 紫禁毓歌新版
17405 超有病之伪勇者传说（完结）
17441 【中秋特辑】入司【职场生存恋爱游戏】
17457 领袖之路·崛起
17481 再见20岁——剧情重置版
17505 [S]盲（伪科幻）
17549 Angel明星【更新封面】
17557 大唐宠后之长孙无悔
17579 宫门
17585 还能不动声色饮茶，踏碎这一场，盛世烟花。
17595 【EXO】How Long Will I Love You
17606 MY◆LIFE
17657 【家教】约定的地方6月云蝉番外
17669 纪念【山下智久】
17726 皇宫求生记
17752 幻之轮回
17755 Neuroleptic
17775 宫锁狂烟
17788 ERICA
17792 图坦卡蒙之死
17815 罪孽深重的名侦探
17890 清世俗尘
17893 七个小矮人
17989 今天你拿到证了吗？
18066 【古风】祸国殃民
18128 我要我们在一起
18156 拯救世界的大魔王
18161 【完结】幻境-白鸟篇
18222 鱼念曲【修BUG，未更剧情】
18236 bhxrzl
18249 傾舞天下
18268 【修正】music of the heart 起始的高音符
18280 （全线完结）穿越之抱得美男归
18297 竹林树旁良人未归伊人未老
18299 乱世倾城
18301 【超展开】梦幻之旅
18319 (修正)国王有双驴耳朵
18350 如果你是我想要的未来
18359 轮回1.2.1
18396 擒星志愿—明星恋爱养成(2021)
18433 丧心病狂的微博战争
18435 DIABOLIK LOVERS（皓线更新）
18453 【恐怖·悬疑】The Last Journey
18522 逆行青春
18526 【ACG】这可不是主神世界（短更）
18654 母仪天下外传-孝宜篇【6.22已更】
18656 校园疯
18659 游戏已删除
18735 热砂乐园
18900 我们的回忆（完结配音版）
18911 【完结】罗小黑的奇幻小岛（完结版）
18939 彼岸花约
18953 公输
18967 跳铃铛
19031 [碧轨]复仇的獠牙(CP兰迪×罗伊德)
19038 乱世倾城之倾城天下
19045 aoka
19143 半个愿望
19276 [HP]从小赖着你
19314 1.10 诚意更新 时光的秘密
19337 司芬克斯之谜
19379 【原创立绘】造型师VS大明星
19385 七日
19393 改编 on call36小时
19432 世界很大不要一个人躲着
19444 奈何桥边长恨歌（修改版）
19478 双玉劫【更换UI无更新】
19604 【古风】云牵梦落（完结）
19605 锦瑟传
19635 EXO-四季之春季
19707 仙剑之宿命传
19721 别走
19809 仙魔剑
19826 盛世流萤（已完结 另附番外之一）
19936 平生一顾，至此终生【公主篇】
19958 ***醉卧北安
19985 璃城幻梦
20001 无尽的烟花
20012 无法放手的爱
20021 宝贝球儿游梦记
20029 潘金莲之今生后世（武松线完结）
20127 为卿不负相思不负意【全文已修改完成！】
20173 
20189 昭仪天下（2.25修补bug）
20214 【EXO】 Starry Dream (完结)（更新了結局）
20221 JOJO的克苏鲁神话TRPG【完结】
20341 你能在学校生存下去吗？
20342 【完结】穿越手记（容双篇）
20380 一生一代一双人【重更版本，已完结】
20454 取悦喵星人（完结）
20469 《跟我一起去欺负小恐龙》之好基友一生推
20486 【EXO】和光同尘
20503 [完结]流年未漾（主兵长）
20565 【魔幻乙女】梦影雾花之深处的记忆后篇【早忘了，没灵感，要烂尾】
20626 我喜欢你，你不曾知道
20656 【原创立绘】异样少年【Tree's World更新中】
20751 醉梦
20791 流云
20809 妗国传【停更】
20826 我的萌咔恋人
21094 【婚】惊鸿一曲绊浮生
21252 乱世桃花 【主线完结】
21261 长相思
21310 【元明盛世】吾家有女初长成（谢询线更新）
21427 野生少女的抱大腿计划
21495 年兽我来了【完结】
21514 家族史
21568 非诚勿扰之我的娘子是老虎！
21640 【吴世勋金钟仁】暗恋是朵无果花
21740 【偶像之路】初版全剧情
21943 回不去的故乡
21979 卿恋红尘
21982 离去之原
22187 窗口２０２（已完结）
22226 归·何处（3.16小更）
22280 （黑篮）Basketball Dream（重置版）
22291 【完结】命运召唤尔茄的精灵石·伪
22329 不可思议茶座
22349 张娴娴谑浪笑傲天下
22493 妃子笑·后宫
22647 逆转的爱
22739 【网王】薄雾破晓
22855 【hp】童话边缘
22921 公子可是鬼
22926 AKB48学园
22931 【EXO】你在我记忆里旅行
23234 继承者们（土豪学园）
23258 Fairy tale of darkne
23332 【完结】三曲五重奏（更换封面，未更新）
23387 人偶祭品——蝶华
23456 皇帝之盛世王朝不负卿
23538 EXO-梦魇
23599 拂过森林之风（架空养成）
23672 颜色【EXO勋鹿】
23771 轮回之泪
23818 【剑网三】荼蘼霜烬
23827 【原创古风】烟雨漓落（更新）
23888 （更新到支线）雪姬
23945 【乙女+板绘】ID神探(微更可忽略)
24066 Starry☆Sky from Drama
24073 马来喜呀
24120 某青春男的电波夏日
24123 青莲雪【完结】（10.2更换立绘）
24182 吉原哀歌（蝶毒瑞人外传）
24202 status_code:  502
24203 status_code:  502
24204 status_code:  502
24206 status_code:  502
24214 美璞碎，红颜悴
24217 傲娇养成计划
24221 永远　一朵花开的时间
24225 诛仙劫（碧瑶封面）
24414 兰姆的星辰
24555 （男性向偶像）四季之语（改版中
24574 {完结}来自星星的你[EXO+其他]  （审核修改）
24578 玉人歌
24786 【完结】新春系列-熊孩子逆袭
24811 当光芒交替的时候（完结）
24823 聊斋之贝壳
24961 【EXO】你是我流浪的终点。
25082 巨星梦之恋 Star Dream Love (未修bug)【2016.2.3复工更新3000字】
25113 【进击】利艾｜光阴清透｜艾伦重生
25202 春节迷阵
25236 惜尘
25260 【家教初代】暖暖
25484 皇后攻略
25571 桃之夭夭【古风生存游戏】
25897 凤凰绝 长孙皇后
26003 非橙勿扰
26006 [后宫生存]浮生不该惹尘埃
26045 【三国】天命-纪灵传（完结）
26127 【家教Varia向】《Addio, Amore Mio.》
26185 唱遍韶华
26195 武林复刻7[剧情删除，目前为66武林群侠传的动画测试]
26264 江山策——和亲公主（全线精修）
26386 上邪
26658 君~姬武将的战国
26837 【HP】家族延续 I
26840 已删除，请编辑帮忙下线游戏
26873 大明后宫自主招生【修订版】
26903 笔仙
26985 虚拟恋人【女男性向】
27010 Horizon-错杀校园【第三章完】
27061 欺心系列之一：贪婪与恐惧及其他（H5已锁，苹果再见）
27180 学渣也知道的学霸世界
27269 《非诚勿扰》之橙心制作
27411 尽欢录
27433 步步宫辛(精修版)
27538 异次元世界の偶像
27572 为爱西行.（狐妖篇）
27598 妄如初
27913 弱水三千（完结）
27966 绿间君 傲娇成疾得治(黑子的篮球)
28027 猎人 布偶游戏
28342 星途(主线完结)
28609 三好生养成计划
28615 阳炎days
28726 柳暗花明
28767 年少乐相知
28823 雾雨晨曦【停止更新，旧玩家入内领取积分】
28849 公卿满座
28913 【穿越宫斗】百年孤寂‖简美熙 7月6日已更
29151 反逆同人《神罚》（旧版本）
29293 穿越记1.0
29299 天子后宫
29302 【快穿】论如何干掉坑人作者(免费
29307 全职恋人Lullaby
29344 [重制版全线完结]以南
29357 EXO,恋爱1+1【完结】
29532 多重考验V2.0（更新直觉考验）
29700 穿越情缘
29748 明星志向5梦想启程（女生版完结）
29788 (古今互穿)不尽之梦
29860 不忘初心[你了解exo多少]
29906 总裁夫人带娃跑（更换立绘UI封面）
29945 美人无心
29958 EXO 世界上的另一个你
30018 碎玉碧箫【完结】
30090 全线锁，不要下载【修改中，尽请期待！！（详见简介）】
30246 死神降临
30252 春色满园人不归
30258 人生就是很多道选择题
30270 [恶搞][苏]神秘学院少男心（已完结，对话框出毛病了怎么破！）
30307 画地为牢（完结）
30323 大昏君：天下在手，美人我有
30565 【主线双师兄】武林小师妹
30788 净化ExtraordinaryAbility（试玩版）【v1.3】
30831 论熊孩子是怎么样作死的【搞笑】【恶搞】【完结】
30972 穿古越今的缘（宫闱深深完结）
31089 【为爱重生】杏花弦外雨
31189 [Lucky dog][GiulioXGian]All my
31197 【网王】那年夏天（幸村、不二线完结）
31324 【养成换装】半神的女儿
31383 独宠一人
31484 【Dream.order①】属于我的，关于你的
31573 前世缘·今生遇
31676 兄弟战争【琉生线完结6.24】
31681 66武林群侠传
31919 （未完）♀失忆症❤
32182 失落的记忆
32392 EXO之呼吸「典藏版」
32521 【已完结】穿越之嫁了个丑相公
32652 [更新手机端]梦回至爱[外传]
32660 just be friends[黑篮]
32692 圣诞礼物の男子【已完结】
32815 【网王柯南】蝴蝶飞过旧时光
33078 欢迎回家
33105 FlappyBird
33303 [家教同人]风物诗【请假通知见评论区】
33319 命运交叉的客店
33489 致我深爱的你【EXO】完结
33522 醉乡（即将涨价）
33530 白鬼镇之谜  已完结
33566 雪花飘零，爱已成冰
33766 何处惹尘埃
33849 娱乐新指南
33863 坤泽河山
33865 【十年清风】【完结】
33982 ＥＸＯ学会爱你（３月３０日全部完结）
34020 【HP】宿命
34033 相依相随莫相忘
34037 【For Dear Liuli】女帝之夺宫
34150 兄弟战争Brothers Conflict
34154 蔷薇1.10
34204 第十一年（鹿晗线）
34488 【完结】梦微澜（新旧两版立绘可选）
34612 动漫小集合
34709 等你归来(完结）
34803 何必叹緣淺
34992 四尊【转世篇】
35004 织梦【完结】
35378 【完结】胥牧侦探系列1——高中禁地命案
35436 【妄想书】光·ひかり
35487 深宫（轻松向）
35555 魔法森林
35557 逆转胖次【完结】
35659 000000000
35721 桃花劫之灵修大陆（有后宫结局）
35723 6years---超脱时间的羁绊【诈尸更新】
35770 【火影】木叶恋爱季（重置版）
35789 [日式欧风]少女
35893 王權：不列顛篇（8.30修整，舊存檔無效；更新安妮線）
35935 韩娱之大娱乐家
35978 【少时】韩娱之权呆称霸记
36063 千面俏佳人
36081 萃锦吟【素材正版化】
36172 穿梭笔记
36261 【古风权谋剧情向】长河落日
36284 烬世欢离（新年大改,内容有重大变化）
36344 恋爱物语~昔日~
36544 琉璃幻世（更改立绘）
36711 我是宫廷公主
36725 皇帝李璋的日常
36740 浮花伊人
36985 R.B.l.Elves
37051 彼得潘的梦境
37080 暂封
37156 【新】清歌一笑思倾城
37175 百万富翁(免费)
37188 抱潜天物（番外开启）
37255 【EXO】理想恋人
37356 WizardLand
37380 何夕月
37392 惊世大预言 【6.30已完结】
37403 幸福公主（5.30日完结）
37496 兄妹恋
37583 水桶妖妃
37593 【和风\银魂】良姬志录(私塾支线更新)
37732 越千年·美人殇
37765 starry☆sky—in 4 season
37839 秦时暖爱（仙侠）【完结版4.1】
37841 WWE肥皂之路
38095 脸盲症
38105 十八樱吹雪
38151 御剑江湖载酒行
38153 百里莲花并蒂开
38285 冷雨敲窗【已完结】
38304 【游刃有余·见招拆招】拾面埋伏【第二章完】
38337 【EXO】我们结婚了之04.02鹿晗番外微更
38433 Alraune
38647 【家教】过去与未来（1.3微更黑曜篇·纲吉主线）
38687 家庭教师REBORN（同人）BC线完结
38795 永恒
38800 以奴为名的婚契（完结）
38944 仗剑寻心：马云鹭传【主线大更】
38955 Together
38961 云山岐行【0819剧情线
38983 蓁蓁其叶（七夕快乐）
38986 狼妖
39314 星星不会眨眼睛
39315 [家教]蒙上双眼
39345 花自飘零水自流（番外更新）
39677 COLORS·上【下部开启，另类娱乐圈演绎，吴世勋线限免】
39867 【古风真人】千面
40055 生存联盟
40164 闲花落
40463 完美女人【未完结】
40511 带着记忆来找你
40515 That Girl
40531 【民国】相思谱~TG百年生快
40633 王爷，你裤子掉了【更封】
40746 【生存游戏】看看你死几次
40759 三国城市之征战天下
40775 因为你，我不再将就(已完结）
40843 覆手倾天下
40849 安洛末侦探社
40875 我这独一无二的人生
40880 [EXO]暖光【改版】
40888 未寻[全线完结]
40909 （HP)守护
40914 惊天凤舞
40994 【EXO】Ｍonster（未更）
41002 韩娱圈
41037 【完結】不說愛(不喜繁體勿入)
41064 【5.25更新】妲己的面首
41102 劫数难逃【重置版宫主微更3.12】
41156 权臣当道
41166 [EXO] 我追寻着令我心动的你(不更新)
41255 『时光X褚赢』棋魂｜为你而来
41258 倩女ol同人养成《尘缘》
41264 山林里的小狐狸
41506 只有一颗心，只爱一个人【伪更。关于男神的新作开启】
41913 [三生缘]吾本惊华
42227 【被迫简单完结】回归 我的公主
42309 【山田凉介】我与他们
42365 世界上的另一个我
42372 间谍大作战
42397 【等待重启】
42485 ~美人关~
42514 欲情故纵 更新伯贤线
42594 黑暗相随（已完结 完美优化版）
42743 光线湮没在尘埃里（全完结）
42752 EXO—命运【钟仁世勋】
42764 唤故（双语）
42853 与君殊途不同归
42863 那真相沉默之地
42866 【EXO】须臾（原名 你是我的梦想）
43069 【映画剧】首尔音雄传（摇滚50年特辑完结）
43095 祭生谣
43135 心刺
43361 金牌小商人【高端洋气上档次的校园】
43440 【EXO】玻璃之城-完结版
43518 穿越之三世共君
43600 魔塔12层
43670 纵横篇
43804 月明珠有泪
44008 [删除]爱情公寓之星谋
44049 天付良缘（原名缘在穿越）
44099 亚特兰蒂斯
44141 【精修版】情醉上海滩
44265 【叫兽联盟】
44353 后宫之美女如云
44393 米多大冒险
44405 朝来寒雨晚来风
44445 我们之间，不只是回忆
44579 镜头里的红妆
44621 不思量，自难忘
44664 谍海·迷途
44725 纵横
44784 【仙剑4】咫尺天涯典藏版（紫璃向已完结）
44992 对，我就是那个面基之后就死情缘的渣男!
45051 【墨明棋妙】浮欢尽
45233 【古风】今昔流年
45260 修手机（正在精修中）
45336 【佛秀】皈依
45378 【烈酒】全线完结
45468 家有神猫大人
45512 学园哀歌
45807 黎运谁来书(剧情向恋爱养成推理)
45878 暗约人【161106 精修 好久不见 是的 依然没更
45908 【EXO】酒戈（更第一章部分）
45943 梦里不知身是客
46098 【家教】等你长大（完结）
46134 宸宫之清璇篇
46147 崇祯
46228 【完结】如果没有遇见你
46262 【剑三】逍遥游
46491 （二次元乙女向，逆后宫哦）Bubble Kartz
46496 雨落倾城
46523 缘分的天空
46525 白老鼠
46545 三个游戏
46588 EXO-S练习生【练习篇】
46625 将爱·细水长流
46640 黑暗学院
46652 『 EXO 』半是蜜糖半是伤（更换封面内容未更）
46658 人群中的蠢货
46681 【家教】 所谓遗憾
46775 洛颜生
46879 大唐浮生记【重置版】
46963 若那时的清澈
47014 【女尊】倾世女帝（大改立绘）
47043 【完结】出云梦 古风真人~~~
47127 绝梦方破【重新爱过】
47432 万物皆是幻(重修)
47436 伊人怜香
47458 【手绘】女王与骑士
47562 《往生》
47854 御莲台【完结】
47937 Cube之璀璨星途
48066 【精修版】帝王
48156 玛七雅朵
48262 【SJ】花美男美甲店（我爱你们）
48299 原来我是NPC
48389 女神等等我
48396 克里姆林宫之春（斯大林之死）
48397 心跳の物语_Over Here
48432 一夜成名
48457 九重樱[6.15更新吸血鬼骑士同人]
48483 All I Want For Christmas Is You
48580 月光The Moonlight[ 已完结 ]
48653 krystal 郑秀晶
48690 豢妖
48720 【EXO】在这季节(修BUG)
48808 花飛泪醉未了情-(11.22修改更新)
48939 【EXO】在云中(8.02勋白线)
48968 良辰好景美人绕
49010 恐怖校园
49049 七年°
49077 重生之晏府嫡女
49141 黑执事
49208 鬼域
49283 后宫华妃传
49371 盛宠
49419 同桌的你
49738 穿越之梦回浮生
49792 再见
49828 【权世界】谎言的故事你知道吗
49948 逗比，你穿越了！
49996 可儿公主
50021 只想告诉你
50068 你是我的心跳
50116 嘴炮大作战
50178 〖EXO〗让爱搁浅。原名用我的心....
50234 龙之谷
50334 月沉琼宫
50339 【7.21】扒衣侠大战美少女
50463 【EXO】倾夏之恋【修改中】
50580 青山中学(换了立绘)
50652 衣冠风流
50822 【微瓶邪】静候灵归 《盗墓笔记》同人游戏
50863 天使的抉择
50895 『ＥＸＯ』You are my sunshine
50899 晓采破黎夕
50965 【EXO】棱角（全线完结，放出珉锡番外）
51095 失心坞
51212 血谲：厄召【完结】
51280 仙狐缘
51294 「艺术入侵」
51402 【EXO】星迹未央
51653 【LuHan】麋鹿·迷路（暂时停更）
51662 鱼儿不哭
51716 我的猫
51807 霜月无边
51814 狂瀾 重製版
51815 风花雪月乱红颜
51843 诀别之殇
51920 苍穹之翼
51944 偷心冷医仙（更新天玑番外相知)
52017 再见，青春
52057 【EXO】为爱一生只说我愿意
52135 二货萌狗生存逃亡计划
52216 默默注视
52388 人生如花 花开一季~
52442 【重制中】新东游记
52876 【张艺兴】错爱
52879 【EXO】白月光 重置精修
52894 秦暖仙美人（仙剑秦时人物）【完结版】
52908 薄樱鬼～梦见月幻奏录～（全线完结）
52943 穿越有什么好玩
53064 【完结】穿越之错爱
53090 比想象更想你，青春
53136 修【黑子的篮球】之桐
53233 【古风】英雄
53355 心跳の梦境_Dream
53360 皇帝【8.11出宫线-丞相线开启】
53394 【重做】-情回彼岸
53500 宫锁锦集【同人文】
53545 且倾天下 浮生若梦
53634 娱乐圈之浮世绘（精修至第八章）
53641 【HP】赋：魂归亡海
53710 【EXO张艺兴】时光它会告诉你。【完结】
54051 胭脂泪
54092 凤逃
54228 status_code:  504
54282 拜见间谍少女
54306 穿越之陌上青岚（洛阳篇完结）
54393 情时多雨【催更群793967574】
54418 南柯一梦
54443 『新』皇帝不容易【完结】
54517 我与他
54545 卷珠帘
54582 三千莲落
54643 【EXO】家族迷情之你的秘密
[num = 1000] Checkpoint saved to: id_name_ver_desc_tags_checkpoint.json
54768 灯花不堪剪
54812 轮回之泪（改编重制版）
54896 一曲阳关【强制发糖】
55002 朱砂泪
55070 【古风】半绾桃花【抓虫】
55116 小学生也要玩桌游！
55278 【小打小闹】重生之无念
55364 【妄想书】轮回·めぐり
55491 [金庸同人]天龙八部段誉篇
55528 凉宫春日的测试
55554 帝姬养成计划
55818 【原创 剧情】无所依
55897 爱的告白
55994 【短篇完结】您好，世界第一可爱的公主殿下。
56258 待-十年【快逃】
56295 [全职猎人]惯性
56457 光与影
56737 穿越之仙妖缘【1.30回归】
56738 【女尊】君倾色
56787 尼莫的诅咒【KAILU】·完
56796 尔雅传【四阿哥满好感更新】
56904 民工漫——拼！拼！拼！
56908 水，鱼的眼泪
56934 结
56936 [霜花店]未起时（5.12大修中）
56967 穿越之苍平盛世
56995 魔法少女随想
57208 【穿越之】声之灵乐（全线完结）
57217 【ANTM】模特梦工厂
57244 学园默示录(5.20更新)
57247 中心少女
57277 [火影][卡卡西]SWEET DREAMS
57297 乱世成殇【本坑完结】【无更新】
58370 【EXO】等到时光都耗尽(结局变动,世勋线更)
58683 [EXO]爱如平野起风
58729 Dream.order②至少，我们曾经存在
58744 资本幻想乡
58746 Insanity Infinity完美配音版
58883 仙剑奇侠传五前传之剑起沧澜【完结】
58907 铁锈·鲜血·假面【沈要线完结】
58908 【已完结】君恨
59069 醉不成欢·两相别
59084 【谍战】孔雀（完结）
59088 【EXO】幻灵之巅(测试版未更)
59113 全场风靡
59116 【和风】雨梦楼（完结）
59137 玉楹传
59175 长安行歌
59185 无尽的冒险 Puzzle
59196 天光（进击的巨人）
59211 火力全开-高考特辑
59252 百里凰歌：女帝登极【完结】
59259 【完结】萤火之森
59283 挂机之逃离监狱
59302 [通向未来]
59323 橙光作者奋斗记2.0（预告）
59357 爱情能否重来【日更一个星期。】
59426 三国志·魏书
59428 剑君同人（左京×香夜）
59481 【支线完结】唯见江心秋月白
59614 [Exo]Lemon girl sky。
59711 嫡子生存计
59845 【S协】花奴
60275 玩坏童话
60335 橙之点击手(Orange Clicker)
60343 嘘！有狐狸出没
60427 夏目友人帐：秋行
60429 高考之约
60858 Where are you， my sunshine
60998 太初
61224 【同人】轮回之赵灵儿
61354 （OnePiece）航海日志
61356 穿越之情缘
61371 EXO之变脸鹿晗篇!
61382 古风-美人图
61386 猫的抉择
61399 【全线免费】倾世奇缘
61404 【少时】Someone to Love（允侑）
61414 逆袭之星途闪耀【叶橙线】
61461 【韩风】娱乐圈成长之旅-7.1更新-
61501 秦囚
61556 我的孤独，虽败犹荣
61573 时间猎者
61664 猫鼠游戏之无限循环【完结】
61675 缘念
61701 【山东卷】说好的颜如玉呢(免费)
61728 【EXO】约定·Promise
61758 凝香玉
61766 东方不败【周更阿逍线HE收尾】
61968 【真人】须臾与不朽（正文完结）
62004 【EXO】深海爱人【开启吴世勋线】
62056 落花情【回归，仍旧是万年大坑
62080 穿越？骗人的吧！
62096 浮生若梦长相思
62307 那一寸柚绿的时光【主线并无锁花】
62333 你的明星路-sm公司（东神、EXO-K、SUJU、鹿晗线完结）
62412 妖乱风华
62683 亲娘不易当
63264 【EXO】紫瞳·触摸不到的恋人
63481 无尽的橙光
63705 大学新生
63716 枫之叶
63838 唯女子难养也
63871 EXO-世界奇妙物语[灿鹿勋白]
63937 琉璃碎【努力周更】
63969 慕南为后
63991 TFboys【十年】试水版
64039 status_code:  504
64053 【新课标2】让我们“野”起来（无选项）
64063 EXO-乌托邦的秘密（6月19黑世界更新）
64100 单身挣扎记（DM公寓的日常）
64203 【盗墓笔记瓶邪同人】不送赠品就差评
64243 旧梦之（南国殇）
64247 坠   ～失忆少女的夏之回忆～
64269 [完结]言叶与歌
64342 大雍纪事
64482 【黑篮】诚凛高校の谜样彼女
64511 九生十世
64513 忆王（女尊）上部（精修中）
64575 一枝梅
64681 若TF是海我愿溺海身亡(更）
64699 【广东省】(鼠绘)点滴
64715 status_code:  504
64805 【广西卷】弥留
64819 【广东省】让亲情永存 让记忆不变。
64831 【广东省】泛黄照片我们的回忆
64841 【上海卷】沙漠与绿洲
64844 【江苏省】不朽
64886 【江苏省】她的美
64895 【天津卷】假如脑子里有智能芯片
64903 【山东省全国卷】大家眼中的世界
64908 【四川省卷】绿竹猗猗，有匪君子【精修版】
64920 【湖北卷】他人的看法
64934 【广东省】回忆照-致我们将逝去的青春
64945 【北京卷】规矩你懂多少
65012 【广东卷】黑白记忆
65013 【安徽卷】改变！我们命中注定的人生
65019 【全国卷】高考作文零分记（更新福建卷）
65021 【重庆卷】打碎的杯子
65023 我如此深爱你(世勋灿烈)
65047 【四川省】站起来，跑！
65063 【上海卷】绿洲与海市蜃楼【完结】
65066 【江苏省】不变的信念
65086 【四川卷】站起来，蓝天
65103 2014高考题目大乱斗
65107 【天津卷】智能的芯片-迷失的人心
65109 【北京卷】老北京的故事
65133 【新课标II】喵了个咪[配音完结]
65137 【江西卷】探究·古物
65156 【广东卷】尘封的往事
65168 【江苏卷】荆棘古堡
65172 我的老师是只“熊”【圣诞狂欢，全场免费~】
65173 【浙江卷】风居住的门路
65193 【江苏卷】风过无痕，青春永驻
65208 【上海卷】死生亦梦
65218 【江苏省】纪念我的旧时光
65223 【江苏卷】致于我心里不朽的青春
65225 【四川卷】请站起来
65246 【湖南卷】心有所向
65248 【北京卷】朴灿烈北京打工记
65249 【浙江卷】　《门与路》
65254 【天津卷】末日
65257 【上海卷】自由与不自由Free
65260 【广西卷】护工之完整身体
65280 【福建卷】空谷亦崖亦匿桥
65295 【湖北卷】态度：决定一切
65305 【湖南省】乡村的变化
65306 【广东卷】珍惜剩下的时光
65307 【江苏卷】伞爱
65319 【辽宁卷】那一片星空
65320 【安徽卷】剧本
65323 【天津卷】机芯人智
65333 【安徽卷】迷惘的星途
65342 【大逃杀特别版】猫鼠游戏
65344 【上海卷】爆笑三国之当曹操遇到沙漠
65364 【浙江卷】EXO之门后面的‘我’
65368 【广东省】让记忆在时光中永恒
65369 【江苏省】海棠依旧笑春风
65370 【安徽省】不能修改的剧本
65376 【新课标2】溺爱
65382 【江苏省】不朽
65394 【辽宁卷】鹿港小镇
65399 【天津卷】芯片，心片
65400 【广东省】逝去的1943
65406 【天津卷】800年前的芯片
65407 【浙江卷】莫比乌斯困境
65415 【湖北卷】你是我亲眼所见的美
65427 【四川省】献予我世
65433 【天津卷】违芯
65441 【江苏卷】谁把不朽唱成歌(6.14重修版)
65447 【广东省】致我们终将逝去的青春
65448 【浙江卷】亿万个世界
65473 【辽宁卷短篇】霓虹灯上的星星
65478 十年
65489 【原创-现代】特殊身份·更换封面啦~
65491 【四川卷】无言的挣扎
65503 【浙江卷】启明路5号门
65509 [辽宁卷]霓虹星空
65533 【北京卷】老北京变了
65538 【上海卷】迷失
65540 【重庆卷】合租屋
65548 【安徽卷】樱之华[更换立绘]
65555 【江苏卷】不朽
65559 【上海卷】心之荒漠
65864 执子之手 甩你巴掌（6.1）
65994 血染墨香花颜乱【招募分线剧本君】
66082 公主的感情属于谁
66162 【EXO】日光倾城
66352 淅淅梦影
66414 整改，勿点
66416 BLACK WOLVES
66469 【新玩家勿戳】花心王爷花心妃
66476 挚爱君一人【真人古风】【取消陈晓立绘。更换为袁弘】
66551 谋杀备忘录
66571 蝶恋
66588 【已弃坑求删】执事
66621 吸血鬼｜Thirsty（更换W立绘）
66653 他们的世界
66692 凝魄飞霜【4.16凌、苏】
66722 【本体+SP全完结】天黑请闭眼
66751 【全篇完结】穿越之惑心良缘
66840 红颜殇【游戏大修】
66974 TFBOYS与四叶草的那些流年
67019 【EXO】爱的玻璃心（更新《失忆男友》支线）
67073 乱世玉锦
67259 网游之萌步天下
67392 【轻养成韩娱】蜕变之路
67512 红袖添香【更换ui】
67734 兰陵随歌【主线完结等番外】
67829 【短篇】恶搞三国之当曹操遇到世界杯
68195 深藏功与名
68427 末世进化论2【全线完结】
68433 陌上卿心【王朝攻略志·外传·江湖卷】
68611 [EXO]Because of you
68619 【HP】逝去的欧若拉
68664 女配上位记
68686 【EXO】花语
68715 status_code:  504
68727 status_code:  504
68841 [短九]青春之梦想-EXO（完结）
68896 【短九】念浅【完结】
68947 【看公告】雨过天晴
68982 情如逝川【民国】没错我滚回来了
69007 【短九】编辑的日常
69032 镜月辞【日更定制立绘主题曲】
69052 一起来看exo
69114 【短九】 鹿晗！等等我！
69119 【短九】七侠五义同人--命由谁定
69150 【短九】文昭皇后（全语音版）
69164 【短九】春暖花开
69194 【短九】菱花镜(全线完结）
69291 【短九】华丽梦宴
69320 回忆的羁绊（大更中）
69485 【短九】半梦半醒
69541 【短九】庆幸遇见你
69546 夏日一瞥
69554 魔君大人万万岁
69591 反派BOSS与妻子的恩爱日常
69633 【短九】一天一天
69654 《心锁深宫为君狂》
69696 【HP】藍色妖姬
69716 陌上花
69772 【短九】樱(完结+无选项）
69776 一语成谶
69777 【真人校园】薄光
69783 『EXO』梦之轮——堕天使
69906 【史诗宫斗】苏后秘史（日更2000）
69954 【火影】不再让你孤单[精修完结版]
69955 【R社】遥不可及的你
70062 【SJ】Je T'aime For 贤旭
70067 【悬疑推理】路-11.15更新关于女主人的审判
70170 【BTS古风】摘星
70183 【短九】密码君快到碗里来【完结版】
70353 长恨离歌
70619 天川之剪烛
70676 【EXO】还愿日记
70739 我的假期
70797 《以日为年》
71034 【短九】EXO XUN&LU 在夏季等风吹。[完结]之后就会不停地修改
71114 【短九】此夏彼夏
71142 【短九】怨路（已完结丨配乐版）
71215 【短篇】MODEL养成计划（完结）
71221 【短九】Nine：变数·前传
71227 【火影】翌年语（上）
71231 【2.14灿烈线更新】梦里翩翩少年来
71303 【短九】十六厘米的养成计划
71304 【短九】攻略人声杳杳
71313 故是
71338 【exo】在美丽的未来等你
71343 【短九】童话不落帝国
71351 【7.3更新】三生缘起二情怎缠绵
71382 【短九】婉声
71424 【短九】六日橡皮（完结）
71427 龙冥学院【外传】
71484 【短九】0.5次恋爱的距离
71514 缘定今生【10花制霸】
71537 【短九】月柔花殇（完结）
71658 【短九】花与少年
71682 【短九】花开莫离
71703 【短九】锦瑟 【完结】
71719 【短九】[剑三]焚花
71743 【短九】沙罗
71774 【短九】查纪-与妈妈的约定
71797 长腿叔叔
71825 【宅斗·权谋】庶女攻略
72003 【EXO***】倾你心，愿爱我(加更番外）
72060 【短九】浮生奈何人遇错
72069 童话白日梦·EXO（5.3灿烈线更新）
72085 魔法师【BUG修正】
72088 【短九】橙光签约作者之恋
72187 直到我归于沉寂【APH冷战组同人】
72261 大众情人
72295 【短九】王子与恶龙
72329 【短九】妥协
72334 【短九】谁杀了我
72377 【完结】如意狼君你在哪！！
72529 【短九】繁华落尽，你欠我的幸福
72593 【短九】初恋100年
72617 【HP】Magic World
72621 凤凰于飞（完结）
72648 【短九】今生缘·半城明月照昔人
72714 【短九】老妈老爸浪漫史(HIMYM同人)
72778 【短九】Asphyxiation-窒息
72793 【短九】局中谲外传江琰妙双篇
72839 星光眼泪【上部】取消鲜花
72872 四尊【巡凡篇】
72882 血降云花(内容无更）
72990 【短九】游戏三日情（已完结）
73060 【短九】小确幸【完结】
73227 【短九】属于兔绒夫妇的一天（完结）
73243 【古风仙侠】莲华九绽
73531 【短九】圣安琪医院
73626 魔法少女とある·マギカ 同人版  空想★の物語 (  PUELLA MAGITOARU MAGICA)
73675 【EXO】Baby Don’t Cry
73676 【短九】赵姑娘和李先生的爱情故事
73826 美狐九尾
73840 【猎人】站在雨里看烟花
73908 以前相识.现在陌生「糸糸配音」
73998 【剧情修改】林女小烟
74124 SyntheticGlory人造荣耀V1.1【5月2日修线更新】
74177 秘密情人（一号故事大结局）
74212 【短九】凉宫春日的测试2
74239 体操男孩
74244 【短九】再见，亲爱的薄凉少年（完结）
74268 【短九】情深不“瘦”
74456 【短九】娱乐圈奋斗之路［完整版］
74497 【短九】玩偶与傀儡
74582 彼缘【手机端鲜花加属性通道关闭】
74596 双重世界
74614 【短九】时之祖巫
74626 梧桐生矣;于彼朝阳
74655 【民国抗战】烽火阑珊(完结)
74672 【千源】余世苍茫
74691 【主事业线】TFBOYS的情谊
74776 小情歌
74874 【短九】红颜乱
74908 【韩娱】Wings.练习生篇
74924 【短九】弑君之高了个考
75006 一念执着 两世相思
75018 【短九】谎言X
75027 女王的男人
75040 【K】白银少年
75117 【短九】泰爱你之维尼夫妇
75150 【短九】回忆碎片
75205 【短九】曲终人未散 8.17 完结
75321 卡斯塔亚魔法空间【世勋线重更完结】
75354 【短九】viva la vida
75554 【短九】我在雨里等你
75569 (EXO)谢谢你来过我的世界（宣传）
75571 【短九】异手
75661 【短九】树妖（完结）
75760 伊甸园（停更）
75763 【短九】穿梭：城市边际（全原创素材）·完结
75765 穿越之情之所钟
75905 【短九】Weirdness
75985 【EXO】万劫不复
76210 【短九】太阳与海
76478 陌上殇未央·月牙传（加锁）
76488 【短九】MEET YOU
76585 上邪【精修】
76674 【短九】百枚硬币
76678 Princess【正文开更】
76705 【短九】那些年
76778 银河学园恋爱物语
76791 【短九】一缕轻纱似薄雾
76833 【短九】我们相遇的季节
76925 【5.29更新】长安无你不过空城
77105 浮生若梦
77128 嫡庶无别【虐姨娘】
77235 【短九】【EXO张艺兴】Falling stars 坠落的星辰
77245 【短九】地府一日游
77436 静水本无忧（恢复更新）
77464 【EXO】爱情 向前进！
77537 【短九】下辈子，我们还会遇见对方吗？
77543 【短九】当我们一起走过
77566 清时明月照谁家【景阳宫线更新】
77664 【完结】威灵庄园的秘密
77792 【短九】-7.14完結-與死神的49天交易
77960 【短九】公子川
78030 【T-ara】Know the feeling.（更新素妍线）
78110 【黑蓝同人】OverTheRianbow
78178 【短九】暗访之谎言（全完结）
78179 【短九】如果
78183 宿命之蓝眸
78195 [EXO]离梦
78213 【朴灿烈】最后的初恋【4花修改】
78239 【EXO】第八轮（无选项）
78350 【EXO】深海再深不及人心i
78356 【主李胜利】听说
78357 【短九】我的小小二次元女友
78397 【BIGBANG】【TOP】The Red Peacock【完结】【恋爱】【明星】
78429 【短九】吸血鬼日记
78508 【EXO】狼霸
78534 【短九】EXO暖心（新封）
78718 [EXO]来自地狱的天使
78729 Routine!
78737 【凯线完结】四叶草在未来唯美盛开（TFboys）
78772 【短九】橙娘诞生记（8.21完结）
78996 凤凰于飞
79088 【短九】花落花开终是剧终
79319 谁也不知道
79336 【短九】ALLATSEA-完结
79380 【短九】字中灵
79426 【短九】遥语亦知灵（胡歌X刘亦菲）
79437 宫锁于妈
79439 【短九】以梦为名的彼方（完结）
79451 六岁皇后
79501 【短九】雏菊-unrequited love（圣诞完结版）
79619 【短九】宝贝在家呢
79644 许你一世恋
79653 【短九】爱我的 我爱的 EXO
79670 谧谈之诡屋
79817 [灿勋BG]秋风词[已恢复剧情]
79828 【短九】这是作死的节奏！[1.01]
79899 【EXO】人生不如意
79908 【短九】妄念
79911 「来日方长」贤线完结
79956 【短九】TFboys永远是朋友
79992 【EXO】花美男咖啡店
80033 【短九】画魂
80035 【12】青春你好.（回归，未更新）
80058 【短九】请告白1997
80076 【短九】逗比的小精灵们
80119 三世之缘
80149 【武侠耽美玄幻】泣葵歌
80169 Return
80179 【EXO】身未动，心已远(精改第一章)
80292 仙骨奇缘
80302 【短九】【卡牌rpg】超荧光幻想：海王星
80328 【短九】爱在蓝天下
80380 【侦探悬疑】爱与恨的设计
80417 【短九】生之清秋锁
80621 【短九】伊诺·云归何处（完结）
80700 紫禁红墙
80707 丧尸围城
80748 今夕何夕
80754 【短九】世上最遥远的距离
80788 【短九】顶级爱恋  FOR  SJ
80997 【古风】墨客
81144 【精修版】伞下何人（2015.1.3）
81161 【***】是你给我爱情的海洋（未更）
81244 status_code:  504
81246 【EXO】小狼也会爱上米（原名：爱上奇葩星团-EXO）
81250 status_code:  504
81278 通往婚纱之路【秦暮然帮助线】
81340 【短九】在这平行的美丽世界。喜欢你，在很久前
81378 【火影】写轮眼少女奇遇记
81382 【短九】海猫轮舞第一夜
81388 智商不够重生来凑[再不更新就明年了]
81402 【短九】每个人都有一个死角
81422 running man之水枪邦德【完结，新坑《幸存者》发布】
81438 陨星
81494 【全职猎人】一半的绯红
81637 【短九】女帝后宫
81642 孤独游戏者2：地狱之行【解密码向】
81712 【短九】普通人的幻想乡之未来 （完结）
81754 我的学生萌萌哒
81889 橙光约会平台 v1.0.120.0219 [新春限免中]
81925 【短九】猫之恋
81929 【EXO】白驹过隙（8.23更新）
82027 【EXO短篇】他是我的梦
82208 【端午特辑】天下平安
82343 万万没想到之程序员被关小黑屋
82469 heart broken （7.10重整并更新）
82576 犀利仁师之欢喜冤家
82583 髪香
82606 【短九】雪之痕（加入圣诞特别篇）
82662 【家教】风与樱之歌I•希望（只有重要的预告！）
82672 大宋好瓦盆[卖身求分享⁄(⁄ ⁄•⁄ω⁄•⁄ ⁄)⁄]
82709 【EXO】爱情闯进门
82711 尘烟破【11.08更】
82778 【开度】北方有星辰（第七集）
82791 【短九】天空的顏色
82820 【短九】冬宫丽影[完结]
82963 【短九】入戏果
83161 当时的我们
83187 恋花缘
83218 【短九】梅雪(完结)
83319 【短九】昨夜星辰（吴世勋）
83322 阿丐的阵营之恋
83462 青之月、赤之月
83480 无限野花❤绝世千金☀
83625 何处是归途之念君心[换立绘,无更新]
83669 【短九】十二星座（魔幻）(番外更新中)
83823 梦醒请你忘了我
83838 你为我着迷Cnblue
83863 穿越之隋唐梦
83971 《青玉案》
84015 Emotional_余温重顾(更新伯贤线)
84063 【短九】盗墓笔记—十年（完结）
84069 梧桐客栈之梼杌链
84205 【短九】穿越之坑爹的问题
84241 【BTS】性恶论[小更]
84399 【悬赏任务】（完结）TFBOYS--花样少年
84482 【短九】阴森古堡事件
84501 【尘世缘】宁子不往（改前三章）
84530 失宠妖妃：逆袭！霸道夺爱
84538 已迁至新游戏（书中风月）
84556 【短九】    期待
84583 【短九】世界另一边的三个我
84685 【短九】此间惊魇
84702 [真-RPG]繼志續劍封天途
84704 【完结】许你一世满心欢喜（吴世勋）
84708 我最最亲爱的哥哥（未完结）
84714 【EXO】何以述情深 鹿晗更
84716 【短九】末世
84773 西厢治疗记
84798 浮生之皇帝传
84846 【短九】久别予赠书
85016 【短九】替我跟往事说一声
85053 【短九】思念太长，我们不等
85084 【重要通知】克洛维的冒险
85098 【小剧场微更】爸爸去哪儿第二季
85134 【短九】我的未来不会有太多人在（357同人主钟会、28更新）
85178 所谓嘉人（停更）
85333 【EXO】花样年华 （增加鲜花通道）
85386 极寒【未更新】
85545 分崩离析·上
85555 【短九】我与塔西卡在这里等你
85594 锦娆传（更换正版立绘　补充剧情 更新）
85645 【短九】租个达达过暑假
85714 【短九】邀梦居
85773 女官（大改）
85913 ［短九］画壁
85923 【短九】仙人梦
85979 吾皇万岁【5.15更新3000 ！游戏恢复周更~】
86061 大小姐驾到║穿越
86096 【短九】白日眠
86135 【短九】每人一个几何形状（完结）
86155 浪漫樱花季
86159 城殇旧画
86174 【短九】（朴灿烈主线）twinkle little star
86181 尼科巴新后历险记
86203 综合征
86253 【短九】死神联盟
86425 【短九】别低头皇冠会掉i
86580 午夜，是谁在惨叫。
86603 【短九】若还是晴天(灿烈结局完结)
86652 【TFboys】此去经年
86732 【短九】蝉鸣之夏
86738 【短九】情缘（已完结）
86812 三人行
86825 【短九】诺
86877 初音未来 歌姬成长计划
86886 进击的宫斗
86912 【全线完结】当星星遇上月亮
87100 无方
87114 长安何处
87280 【EXO】当时我们未完成的爱[7.13更、起始游戏请按时钟时针]
87285 倾尽天下之血蝶
87310 【短九】情到深处人孤独（完结）
87334 从前我死去的记忆
87351 相负此生
87364 死神来了
87371 浮生赋
87488 【短九】Sayaka Glassy【完结】
87629 少年，那些年。
87743 【EXO】行星学院之十二异能校草（1.12已更）
87791 【短九】模特風雲－轉戰戲劇
87855 【短九】盛夏小时光
87860 [学科拟人]走近科学
87930 【短九】璀璨天后
87945 【短九】结婚大作战（完美婚礼养成计划）
87949 春风不识路
87958 【旧版投资】玲珑
87972 皇上不开心
88002 【短九】百鬼夜行
88025 【EXO】再不表白，她就成别人媳妇了
88026 长相守
88030 【民国】风华故梦（游戏重置中，切勿下载）
88037 【短九】EXO--你是我的白开水（完结）
88047 逸夫楼
88048 【短九】三个人的时光
88058 【EXO】初拥
88090 【短九】时间悖论
88222 【已完结】此生不换
88299 Running Man
88375 采撷
88445 【短九】[千我]缘茶茶缘
88461 奇妙故事会（完结）
88515 【短九】清潭洞的爱丽丝（全线完结）
88624 【吴世勋】时不我待(完结)
88660 一言江湖
88677 神女修炼之姐妹花
88700 哆啦A梦之大结局
88720 EXO 那些年
88904 【短九】微光
88968 【短九】西西弗斯魔咒
89022 暮霭沉沉楚天阔
89038 桃花情
89078 【野花无上限】留月人间
89172 【星罗大陆】光与暗之歌
89179 【短九】小区那点事儿（完结）
89271 【短九】兰且向左，涉归不右。（完结）发布新结局
89303 【EXO】幸福总是来之不易【完结】
89312 那年春风予巴乡
89330 【短九】-上邪 -（完结）
89574 【TFBOYS】说好的幸福（完结）
89623 【EXO班】献给时光的我和你（6.18大修改）
89629 【短九】爱情公寓之一舞倾城
89633 【短九】初恋是件小事(完结)
89744 【短九】你是我回不去的曾经
89803 世界之外
89872 【短九】半晴天
89953 【短九】一生为权
89964 [EXO]怎么说 如何做
90028 宫遗梦
90033 【完结】十日学园
90122 【少年包青天同人】婉柔传
90192 【短九】書·三卷【完结】
90222 流年已成画（凡兴线已完结）
90274 【短九】坠入爱河
90288 [退圈作]（原创立绘CG）百种死法
90293 【古风】清歌妙舞风吟梦(啊明天准备大干一场！)
90477 君梦成殇(配音版）已更改立绘
90558 【EXO】 Hello Mr.RIGHT
90560 【EXO】男神食用手册
90569 【EXO】狼的吸引【精修版】
90581 TFBOYS-我比想象中爱你（剧情未更）
90623 【短九】御客様，亚拉那一卡
90848 【短九】从你眼中溺于海
90943 【家教配音】请允许我爱你
91204 此间忆难寻(三线均更，元宵节快乐）
91243 TFboys情不知所起
91330 【短九】催眠后的世界
91370 Wake up-曙光
91506 六兆年零一夜的物语【黑篮】
91559 TFBoys偶像手记番外篇
91634 桃落尘缘(大修ing)
91645 [TFBoys]在你眼底，在我眉间
91758 【TFBOYS古风】南柯-奈何是泪  {作者回归}
91811 FREE！恋爱重播
91819 【短九】那抹笑颜ヽ已成傷TFBOYS（完结）
91827 【EXO班】就算没有未来。灿白开度牛桃
91852 【短九】素绾(已完结)
91896 【短九】怖屋
91910 【短九】X搜查局之失踪
91933 穿越之女配逆袭记
92027 【短九】冷妆
92064 【短九】阿茹茉妮
92075 【短九】“空城”的故事
92155 第一皇妃（更新2000）
92216 TFboys之再见旧时光
92621 【古风真人】红尘英雄冢
92648 福祸相依【添加养成剧情】
92741 就等故事都经过（新坑发布：一剑成执一念痴）
92791 尘缘
92827 云外山河-烽火篇上（修订版）
92873 【短九】江湖八卦志（前传）
92879 Running Man间谍游戏(小小更，通知必戳)
92928 【SJ】Ik hou van je For 源范
92944 【乙女】梦如沧海醉拈花
92965 君临天下（皇帝）
92974 【短九】每场青春都有弯路（已完结）
92987 【短九】我们の故事
93003 【短九】逃（灵异向勋鹿同人）
93090 [完结]tfboys之腹黑男人别想逃！！！
93112 【短九】花吻·记忆碎片
93113 【短九】枯叶之蝶（精修完毕）
93231 神赐予の十四天【2016元旦开始恢复更新】
93287 【短九】文姬归汉
93330 【短九】心已冰封，爱已荒芜
93400 逆光【番外5000，重要公告必看】
93455 【完结】男神等等我（二次元全正版√）
93490 【8.21更新】只有君如故
93523 【江湖凶案】相思
93560 【短九】君思过[完结]
93561 『EXO』暗月之匙（小更小改）
93575 【ｅｘｏ】彼此的诺言
93623 【6.18修更】各安天命
93677 浪漫学院【制作新游戏中，此游戏暂封】
93724 【宫斗】谁知后妃泪（开学前更新2000字）
93782 【短九】碎忆圆舞曲
93958 60天，制霸EXO！
94068 慵懒王妃哪里跑【第二部发布】
94109 【现代】娱记不好当（完结撒花）
94117 【短九】你若安好，便是晴天。【完结】
94155 【短九】故人叹【完结】
94168 小菊花夏愿愿vs凹凸曼
94242 (鼠绘)我在人民广场吃炸鸡
94283 金俊勉·听得见吗(超短的番外……)
94311 萝卜兔枕头
94381 3000年帝国
94409 哎呀~这么讨厌还真是对~不~起~啊【1.31 适应章·改】
94418 【短九】春日之诗（完结+番外）
94444 【悬疑惊悚】馒馒来妖梦与看明白就很恐怖的克苏鲁神话
94498 【短九】海之晶
94530 声优事务所
94678 【短九】[金珉锡]只是你不在（520，感谢一直都在的你们）
94728 【短九】若回首
94741 【短九】(网游)橙娘来了，湿父求带！
94854 [吴世勋]First Time-第一章部分
94884 你的身后有我
95065 【易烊千玺】像星星一样
95066 【耽美配音】绛皓残像·大朝（尉铮线完结）
95076 【EXO】刺骨·欲-吴世勋线完结
95113 【短九】拯救御坂计划
95143 梧梦灵隐【恢复更新】
95179 School Years
95262 【全篇免费】【公主】曦月传
95309 【短九】Ich liebe dich For 赫海
95326 【瓶邪】小爷的爱人跑不掉【神坑作者回归】
95350 【短九】[默守]★完结★
95481 TFBOYS（悬赏任务）超新星纪元
95664 【短九】夔龙黄玉佩
95749 【短九】七情蛊
95825 【原创立绘CG】【乙女】---鸦---
95899 『exo』外星人的学院之旅
95950 回首、彼岸花依旧盛开
95990 『快穿』李俶哪里跑
96118 【短九】仰望
96145 【exo】白雪少年【完结】
96160 橙光版北京浮生记
96213 豪门傲娇千金
96286 守护之光I·无法抗拒的命运
96291 【短九】雨霖铃
96410 【GOT7】Forever Young I(完结）
96463 凤祸江山（8.6 苏锦楼番外放上）
96484 韶光不负(公布重要通知）
96536 【短九】Dark Melody
96560 [短九]夏日的思念
96562 【EXO】囚亡
96572 【短九】筠若只如立初(吴世勋)
96650 大宫秘闻
96701 【EXO】梦想成珍（10.1国庆回归，下午大更）
96741 总裁的豪门前妻
96881 少女妙探I——温耐特家族事件（宣传第二部）
97112 全新版·【烙心之痕】
97124 status_code:  504
97125 【古风】丹沉泪寒（游戏崩溃，缓慢修改））
97239 丑女大翻身【正版素材替换试用】
97356 江山美人
97359 遥花(重制版)
97382 【TFboys】黑暗无边与你同肩（1、2 部）｛更新｝
97393 总裁，爱住不放
97454 【Winner】Different(修复乱码)
97474 【灿白】城与岛屿（大改设置，加更剧情）
97479 第一百零一次面试
97583 【短九】妄妖心（已完结）
97638 千金笑(11.2李越卿、容晓、蔺平安线）
97643 【短九】愿望树
97674 【短九】微光拂晓（完结）
97675 【短九】东方赛钱箱
97853 [完结]名侦探柯南之血色深情
97871 无法预料的恋之歌
98024 【短九】Schweinski
98348 你好，魔王（被动线完结，番外待补）
98361 【悬赏】声之王子殿下
98369 秘语
98387 【短九】最爱你的天使睡着了（增加番外，修改封面）
98466 -EXO-雨后恋歌
98476 【短九】映雪劫
98495 是疯了吗
98513 【短九】绾君心
98594 【短九】是美男啊
98655 【短九】那年的星辰（游戏大换血）
98676 迷魂记【增加个人属性栏】
98694 【EXO v.s Runningman】超能力特辑
98781 【短九】预谋（完结）
98803 【仙侠】花与殇（修整）
98835 【短九】我的小小剧场
98865 三途旧梦
98968 【短九】混沌一班
99089 仙国女帝
99272 【短九】论神经病如何在作者护犊之下作死
99398 【短九】朴灿烈恋爱记
99411 【边伯贤】完美情人（7.25小更）
99493 月下怪盗【7.22更新】
99532 游园惊梦【只更了番外！！！】
99575 【短九】NNUTC编导生
99595 【短九】归去来兮
99605 【EXO班】听风且吟
99777 【古风】烟笼寒水
99812 ＢＯＳＳ大人太腹黑（完结）
99819 ｛ＥＸＯ｝鱼巷猫未随8.20完结
99842 绝世废材倾天下
99866 【连载】每天都在穿越╭(′▽`)╯
99992 【短九】美人计·殇（完结配音版）
100023 【EXO】冰凉薄荷
100153 吾本非草
100242 丧尸的逆袭（停更看简介！）
100268 【EXO】异界血族
100425 【HP同人】FIVE DEADLY SINS
100479 【SJ】百年孤独
100575 [朴灿烈]我们之间 （完结捉虫中。。）
100614 【短九】【悬疑】雪色三日
100617 【短九】鱼恋【更新番外：蝶恋】
100641 海棠梦（完结）
100715 英雄贵姓
101002 风月无情（原名：杀手这个职业）
101018 【短九】半生菩提半生荼蘼（分享喜讯）
101061 不忘初心-BIGBANG【结局前线】
101090 【短九】金陵四日游
101114 宝络传【古风真人】【16年首更怕大家忘了剧情，跳转线往前拉了一点】
101166 【EXO】明星（修复菜单）
101422 末世进化论1【更新新剧情中】
101550 情缘劫
101562 【短九】佛痛（12结局 封面树8番外）
101635 【短九】思何断（已完结）
101737 老公我们不撩-全线完结
101741 【EXO】心不动，则不痛 庆回归
101774 【短九】命运交叉的墓穴
101804 笑面妆
101849 【EXO】灵魂小贼
101940 三千珠翠
101994 七夜杀
102128 【HP】新大陆琼斯家族秘辛─隐没历史洪流之谜─(冬日沉寂版，寒假期间挥动『先知』的魔杖开放)
102152 【修真养成】逆界
102155 【TFBOYS】原来是美男啊
102336 【短九】病态爱情
102400 【仙剑4】《紫牵纱随》紫纱向
102464 【短九】竹马入梦来（重修主线）
102495 【HP】 Choice
102593 【短九】似真非幻
102614 梦之彼岸I【11.29】
102618 别寻
102632 【TFBoys】助理之路 路漫漫
102648 【短九】TFBOYS-寻找
102656 【EXO】陪伴或许是最好的
102674 【短九】枯叶之蝶
102715 【T.C.】念
102759 致我的爱
102768 【HP】Hogwarts Life
102794 【短九】素罗淡淡挽卿心
102846 千千画琳琅【卷四·光与暗】
102889 沧海之境
103013 【EXO】今夕何夕
103071 治愈你(开启鹿晗、钟仁线）
103252 我的妻主是娇花
103280 【短九】Summer Youth（夏日青春）
103283 【短九】琳琅巫女
103350 安徒生的事
103367 【短九】只道是寻常
103377 【EXO】那年樱花，掉落满地
103382 龙治天下—（全线、番外完结）
103387 【短九】那年，那场狐雨霏霏
103426 梦之旅人
103440 魔王 Beelzebub
103629 憶江南語【4.7更新】
103684 【穿越】错生缘
103719 哈尔的移动城堡
103841 倾世离歌
103847 【短九】马里特的油灯咒
103874 笙歌颂
103900 【短九】仇念
103908 【短九】黑海Ⅰ：鸩
103921 【短九】江山国色之凤栖雨桐
103938 上流社会【未更，修复好感度】
103976 【短九】吴少年蜕变
103984 【EXO】许你一世良辰美景[回归橙光精修第一章]
103987 【短九】甜甜之恋
104123 【凯】对不起、我爱你（完结）
104268 【短九】穿越之不忘初心
104274 【短九】angel love完结
104375 倾尽天下
104408 面具[TFBOYS]
104428 【短九】百鬼夜行之雨女（8.25更新部分UI及剧情）
104431 【短九】玲珑骰子安红豆
104549 君本红妆
104663 【短九】点评达人（完结）
104716 【短九】EXO羽化的时光（金珉硕、***）
104835 【独孤皇后】梦醒长安-完结
104853 【EXO】CLOVEB 灿白
104856 【短九】妖孽很行
104864 【偶练&灿勋】掌心·返现活动
104874 皇帝观察日记
104904 【短九】我的邻居是校草
104913 【劲舞团-我的故事】王俊凯：凉心
105031 【短九】东方梦终剧(更新至EX篇)
105041 强行逼嫁
105152 （换封面）【短九】木藤蓼·EXO（完结）
105185 【完结】LOL俱乐部
105301 【短九】六轩岛8系--爱都医院篇
105325 呆萌来袭之萌宝闯天下
105355 【短九】纯友谊
105359 【短九】AMNOS演艺经纪人
105389 寻龙记【莫问线完结】
105572 灵魂成长笔录
105603 学生之旅
105614 【EXO】男朋友是爱豆黑粉
105617 【短九】郎骑竹马来[完结]
105660 【短九】花名奈何【完结】
105771 【EXO】遇见他们.异能
105811 【墨明棋妙】一寸相思万千劫
105832 耀眼女配【算是回归的粗粗修】
105879 [EXO如果时光深溺于海
105919 【短九】最后时光沉成海（完结）
105920 You're Out!
106001 【短九】贝克街221B的邻居
106034 星辰殇（第六章）
106040 【短九】【已完结】嫣然倾天下
106076 【短九】银刃之歌
106110 【迷你更】Code Name Blue(CN)
106196 【短九】魔女の条件【配音】（完结）
106440 【BTS】Question（没更）
106500 【短九】凤凰九重天
106545 天使的执恋【已完结】
106573 【***】给你的爱一直很安静
106579 十二贵族少爷
106844 【EXO】木偶情缘
106875 【短九】热爱生命
106931 【EXO】生命之树（6.12-Ch.21完）
106998 【短九】别于此•Baekhyun
107074 未完成[鹿晗]
107141 【第四章完】春光易老，恰好相逢（EXO）
107145 实习29天[完结]
107150 你造吗
107153 离人醉【好感出炉+全线完结】
107226 【短九】惩罚
107242 神朴公寓【开不开心】
107254 本宫教你玩宫斗【女王线开启】
107272 【短九】青萝
107357 【短九】寻找爱的旅途
107492 为你轮回
107601 20❀·新还珠格格·一箫一剑-完
107660 【HP】Nirvana
107694 【古风原创】胭脂泪
107703 遇见
107709 【短九】黎明未央
107743 【短九】凤求凰（完结+番外）
107788 光之梦缘（大结局呈现，更换动态ＬＯＧＯ，清明节免费）
107860 王朝过客
107892 【短九】晚安爱丽丝
108015 总裁夺情：丫头哪里逃
108045 我们都是坏孩子预告震撼发布
108093 为谁青丝染霜雪
108099 【ＥＸＯ】夜微凉、天亮（暂退橙光，六月再见）
108237 后宫三千人
108325 一两江湖二两银子【修改立绘】
108445 First Lady
108454 【短九】断章
108542 闇魂の歌HD ver1.0.1
108633 【短九】伞缘
108731 我依然[完结BaekHyun]
108785 【短九】出画
108842 王牌高校
108877 【短九】繁花落尽成一梦
108944 福晋身高150【全线翻新】
109124 【EXO】你就是我的小星星（两个完结）
109247 穿越之涅槃重生
109276 【女尊】荒城（作者处于情商掉线状态……）
109432 （东京喰种）与喰同行【12.17暂别】
109713 【短九】逃婚记·王道向（桃 勋）
109716 万万没想到
109775 后宫·真爱无悔
109798 【凯我】因为爱着，所以记得（更新玺线）
109811 【短九】一个女山贼的日常
109893 Sinsoledad · 鹿过你
109960 【EXO】寻（时隔三年的大结局）
109988 蝶上吟之奈何缘浅
110150 [TFBOYS]灵异事务所
110197 【短九】[TFBoys]No Chance｛番外｝
110226 【短九】凤凰
110271 傲娇少女三穿越【终于可以更新第二世了】
110278 【家教】一周的朋友[已完结]
110311 【短九】C&C
110379 【双骄】上九
110436 【短九】醒来(完结配音版)
110502 [EXO]你好，少年。（小更）
110512 沉睡之咒
110530 佰万大食堂
110644 【短九】低徊怎忘
110694 【短九】越美丽的东西越不可碰
110757 仙子谱
110839 古风玄幻  情千劫
110863 【EXO】邪天使、冰心碎
110901 倾尽天下
110952 流萤小扇
111091 【短九】沉寂的心·复苏
111122 【短九】花开时，永恒的相遇(女主配音 完结）
111124 【EXO】遇见你，是幸福吗(1.28更新世勋番外）
111191 MY PRINCESS
111353 命运之杖（增设好感）
Try it after 5 seconds: https://www.66rpg.com/game/111429
[-] Error:  'NoneType' object has no attribute 'find'
111443 口袋妖怪：失落的世界
111476 【火影同人】晓遇
111536 常青缘
111574 穿越不靠谱(修BUG)
111650 [EXO]穿越时空攻略你(完结）
111670 【短九】测测你有多了解哆啦A梦
111685 【短九】没有结局的结局
111701 【EXO】最佳天使
111745 【短九】思帝鄉
111753 皇帝传之后宫篇
111779 【短九】时间轮回的终点
111904 喜欢
111913 如果想念有声音
111914 [短九]我快饿死了[已完结]
[num = 2000] Checkpoint saved to: id_name_ver_desc_tags_checkpoint.json
111985 【HP】荏苒·夏生花（档案丢失中）
111987 【短九】不存在的童话
112013 【EXO】朱唇最惹相思味[大改勿戳,请看简介最后一条]
112038 跳铃铛2
112041 【J.Z】ROOMMATE-我结（4花玩全）
112203 【EXO】不要再考虑，一起为爱奔跑（7.22更新第九章剧情）
112205 【短九】后宫女鬼传
112246 【现代真人】闪耀着的璀璨的星
112324 【明星TFBOYS】物是人非
112337 【短九】万万没想到之终极三国
112359 【短九】最后时光断成线（完结）
112367 后宫念真传
112456 星辰（全新旅程，正式开启）
112465 【EXO】谎言游戏
112531 【EXO】BURN OUT
112551 故人叹
112587 天后【完结】
112590 活下来可好
112668 【鹿晗】林深时见鹿（游戏重开）
112742 【短九】桃花园记
112786 【短九】沉香（佐助同人）
112873 毒蛇
112877 Running Man-密室之谜特辑（嘉宾李敏镐和金秀贤）
112971 逆袭！金牌经纪人
112975 【短九】相思扣（完结）
113023 【短九】迷路回家（张艺兴）[完结]
113052 【短九】心理作用[原创立绘BGM][迟到的攻略和真相×]
113069 抱走古风男神①
113215 穿越之丫环咨询公司（更换部分素材，无实质性更新）
113245 苏就一个字
113262 【EXO】Undercover
113320 【私人定制】Personal Tailor[正篇 番外完结]
113359 清歌欢笑
113400 穿成小乞丐，我要闯江湖！
113405 【短九】EXO-追风者（全线、番外皆已完结）
113427 【短九】夜央
113500 潘多拉的盒子-狗血恋爱拉锯战
113518 陪伴·都暻秀
113535 【短九】新生
113637 【EXO】距离，不止一万里（修改UI）
113832 【进击的巨人】造化弄人
113863 【现代真人】明星时代（7.17更换UI，修改BUG）
113960 花柒留香【完结】
113999 【短九】不再见
114012 [exo]Destroy(摧毁)
114102 一佳店（经营养成改版重制）
114128 【短九】约定の夏天·時夏に合意された[已完结]
114274 时样锦
114331 【短九】伴卿
114425 职场男神（更新108宫崎线）
114549 素心囚
114560 【短九】周诗零
114644 【短九】九莲宝灯
114711 【短九】残念(完结)
114815 【短九】花重锦官城
114816 【原创—古风】倾城一笑
114821 【EXO古风】曾有繁花旧曾谙8.15午修改部分[鹿晗线已完结]
114841 皇家有囍：公主逃夫【添加女主立绘】（已完结）
115058 【全职猎人】黎明的凯歌
115180 [EXO古 免费]强嫁记 公告！
115288 【吴世勋】我承认我爱你
115328 背影【已完结】
115409 弹丸之绝对绝望的边缘（序章+第一章）
115448 【短九】六轩岛8系--爱都医院篇
115487 【古风真人】青玉案（更海棠线）
115633 万万没想到の王大锤【发布】
115707 书中小镇
115749 【EXO】浮生若梦（大变化+更新）
115858 【短九】我愿与君绝
115961 【短九】紫蒲公英
116014 【海贼王】时空海洋
116017 【短九】金影之路
116021 农林
116022 【短九】50MOVIES
116032 [EXO]回忆终陷-万劫不复【闭关重修】
116036 【短九】周六，第一场雪
116073 [短九]恶魔ROCK
116123 [EXO]福尔摩斯四大校草【已换封面，未更】
116297 【民国真人】入戏
116316 残梦（重要通告，手机端请勿下载此游戏）
116613 凰求凤
116653 【短九】浮世痕离
116663 status_code:  504
116718 姻缘客栈
116772 【短九】【EXO】33天陪你失恋
116811 双面恋人【回归】
116927 [短九]入土为安（完结）
116993 【短九】Young and Beautiful
117168 【短九】24点之中国打人秀
117171 [EXO]疯子少女求婚记
117315 【短九】让我爱你，不论朝夕(完结）
117362 天平
117384 监狱风云之禁毒
117445 【半价】诗艺伶华
117451 【伪历史向·原创剧情】后三国
117620 【短九】我你他的世界
117684 葛生
117812 【短九】夏至夏末（完结）
117837 我在时光深处等你
117838 【短九】爱如夏花，只开半夏【鹿晗篇已经完结】
117848 【短九】三分之二
118003 轮回
118058 强国-江山一夜[正式版1.40]
118186 【EXO】我是Mona没有Lisa
118221 后宫君臣泪(添加封面音乐）更新到选秀完毕
118342 贵圈真乱
118551 【短九】父亲（完结）
118577 【刘志宏 刘耀文】我是羊
118842 触摸男友
118875 深海归墟
119053 穿越之夫君个个是妖孽
119174 【EXO】羁绊·FETTER（金俊勉线完结）
119186 奋斗吧，少女！【7月21日】
119290 【杰克苏向】一花一世界
119324 status_code:  504
119329 status_code:  504
119331 [古风洗脑新坑求支持]中毒的未来还有你
119381 【耽美】情深不寿（瓶邪 利艾 塞夏）
119388 【短九】金牛先生和双鱼小姐
119414 【短九】EXO-你是我最美的追逐
119425 天下
119427 【FATALIST宿命者①】
119452 配配我爱你
119506 【短九】林凡
119514 我的鹿Boss[关闭限时剧情]
119902 怪物恋人
120082 天道为棋【黑线第一章完】
120178 代理女神恋爱季C7
120186 公子是只猫-口是心非
Try it after 5 seconds: https://www.66rpg.com/game/120243
[-] Error:  'NoneType' object has no attribute 'find'
120416 [全职猎人]养成库洛洛
120480 【短九】魂梦生
120540 枸儿的南风馆
120550 EXO-灵魂尽头（灿番完结）
120690 以你为名的光芒（完结）
120760 【短九】再见！哆啦A梦！
120836 和EXO的那些年
120929 如果你走进我心里【exo】
120976 【原创立绘】花幻美男
120988 【短九】流年
121001 是好学生就坑了男老师【伪更】
121011 【短九】祸患为妖（完结）
121118 【短九】无限重生
121351 【EXO】-为爱搁浅[更新世勋线]
121427 【短九】戚顾·走马灯
121428 【短九】提莫快跑
121473 若如初见
121499 【短九】山庄
121554 奇妙之旅①
121564 初恋是件小事
121566 【短九】不过一晌春欢
121568 【火柴】新大陆战记
121570 【短九】入山惊鸟
121574 后宫‧安陵容传～重生～
121578 脱线小妞倾天下（修仙8000更新）
121779 烟城泪。浣溪谣（修复个小BUG）
121781 美人泪
121834 恶魔世界(DEMONS` WORLD)  前传更新中
121884 风起白青
121959 【古风】卿染江山
121999 皇帝养成计划
122007 EXO·真爱旅途（灿烈线微更）
122030 同游·攻略手札【活傻】
122059 【正文完结 新增番外】向死而行
122079 花儿与少年综艺秀（11.28更）
122132 下次见
122163 【古风宫廷】十五年
122165 江山雪
122214 【旧名Hello!地球】Tomorrow【新名字新封面】
122238 皇帝秘史
122317 【EXO】爱豆合租屋（伯贤番外）
122478 隐翼光年
122707 【EXO】重返20岁（更新阅兵剧场）
122715 和晶码战士一起过假期
122735 穿越之异世情缘 破案类
122808 【EXO】命里暖阳
122861 大丫鬟【更换了一些正版素材,立绘不统一和文字位置不对还请见谅】
122896 【帝王】弱水三千
122978 将军以身相许否
123023 里斯本孤儿（学院悬疑）
123045 LOL俱乐部（养成经营+恋爱+LOL比赛）
123121 青丝绕指柔
123129 【穿越】忆思凝惜（更戚笙敛线第十章一半）
123190 （重生）南风知我意
123198 Living Alone
123213 S·S·Friendship
123241 废
123253 【EXO】游戏规则（更新到5000 ）
123274 【古风】只羡鸳鸯不羡仙
123295 【EXO】余生
123315 三世倾城
123365 卡伦罗德大陆-真人版
123411 【经营完结】天使牌怪兽酱
123579 【EXO】沉溺至深
123643 相思垢
123699 同游·攻略手札【西游】
123705 红颜冢【薛慕线更新】
123752 【家教】生之所幸
123805 灵鹫宫
123841 DEATH NOTE（八月份更新，分结局开启）
123929 【边伯贤】兰因絮果
124037 EXO Memory hourglass 回忆的沙漏
124082 其实我都懂exo
124251 红尘殇
124321 【剧本调整中】一眼万年
124402 中国汉字听写大会
124425 【维尼夫妇】未来的萤星在初始.
124445 今兮何兮
124452 【EXO】黑夜中的挑灯者
124487 【完结】千年结（番外已出）
124508 无处可逃【孙海支线补全】
124595 【EXO】三生石
124647 【EXO】我的女王殿下（即将重新制作发布等我惹）
124738 劫染芳華
124799 【古风】君胡不归
124841 深度催眠
124938 缭乱商朝
124947 天知道
124958 【古风】执手天下（6.29新加预告内容）
125007 [EXO]你在我心里forever
125039 【极速-架空】食梦
125058 【极速-架空】恋
125155 【极速-古风】玉箫梦
125162 【极速-现代】凉城
125167 【极速-古风】梦中身[完结]
125177 【极速-现代】清明梦缘
125179 【极速-现代】梦•黄金国
125191 【极速-现代】电台实习女主播
125194 【极速-现代】造梦人
125205 【极速-现代】匆匆那年
125206 【极速-架空】Change 配音版
125209 【极速-现代】死神的银扣
125212 ***-倒数24小时(完结)
125216 【极速-非遗】玉堂春
125219 【极速-ACG】（黑篮）Crush
125220 【极速-架空】梦醒时分
125222 【极速-明星】岁月的英雄｜第一次修正｜
125223 【极速-非遗】长沙桓王
125239 【极速-架空】洛都绮谭之灯火前尘
125250 普通人
125255 【极速-非遗】时光瓷
125267 时光之门（密室逃脱）
125277 【极速-古风】黄粱一梦终成梦
125309 【极速-ACG】蛊梦（部分配音）
125329 【极速-现代】我所不知道的事
125330 【极速-现代】梦？
125342 【极速-现代】虚无还是真实
125345 【极速-非遗】论小妾的自我修养
125362 【极速-古风】离殇
125378 【极速－现代】未来的月光
125388 【极速-现代】愚人之旅
125399 【极速-架空】星系中转站
125409 【手绘】晚安，潘多拉
125415 【极速-古风】梦回江湖（完结）
125419 【极速-架空】逃
125425 【极速-现代】恋雪
125427 【极速-古风】桃之妖夭
125429 【三国】回首（瑜桥）
125471 作品已删除
125487 【极速-明星】时光给你我留下了什么
125500 【极速-明星】时光密码962464【完结】
125507 【极速-架空】小时候的噩梦，长大后的美梦
125514 【极速－明星】被时光冲散的初恋
125515 重生之抉择（落冷枫线完）
125521 海报人
125523 【极速-现代】停滯
125528 【极速-现代】堕梦
125537 【极速-架空】【妄想书】红桃·ハート
125548 【极速-ACG】春绯の梦
125557 【极速—古风】梦断情
125559 韩娱幻想BIGBANG【一切疑问先看游戏简介】
125574 皓月当空·剧情大换血·穿越·原创
125578 【极速-明星】一鹿有你
125595 【极速-现代】我才是红领巾大侠
125616 【极速-现代】镜之轮回
125638 【极速-明星】十年
125644 【极速-現代】极速世界
125658 【极速-现代】遇见你的时光
125678 【极速-明星】时光机
125699 【极速-现代】“正义”与“善”
125740 【极速-架空】逆芒（The time the hourglass）
125743 【极速-架空】梦回
125753 【极速-明星】在世21天
125767 【极速-现代】催眠
125779 【极速-古风】清宫幻梦
125782 【极速-现代】时光容易把人抛
125788 【极速-古风】梦貘（配音版）
125794 【极速-ACG】（黑篮）Dream
125805 时光第一弹—【极速—现代】曾经挥霍的时光
125809 【极速-明星】我的梦里只有你
125810 你，是我寻找不到，也到不了的地方
125818 【极速-现代】洗尽铅华
125823 【极速—古风】纸醉梦迷(女主配音)
125830 【极速-明星】 星星后的梦（完结）
125847 【极速-明星】酒醒、一场梦
125852 【极速-古风】执梦
125876 【极速-古风】邀君入梦
125892 【极速-现代】再遇时光
125910 【极速-架空】圆梦所
125915 Tears in the doll【极速超短篇】
125934 【极速-现代】有猫在
125935 【极速-ACG】我是吃货吃天下
125949 【极速-架空】DW798
125964 【极速-现代】学渣苏少女的一生
125976 【极速-现代】墙上的鱼儿
125978 【极速-ACG】（完结）[鼠绘悬疑]阳炎乌鸦·梦
125980 【极速-明星】花痴幻想
125981 【极速-古风】一世吟芯舞
125982 【极速—现代】请做我⑦天男友
125992 【极速-现代】You meet someone, you fall in love
125994 【极速-古风】红颜若逝水
126000 【极速-现代】梦 · 救赎
126001 【极速-现代】十年
126002 【极速-现代】回到起点的终点(完结)
126003 【极速-现代】我与他2
126004 【极速-架空】迷梦之隙
126006 【极速-古风】传说
126010 【极速-ACG】梦魇Nightmare
126012 【极速-非遗】想之川（完结）
126016 【极速-现代】Soulmate
126017 【极速-古风】长安柳棠传
126027 【极速－古风】时
126053 【极速-现代】生日密码
126091 【极速-现代】梦
126098 【极速-现代】我是大英雄！
126101 【极速-明星】我们再也回不去从前
126141 【极速—架空】堇年（新作预告）
126153 【古风穿越】古遇
126164 【极速-ACG】青春之旅[完结·部分语音]
126169 【极速-古风】浮生若梦
126181 【极速-架空】Farewell My Kid
126250 【极速-架空】幻境-双鱼片
126262 【极速-架空】叛逆小姐穿越记
126268 【极速-明星】时光下的天使
126269 【极速-明星】千年泪
126287 【极速-现代】跟着云走
126292 【极速-架空】
126299 【极速-架空】初·梦
126301 【极速-现代】造梦工坊
126321 【极速-架空】造梦者
126333 【极速-架空】破镜重圆
126346 【极速-明星】时光=悲伤+天使
126351 【极速-明星】狠狠爱（维尼特辑）【完结】
126360 【极速-现代】玛丽苏之梦
126387 【极速-古风】神仙也要萌萌哒
126414 【极速-明星】蝴蝶飞不过的时光（世勋）
126421 【极速-综艺】我们结婚了之男神等等我！
126432 [极速-架空]人的我(又名)[人类的玩物]
126435 【极速+架空】小兔子的胡萝卜梦
126437 【极速-现代】爱像上了妆的白纱（0201建议重跑剧情）
126439 【极速-现代】死神的银扣现实番外
126460 【极速-古风】时之莫逆
126464 【EXO]十二月,没有星光
126486 【EXO】深拥你又怎会痛
126504 【极速-明星】最后的幸福
126527 【极速—小说】治愈人格分裂的N次方
126536 【极速-古风】寻梦
126538 【EXO＆世勋篇】是你寻找她·还是她感觉到了你
126548 【极速-架空】大梦谁先觉
126549 [TFBOYS]微梦【于8.9补齐三线（凯源千）并完结】
126566 【极速-影视】婚纱
126571 【极速-影视】阴阳师：不眠
126575 【极速-古风】东君(翻新)
126586 【极速-现代】梦境与现实
126587 【极速-非遗】来猜谜吧
126600 【极速-明星】我也累了
126625 【极速-现代】当年的时光
126635 【极速-现代】愿时光陪你到老
126653 【极速-综艺】「艺术人生——他是京城鹿少，鹿晗」上篇
126663 【极速-现代】梦魇之逃脱
126665 【极速-明星】圣路易德的历史就此终结
126672 【极速-综艺】非你莫属橙光专场
126677 【极速-明星】Baekhyun，you're my world
126679 【极速－影视】圆圆的梦想
126681 【极速-古风】相思粉荷锦鲤
126686 【极速-现代】时光已远
126687 【极速-ACG】回不去的记忆
126693 【极速-架空】梦境的尽头
126694 男人之失心 【全部线完结】
126696 【极速-架空】镜花梦·秘境
126700 [极速-现代]潜梦
126705 【极速-明星】属于你的时光
126707 【极速-现代】梦萤
126709 【极速-现代】夜未央
126710 【极速-现代】孤单星球
126711 【极速-架空】我的名字是勇者![已完結]
126716 【极速-影视】东方一梦
126722 【极速-现代】我们的美好时光
126723 【极速-古风】时光匆匆
126728 【极速-现代】等一朵花开
126739 running man-Q的running man旅程
126742 【冒險x乙女x養成】养成妹子的養成計劃(試玩版，戰鬥先行)
126781 我家夫人是土豪
126826 【韩娱】 Fly Me to Polaris
126852 傻傻王爷乞丐妃（2019.9.25更）
127027 轩宫漫昙香【大结局 】全线限免
127051 【网王】THE TEARS
127124 EXO-心囚
127191 【模板】技能树聚气战斗大地图
127312 【TFboys主千】许你沉默时光
127498 青栀（精修）
127509 【完结】朴灿烈-你是我无法斑驳的时光
127608 尘缘叹
127676 【EXO】为什么我会幻想我拥有你
127811 【凯我】鸩酒
127871 【快穿】我只是个路人
127946 重开版已出，具体请看简介。
127969 忘忧泪【白落短篇完结】
128124 倾城红颜香
128268 几回魂梦与君同
128294 迷茫[Confused]6.23
128326 【网王】王子恋爱中
128420 【盗墓笔记】初学者
128426 【TFBOYS】勿忘我
128451 临安道（新修版）
128477 朕本倾城
128507 末日守暖阳①
128516 『完结』乌鸦小姐与蜥蜴先生
128638 唐宮夢(修正錯誤數據)
128678 EXO -我的回忆都是你
128712 【鹿晗】那年烟花[修改bug]
128724 【勋桃加番外完结】致命迷迭香
128768 建国以后动物不许成精
128834 犬夜叉之穿越千年的爱恋【】
128908 山里来了个女大王
128928 【TFBOYS凯我】余梦似海 {暂退}
128948 清霄一梦·亦如初（夜雨心迹）
129015 重生之蝶变新生
129062 Happy End
129119 女神约不约【配音】
129171 重生天后进化论
129238 【无更】【TFboys】樱花旅人
129270 【EXO】Avenging Angel复仇天使
129337 千金书院
129407 在劫难逃
129435 青花【换封面】
129474 一罗刹之宴
129529 明星智囊
129548 原来是祥云妹
129623 游霾｜云层之上
129647 紫菀之夜
129716 请把特技套头上
129771 『琉璃』一只小蛇蛇
129889 【家教（1.31迪诺BE线完结）】童话奇缘
130122 【EXO】执子之手，与子偕老（更换封面，精修暂封）
130147 人狼游戏
130171 凤还巢
130335 碎片
130342 【家教】When I meet you
130370 【EXO】四季
130405 【HP】魔法养成攻略
130452 【EXO】动情必致命
130569 【朴灿烈.鹿晗】喜庆结婚记。十八禁的七月最后一次更和帕西歪的打广告
130595 皇后墩儿传【3.6日更新至55000字】
130630 恋君心【韩式古风真人】
130655 【开拓-音乐】梅花三弄｛精修版｝
130681 月影の锁-大正と昭和
130683 【开拓-音乐】闺蜜二三事（无选项）
130686 【开拓-音乐】你做云，我就做你的天空
130687 【开拓-音乐】十年·陈奕迅
130699 【英雄-ACG】魔法少女随想·番外
130716 【开拓-音乐】雾都孤儿
130718 我非我
130739 【开拓-音乐】雨爱。（吴世勋）
130740 我不是玛丽苏
130746 【开拓-音乐】那年的，海角七号
130747 模特
130757 【开拓·音乐】旋木（金明洙全线完结）更改UI
130762 【旅途-非遗】孟姜
130770 【开拓-音乐】桃花依旧，上邪成殇(无选项)
130775 【旅途-架空】来“征服”魔王吧！（完结）
130796 【开拓-音乐】Wings - Hair Short
130798 【开拓-音乐】天干物燥，小心火烛
130805 荆锢
130810 【开拓-音乐】父亲（无选项）
130813 【开拓-音乐】父 亲
130814 【旅途-音乐】富士山下
130853 【旅途-架空】血族幻想曲
130867 【EXO】恋空·致永恒的你（重制）
130870 【英雄-非遗】圣剑与英雄
130873 【英雄-ACG】皇后墩儿传之痴情女侠（完结）
130880 包公案之后世镜
130891 【开拓-音乐】朱砂
130894 【开拓-音乐】十二月的奇迹·已修改问题
130899 血色太平【12.20增加属性查询界面】
130917 【旅途-古风】仙道
130918 【韩娱】day by day（请看公告）
130920 【英雄-ACG】（东京喰种）Unravel
130928 山河花钿泪
130939 【英雄-音乐】Shero【更换封面】
130946 【旅途-架空】云深
130950 【开拓-音乐】最初的梦想（增添剧情，完结。）
130951 【旅途-明星】我们一起走-张艺兴（添加HE）
130954 【开拓-音乐】里&外
130959 【旅途-明星】HeartBreaker
130963 【开拓-音乐】烟花易冷
130964 【旅途-音乐】单人旅途的意义
130967 『吴世勋』痛苦爱情
130968 【旅途-音乐】消失的光年
130975 浮沉Downpunching
130976 【旅途-明星】介于自由（完结）
130983 【旅途—架空】云上小人（温馨童话）
130993 【开拓-音乐】相见欢
130994 零度空间特别篇
130997 【旅途-架空】虚实之境
131024 【旅途-音乐】铁道之旅
131029 【旅途-现代】正在行驶
131046 ***-有你的旅途
131074 镜面空灵（更新，增加探索模式）
131076 【英雄-音乐】（周郎赤壁）不朽
131087 【英雄-古风】绿竹漪漪（原名父亲）
131089 【英雄-明星】遇上你
131105 【旅途-音乐】归魂曲
131132 【英雄-ACG】残缺的天光
131133 【旅途-现代】旅程＝取舍
131137 【英雄-ACG】Hero
131139 【英雄-现代】“英雄”
131141 【旅途-现代】误遇ceo
131144 【英雄-架空】鬼王
131145 【旅途-ACG】穿越二次元之旅
131147 【旅途-音乐】继续-给15岁的自己
131157 【CP企业】兔子爱吃窝边草
131167 【开拓-音乐】故人叹
131181 【旅途-音乐】归乡旅客
131185 【开拓-音乐】腐草为萤
131187 【开拓-音乐】且听风吟（完结）
131188 【英雄-古风】女将在上
131202 【旅途-架空】失落的乐园～Paradise Lost
131218 【旅途-明星】返
131221 星星恋人（限时免费铭宇be结局）
131222 【英雄-古风】英雄·枭雄
131228 【英雄-现代】英雄的代价
131232 【英雄-音乐】刀
131237 【旅途-古风】缘来是你
131238 【开拓-音乐】初戀
131248 【开拓-音乐】其实我们的距离并不遥远
131250 【旅途-架空】安林的世界
131258 【英雄-音乐】回眸·诀别(鲜花直达通道修复~)
131265 【旅途-音乐】文学者的恋文（配音）
131276 【旅途-影视】春草[无选项]
131281 【旅途-音乐】蓦兰
131283 【旅途-现代】分手旅行
131290 【开拓-音乐】不再见
131294 【开拓-音乐】金玉良缘
131299 【旅途-音乐】分开旅行
131305 【旅途-古风】江湖不挨刀
131306 【旅途-古风】归途
131307 【开拓-音乐】星象仪
131312 【旅途-影视】尼纳の寻爱之旅
131318 【英雄-影视】SHERO（EXO吴世勋修改背景音乐立绘）
131320 【旅途-影视】Ciao·相逢
131325 【开拓-音乐】皈依
131349 【英雄-音乐】天下为聘
131354 【英雄-古风】中间人
131361 【旅途-明星】笑浅浮世生
131377 密钥之森
131379 【旅途-现代】最美时光
131385 【旅途-现代】青の旅
131396 【旅途－现代】Tried to walk
131400 【旅途-现代】人生之旅
131441 沾衣欲湿杏花雨
131448 【真人】莫问情何两相许（7月14日更新！剧情部分有所变动！）
131458 【旅途-音乐】伽蓝雨（烟花易冷）
131459 【英雄-音乐】乌云然
131461 【开拓-音乐】经过
131463 【开拓-音乐】一个人
131482 【旅途-影视】阴谋
131484 【旅途-古风】此去遥遥无归期
131485 【旅途-古风】游历江湖
131490 【开拓-音乐】苏倾九绝
131499 【EXO】绝途（4月4日更新一小点）
131541 【旅途-音乐】逝空
131543 【旅途-现代】去拉萨
131544 【旅途-架空】 生命之旅
131551 【旅途-明星】吴世勋-在旅途中爱上你（完结）
131553 【旅途-明星】以心换心[番外微更]
131572 【旅途-音乐】U are my sunshine（只有封面手绘）
131580 【旅途-音乐】父子·Tears in Heaven
131590 【旅途-明星】吴世勋—我都懂
131593 小小故事集
131595 【英雄-古风】乱世红颜
131596 【英雄-古風】西施
131601 【英雄-音乐】红颜
131605 【英雄-影视】汉字英雄-预选
131610 致北（愚城）
131615 【英雄-现代】戏谈史记之秦始皇
131625 【英雄-明星】戏子（EXO古风完结）
131630 【旅途-非遗】槿落
131635 【英雄-小说】两只公蚊子
131642 【EXO】  旧事如藤,花满枝桠
131649 那年的星辰2
131658 EXO·蜉蝣☞王道向【精修勋鹿线】
131678 【开拓-音乐】公主与骑士
131681 【开拓-音乐】画情透骨
131686 【旅途-明星】Memory
131729 【EXO】Phantom（更新）
131758 【开拓-音乐】如果时间会有回音（朴灿烈）
131759 【旅途-影视】迷惘
131763 [EXO]颓废·泪（更新线路一下节预告）
131767 作者心愿已了，是以坑了，抱歉QuQ
131768 【旅途-明星】我就是我-华晨宇
131769 【旅途-现代】LOL妹与刀男
131779 【英雄-影视】饥饿游戏-永生
131808 【旅途-影视】【手绘】Memo的旅途
131817 男配，你的女配掉了
131824 十二颗耀眼的星【26号更新】
131841 妖女小鱼
131856 【旅途-现代】爱你 却无能为力
131898 【开拓-音乐】好久不见
131908 【开拓-音乐】死生契阔
131909 恶魔契约
131928 【开拓-音乐】给某某的信（无选项）
131952 【旅途-明星】有一个地方只有我们知道(***）
132004 弃坑
132005 【旅途-音乐】花宴
132014 【开拓-音乐】想念旧时光
132053 【开拓-音乐】看得最远的地方
132059 校园萝莉侦探团之救赎(修正版)
132075 【英雄-古风】泣血剑
132109 【旅程-小说】长征
132122 【英雄-架空】英雄你好，我是魔女！[White Ver]
132123 【旅途-现代】生命列车（10.20修正版）
132142 【旅途－音乐】过客
132166 【英雄-影视】谁是大英雄
132174 【英雄-影视】日出东方之藏宝图
132175 【英雄-音乐】江雪埋骨
132201 【英雄-音乐】红颜若雪[无选项]
132214 【开拓-音乐】故人叹
132219 【开拓-音乐】性别不明
132223 【英雄-明星】再活一次
132245 【旅途-影视】昨日之旅
132248 何故
132252 【开拓-音乐】编号56838
132289 【开拓-音乐】请安静的忘记我
132315 【旅途-小说】梦想从来不一样
132322 【穿越 重生】逗比女帝养成记
132325 【旅途-古风】迷
132363 【开拓-音乐】寂寞在唱歌
132407 【旅途-音乐】如花
132437 【EXO】心之魔 心之欲（无更新，换封面）
132517 【TF】面对面（更）
132519 【古风】阡陌书清韵
132555 少年还我猕猴桃【GOT7 WINNER】
132591 [hp]择之不悔
132608 【已完结】Heaven
132709 快醒来（完结）
132828 蒹葭
132833 【EXO】疟疾
132884 【女尊古穿今】双世撩男之旅
132910 你是我的光
133006 EXO-妖娆的魅惑·致命的伤（已经重新做了），网址简介里）
133078 妄想家
133095 梦魇沦陷
133143 【劲舞团-我的故事】吴世勋·最后的他°[无更]
133184 青衫竹马【完结】
133197 心动之旅【鹿晗BE结局】
133213 【EXO】sweet love
133257 两个世界
133303 最后的旅程
133343 追婚记【萧意番外：故梦难寻】
133367 『EXO』血霓圣缘
133394 爸爸去哪儿第二季
133418 【失踪人口回归】东家有疾
133420 红尘客栈之天诛
133493 【剑三】叶瑾
133494 莲爱
133518 [TFBOYS]初吻恶魔
133594 三生一梦【完结】
133754 巫山·神女
133797 [鹿晗]长伴青灯
133805 ＊『〖EXO〗』＊ 旅途，有多美？（完结）
133928 【原创立绘CG-重置版】我的实弟是个大绅士
133932 【ＥＸＯ灿勋】听，海边的誓言（全文完结）
134134 学霸世界存在的真谛
134354 【百合】清歌散
134455 黑执事：千惠
134481 EXO 风情万种  更新第十章
134485 【0904 】秘密
134490 TFBOYS-剩下的盛夏
134500 【HP】第八件魂器
134525 湛蓝色的哀伤
134552 花美‘男’的新生活
134629 EXO相亲记【治愈特辑】
134640 秋风词
134642 反转女将
134759 断袖拂蜻蜓
134775 【EXO】最美的时光
134788 难续
134830 灵感号（悬疑恐怖推理）
134877 【半梦半醒】我在灰烬里等你（朴灿烈）
134901 风中残蝶
134918 青梅枯萎 竹马老去 从此我爱的人都像你
134921 缘石记DLC-M君的故事
134933 【民国】碧血千秋（无更，替换素材）
134947 【网游】烟雨琼楼
134955 【EXO】QUE SERA SERA（分线投票即将关闭）
134981 后宫升级记 ( 修改和更新）
135398 「EXO」执念【04.22更新】
135413 物是人非
135450 【TVB】使徒宿命暗线『完结』
135631 【灿烈】我一个人[Not Alone]（6.27）
135724 【凯我】童话【徽章上线！】
135755 20❀制霸·长歌行·凉州词-完结
135787 致彼空的你【重制版】
135797 【EXO】All About Your Heart[第一章更上半部分 希望玩家多多投票]
135908 EXO她已不再是原来的她（重要通知
136005 『EXO』星光不损，我们不散！
136048 下一站，另一个角落【EXO】
136110 画师（完结）
136148 【古风仙侠】雀觅枝
136323 小倌生存记
136456 EXO Only one（更第十章）
136588 【民国真人】戏骨
136764 【SJ娱乐圈】逐梦（更新至第二章）
136772 【ＥＸＯ】逃亡（微改）
136818 【朴灿烈】缺失的一角
136900 爱上吸血鬼，你能活下来吗？
136930 【修线更新】古堡秘事
136932 【猎人 火影】艺术去了哪
136978 穿越之鹿鼎风华
137056 【BigBang】韩娱复仇《爱与谎》（微更GD线）
137091 枫月美人传 【全新】
137108 末世之旅
137307 有缘再见
137334 穿越太凄惨
137393 删
137415 却上心头-武侠风的爱情（精修）
137449 暖暖的花嫁
137514 【EXO】 忘不了的回忆 (更新封面和封面歌曲）
137587 黑执事－－－Doll【正文完结】
137605 七宗罪
137626 权柄游戏(限免所有章节)
137745 [EXO古风]画身
137997 公主本非池中物
138085 【EXO】日月同辉
138314 生而高贵·多莉斯秘辛
138446 『浅夏系列』TF：时光尽处有个你
138479 亲亲我家小男饭（精修中）
138512 【完结】蝶误·一枕山河梦秦殇
138597 【文豪野犬】白色冬日
138713 进口神婆（z11《三生·忘川无殇》求关注！）
138775 【EXO】梦醒时分（停更）请期待花开为君工作室。
138798 冬季第七个夜晚
138944 【EXO】谁的青春不言殇(作者诈尸中）
139010 江山美人
139108 神父，我有罪
139149 公主闯祸了【更改】
139293 You'd Bettter Run【更新】
139321 【勋凡白】男色（更新凡线 高能）
139327 【EXO】未恨仇亡【迟到的七夕番外】
139342 重生之幻境
139358 【EXO】荆棘Brambles
139403 【EXO】少女任务攻略[大改完毕]
139426 【吴世勋】微光倾城
139632 非正常人类的日常
139662 【完结+番外】神恋【乙女向】
139672 蟋梦
139691 【逆袭】第一女配(大改）
139797 曙光枷锁
139818 【TFBOYS】岁月缝花(更换封面√)
139836 秀秀儿的脱单物语
139855 龙飞了、鹿走了-龙线
139859 步天歌【二次元重置】
139872 胖妞要减肥
139902 【短篇】闺蜜
140013 《逆转裁判》(更新至V2.1.0
140083 【黑篮】镜中月
140097 来自古代的你
140143 向阳向暖，未曾离开 - 取悦我就告诉你
140319 【简单养成】山里来了个女大王
140375 【EXO古风】许我三千笔墨，绘你一世容颜
140429 相逢一醉是前缘（安全锁）
140453 玻璃鞋
140492 【EXO】今相遇•定不悔
140556 庸俗小说（灿烈的怒火）
140586 【过敏】他消失了
140757 【古风原创】楚小妹-大改動
140792 断界【全新改版 双女主成长向】
140809 [子柒制作°EXO]精灵古怪
140845 《暴风雨山庄》
140881 仙劫之纸鸢（完结）
140960 这个老师有点怪-鹿晗
141217 ＊『〖EXO〗』＊ 匿爱。（点封面开始游戏）【完结吴世勋线】
141293 周末的大坑
141438 【TFBOYS】如果有如果
141462 长安劫
141606 【赵姑娘2】茉莉与言歌
141635 梦旅系列—朴灿烈
141689 幸运星的誓言
141720 【现代】那年夏天宁静的海
141730 因为神在
141830 万万没想到之程序员破橙光游戏
142149 侦探陆韩の古堡钻石谜案
142200 强哥信仰
142250 给你的情书
142268 知梦(动态标题)
142359 【古风】卿璃鸢年
142424 敛清秋
142668 倾世恋歌
142782 {完结}旧言歌
142808 佳期茹梦
142879 Blood Sacrifice
142936 逃離
142970 皇后上位记
142994 鹿晗 爷的媳妇
142997 【古风】阴阳幻月（主题曲出炉）
143002 丧尸战绩
143013 【架空】异世界【不定期更新】
143033 三个游戏：噩梦归来
143158 一片相思一片愁
143245 白日梦Evanesce（世勋线第四章）
143385 ***来送儿子？
143409 秦淮情·与爱共赴
143511 【真人】我心安处
143549 爱上女主播-艺兴&灿烈线更新
143560 正确的战斗方式（完结+番外）
143586 【古风】穿越之我本灼华
143610 锦鲤传
143667 【HP】忘却，姓名丨二年级
143688 【古风】玉人何处(捉虫）
144101 【古风】秋雪冬尽
144173 朝花夕拾
144189 【EXO】重生之漫漫余年
144203 【古穿现】我的女王大人
144444 永冬森林
144602 【OX-fam】契约男神店(修复BUG啥都没更)
144647 【完结】洛丽塔lolita
144648 异想天开【整修】
144702 里表情人
144732 【EXO】Reset
144776 【EXO】异界（只想告诉你们我回来了，这几天先大修再更新）
144790 程如果奋斗记（精修更新）
144901 轻轻告诉，我爱你
144922 听见你的声音
145129 大然的导演传【小更+换UI】
145202 啊？啊。
145532 【全职猎人】猎人之旅
145591 重生之双姝复仇记【换原创立绘】
145753 半缘半劫【剧情重置】
145755 骗局
145775 You and Me
145989 The Jotei Road
145994 【三国】凛凛人如在（更新PC版demo）
146001 你病了吗？
146002 献给曾是少女的你
146020 一半的一半之碟恋他
146059 姻缘簿之姑娘有理（番外更新）
146182 【EXO】棋子（无更撤立绘CG）
146202 （古风经营）昭元盛世
146243 【EXO】就是赖着你
146266 【穿越】异世的抉择（7.30）
146288 烟妩袅袅
146391 棠帝雪5月3已更新
146404 驭香（原名：不觉晴光老）
146415 [EXO晗贤]最好的我们（重置）
146484 彦王妃
146512 【4.7日更新】皇帝成长计划
146623 【影视】白发王妃
146676 【EXO】女疯子上学记
146693 如花追夫记（全线完结，更新元旦番外）
146730 15❀制霸『琉璃』魔煞心-完结
146731 【EXO】半暖夏伤，情未央(换封面，UI）
146790 艾丽娅的恋爱匣子
146907 【其印·弥】新UI
146936 【卡牌RPG】link wars连接战争（主线完结）
146978 【EXO】DARK HISTORY（加好感度，建议重新玩）
147054 眼中的世界（7.6更了一丢丢）
147091 仙境传说【完结】
147115 妙手红妆
147215 [鹿晗]盛夏年华
147244 【墨明棋妙】笑吟空梦
147383 【穿越】后妃苦谁可知（全面升级）
147434 EXO 碍你
147494 画情
147519 咫尺相思【修改】
147621 【完结】卿君侧
147720 我的他...会是？【完结】
147752 死亡领域
147900 你是我的世界【回归加序！】
148011 【tfboys】匆匆那年[暂不开更]
148116 EXO-南城如歌[伪更]
148132 【EXO】crown of thorns荆棘·王冠（我真的更新了）
148152 【D.M联盟】逆光之恋（6.19更新至二十四章）
148240 【原创-古风】樱花诀
148388 修仙系统指南
148391 【EXO】你会腻，我何必
148667 侧耳倾听
148691 微凉(钟大出场）
148692 [最终妄想制作组]药不能停
148844 仙界情缘（庆过审一大更）
148886 【朴灿烈】心距为零(已完结)
148930 火影忍者[心之所向]V1.5
148992 云深不见君
149008 【EXO】执念（完结）
149057 【EXO】First Love（《一顾欢喜》完）
149068 九宫联
149115 盲
149192 TFBOYS牢记校规第十条
149325 【FOR-葵花】最佳前任
149346 缘来是你
149403 同门江湖（无更 多加些存档位）
149422 四季恋 Part I (春の恋&夏の恋)
149440 【HP】希尔达日记·新封面
149502 学园K【同人】正式版
149508 最后的星际旅行
149612 【SJ】墙上的花
149692 爱上吸血鬼——番外篇【死亡游戏】
149757 有凰来仪【新坑已发布】
149807 前途辉煌【重生】
149865 你爱的，爱你的exo（2）—续
149881 【侦探推理】侦探默示录
150257 【原创】住在梦境里的人
150278 【甜虐交织】长恨无心（微更，正版化游戏）
150359 【原创】光阴路过她窗前（换许致立绘，两花开启好感界面，下下周更新）
150484 穿越之殇歌莫离别
150547 【韩式古风】出云之月
150577 【EXO】永颜（修改音乐简介里的不算）
150583 【娱乐圈】千面人生（10.2更新）
150720 《彼岸劫：妖妻倾城》
150834 纯情【明星·大学校园】第三集·营救小跟班
150858 囚人「C4精修完毕」
150909 魔女之梦
150943 相思绪（二次版本）
150966 《彼岸劫：妖妻倾城》【完结】
151170 穿越之雪柔倾城
151171 【EXO】 幻尘（更新4000字）
151183 盛世医后
151184 《来自过去的我》
151288 《放开那个美男》
151382 《放开那个美男！》
151427 【原创·古风】浮笙浅吟
151446 《盛世医后》
151502 Y.一只喵的故事
151608 [TFboys]清风挽发
151628 《盛世医后》
151739 《夏天，我们恋爱吧！》（已更新至第十章）
151786 《放开那个美男》
151791 《夏天，我们恋爱吧！》
151795 来自过去的我（全新精修·5朵花玩转全剧情）
151809 七个小矮人2
151824 原来
151849 《放开那个美男！》
151854 五五的穿越史
151875 《盛世医后》
151902 《彼岸劫：妖妻倾城》
151925 《盛世医后》（十章改完）
151937 【现代】虚镜楼（游戏1完结）
151946 《彼岸劫：妖妻倾城》【手机10积分，完结】
151957 【EXO】死亡城堡
151977 乱世英雄传1【结局版】
152023 夏天，我们恋爱吧【更新至第10章】
152038 盛世医后  （考之特辑）
152079 《彼岸劫：妖妻倾城》
152080 放开那个美男！
152085 《放开那个那美男！》
152096 独看春秋
152129 停留那时【主边伯贤】
152134 放开那个美男
152234 夏天，我们恋爱吧
152299 盛世医后
152305 怪才俱乐部之不朽恋人
152309 《武林群侠传 女词》
152312 【EXO】你不在这里，寂寞深不见底
152346 【游戏已删】
152359 [EXO王道]有你微笑的黄昏
152480 《夏天，我们恋爱吧！》
152509 再见时光
152518 【彼岸劫 妖妻倾城】
152527 未闻花名②-边伯贤上线
152532 棉花糖【回归公告】
152554 怦然心动【豪门】
152565 tfboys一见倾心【更新伪2000】
152567 【银魂】黑暗古谣（已完结）
152595 《彼岸劫：妖妻倾城》
152617 夏天，我们恋爱吧？（完结）
152642 【更新至第十章】夏天，我们恋爱吧！
152675 【古风长篇】凤栖梧（5月17日更新1k剧情）
152698 【校园恋爱】工大物语 我的青春我做主（***鹿晗李易峰陈伟霆）完结
152700 当时只道是寻常
152718 【架空】红月夜的逃亡
152721 重生之娱乐圈
152728 放开那个美男
152770 【剧情暂封】换我心，为你心，始知相忆深。
152777 夏天，我们恋爱吧！
152792 《盛世医后》[小七，兰晔线完结]
152870 [易烊千玺]我叫何呵呵
152986 《盛世医后》【精修】
153087 【EXO】魔法契约（无更）
153094 彼岸劫妖妃倾城
153111 【黑篮】和风夏日（赤司暖同人，原创女主）
153125 盛世医后
153444 【古风】沐春风
153448 [exo]在路上
153465 【PH】遇见最美的年华
153481 夏天，我们恋爱吧！
153482 盛世医后
153490 如果当时
153526 《盛世医后》
153582 《彼岸劫：妖妻倾城》
153600 彼岸劫：妖妻倾城
153647 【FOR-大H】嘚，妖精！
153665 萌猫正太养成记【大改，停更】
153670 《彼岸劫：妖妻倾城》
153695 勿点！
[num = 3000] Checkpoint saved to: id_name_ver_desc_tags_checkpoint.json
153852 夏天，我们恋爱吧！
153855 《来自过去的我》
153928 《夏天，我们恋爱吧!》
153969 《放开那个美男》
153970 【EXO】逗比看过来[更新]
153987 《来自过去的我》
153992 放开那个美男！
154108 【第一部完】逆命·维加斯
154109 彼岸劫：妖妻倾城（大改中）
154120 游戏已弃
154127 《来自过去的我》
154139 你最珍贵[吴世勋]
154156 混血者
154167 夏天， 我们恋爱吧
154171 （即将重置）
154179 【小说】盛世医后（精修至第二章）
154205 来自过去的我
154232 【EXO】埋葬过去改变未来（微更）
154235 《彼岸劫：妖妻倾城》
154261 时光九日（原版完结）
154283 来自过去的我
154296 【SJ】Revenge复仇天使
154355 LoveLive！女仆咖啡厅の日常（失踪人口回归）
154388 【穿书女配】墨卿羽仙【忍不住换了个封面233】
154396 【民国】君子于役
154426 老九门·醒世【精修中 】
154434 The answer
154437 《放开那个美男！》
154442 那年的心愿
154607 盛世医后
154615 【民国宅斗】卓家大院 鹿晗替换原陈晓立绘
154624 《盛世医后》
154654 《来自过去的我》
154683 彼岸劫，妖妻倾城
154693 《放开那个美男》
154710 千里共婵娟
154810 此文待更请见谅
154866 放开那个美男
154909 【弃坑勿下，是真的弃了】
154911 《侯府嫡女》
154987 【EXO】起风了[主灿烈]
155077 彼岸劫：妖妻倾城
155112 《盛世医后》（吴世勋饰兰晔哟）
155123 盛世医后
155127 生存游戏（第二部秘密进行）
155259 星光大道
155291 鹧鸪清怨
155310 盛世医后（0213立绘精修+修改标题音乐）
155360 彼岸劫：妖妻倾城
155432 【灿勋】别害怕（全线完结）
155433 EXO Akeldama——开学后就是升级了，大大的学习就很紧，所以决定停更
155465 《彼岸劫：妖妻倾城》
155478 一代女侠（7月2日，入魔萧问线）
155487 【古风】静思
155498 《盛世医后》
155508 【鹿边】别害怕２
155556 《盛世医后》
155606 秦时明月之缘起梦落[完结版]
155608 【EXO】浮世萦香（全完结）
155655 Seven·七
155657 【EXO】《放开那个美男！》
155658 【古风】╰浮华琉璃╮再续缘__【停止更新】
155676 君不渝【2021新剧情】
155692 盛世医后
155708 [EXO]爱囚(完结)
155728 【穿越】黄粱一梦（重置版）
155748 明月依旧
155755 【EXO】心脏容量
155768 不美不恋爱
155775 《彼岸劫：妖妻倾城》
155803 紫禁缭乱·亦凌传（古风真人）
155811 【重生】宁负繁华不负卿[停更中]
155840 星月（旧版回归）
155867 来自过去的我
155879 影妃传·只手遮天
155888 千年明月
155892 放开那个美男
155905 【EXO】你是我一场猝不及防的遇见（首次PS自制封面，未更）
155938 夏天，我们恋爱吧!
155948 【Q.P】沦陷 【金钟仁化身心机boy调戏】
156051 【EXO】你们是我嘴角上翘的弧度
156071 [EXO]时间交易者（第五章完）
156078 盛世医后
156198 小稻谷的大冒险（暂停更新）
156237 一念一生
156376 虐你不许哭
156407 ＊『〖EXO〗』＊我在成长路上遇见你。12月会有奇迹。（精修版）
156430 25❀制霸·传闻中的四千金-完结
156512 【EXO】遗失的心跳
156743 《夏天，我们恋爱吧！》
156775 倾城漫雪诉离殇
157102 【古风玄幻定制立绘】观相【重磅更新】
157157 盛世医后
157170 【真人宫廷】瑶宫絮
157192 status_code:  504
157193 【EXO】男神恋爱合租记
157250 武林外传V3.0.1
157375 【EXO】那些深海，没有星星
157411 喜当爹
157456 【鹿晗】未闻花名
157511 浮生游梦
157563 男票
157566 【够胆你就来！】绝版神偷（换UI封面·微修楔子·部分剧情已删重撸）
157666 [TFBOYS]满天星的归宿[更至二十八章]
157671 「网游」乱世天涯
157836 疗愈情毒
157896 【华农】越人歌（完结）
157911 【EXO】回忆手册。
157926 【哈广厦】逗比奇遇记（完结）
157930 放开那个美男
157943 【EXO】 命运中的十二位少年（更勋牛白线）
157953 【十年光阴】已完结
