nohup: ignoring input
24363
1179652_45
1572869_21
1179653_20_ue
1572871_60
786440_150
1179657_6
1572874_26_failed
1572880_70
1572882_0_failed
1572883_103
1179677_211
1572896_0_failed
1572900_12_failed
786469_367
1572901_39
1572904_17
1179690_7_ue
1572911_2
1572913_12
786486_141
1572919_7
1572923_0_failed
1179709_57_ue
1572930_19
1572936_21
1572937_13_failed
1572938_50
1179733_5
1572953_34_failed
1572962_120
1572968_67
1572970_92
1572972_11
1572974_1_failed
1572975_28_failed
1572977_19
786546_4
1179763_15
1572982_39
786553_20
1572986_67
1179770_11_ue
1572992_9_failed
1572993_8
1572995_4
1572996_13
1573001_13
1573002_2
1179785_13
1573004_12
1573005_10
786576_18
1573008_7
1573012_11
1573013_67
1573014_40
1573015_355
1573016_180
1573017_17
1573018_37
1573019_31_failed
1179804_33_ue
1573024_31
1573026_201
1573028_12
1573030_0_failed
1573033_23
1573036_22
786609_21
1573041_48
1573043_17
1179826_22
1179839_62
1573061_0_failed
786632_15
1573064_13
1573067_69
1573068_8
1573070_0_failed
786646_81
1179874_147_ue
786674_17
1573107_108
1573108_135
1573109_50
1573110_14
1573111_20
1573112_12
1179895_20
1573114_8
1573116_6_failed
1573120_44_ue
1573123_32
1573124_27
1573125_53_failed
1573134_8
1573137_88
1573138_21
1573139_12
1573140_35
1573141_13
1179924_111
1573143_12
786714_15
1573147_8
1573149_25
1573150_20
1573160_49
1573179_111
1573184_17
1179973_18_ue
1573191_63
1573193_3
786764_30
1573197_189
1573198_75
1573204_10
1179990_56_ue
1573207_7
1573209_0_failed
1573220_28
1573223_0_failed
1180013_96_ue
1573231_18
1573235_47
1573237_14
1573239_102
1573246_0_failed
1573251_41
1573253_3
1573254_73
1573257_36
1573258_108
1573260_71
1573261_39
1573262_54
1573263_30
786832_3
1180048_4
786834_93
1573268_46
786838_4
1573270_31
1573271_0_failed
786841_179
1573273_50
1573281_0_failed
1573282_33
1573285_173_ue
1573292_110
1180088_65
786878_10_ue
1573313_28
786889_87
1573322_39
1180109_16_ue
1573331_11
1573335_22
1573336_69
1573337_93
1573342_2
1180126_53_ue
1180127_21_ue
1180134_7_ue
786920_133_ue
1573355_2
786927_412
1573361_42
1180149_19
1573367_2
1180152_20
1573372_105
1573374_0_failed
1573377_23
1573378_0_failed
1573379_41
1573386_12
1573388_33
1573391_4
1573393_108
1573395_5
1573398_93
1573399_31
1573401_14
1573403_27
1573405_20_failed
1573407_110
1573408_20_failed
1573409_38
1573411_29
1573412_0_failed
1573414_4
1573416_53_failed
1573417_15
1573419_88_failed
1573423_132
1573425_9
1573434_21
1573436_37
1573440_13_failed
1573447_52
1573454_79
787025_3
787029_7
1573464_3
1180251_140
1573470_92
1573475_194_failed
1573478_70
1573480_0_failed
1573482_43
1573487_6
1573490_10
1573492_70_failed
1573496_99
1180280_223
1573498_57
1573499_36
1573501_5
1180286_54
1573503_0_failed
1573505_36
1573506_19
1573510_9
1573518_73_failed
1573521_0_failed
1573522_0_failed
1573523_0_failed
1180306_67_ue
1573527_9
1573536_18
1573538_6
1573539_62
1573542_6
1573543_65
1573546_125_ue
1573548_8
1573551_30
1573552_1_failed
1180335_42_ue
1573557_17
1573563_11_failed
1573564_1_failed
1573565_54
1573569_4
1573570_61_failed
1573572_27
787146_619
1573579_21
1180366_6
1573586_12
1573589_57
1573597_0_failed
1573602_39
1180388_7
1573605_22_ue
1573606_3
1180392_11_ue
1573609_16
1573610_5_failed
1573612_5
1573613_91
1573618_0_failed
1573619_70
1573622_76
1573623_54
1573624_69_failed
787193_74
1573633_9_failed
787202_32_ue
1180417_29_ue
1573636_0_failed
1573637_34
1573641_15
1573642_4
1573644_13_failed
1573645_8
1573648_41
1573649_4
1573650_45
1573654_79
787224_42
1573659_34
1573662_6
1573668_58
1573669_7
1180457_15_ue
1573677_26
1573679_57
1573682_7
787254_43
1573686_8
1573690_37
1180479_105_ue
1573699_8
1573704_0_failed
1180503_429
787288_21
1573722_23_failed
1180508_9
1573725_17
1573726_0_failed
1573734_3
787303_45
1573736_0_failed
1573738_0_failed
1180523_39_ue
1573741_8_ue
1180526_9_ue
1573744_22
1573745_2_failed
1573746_47_ue
1573747_20
787316_76
1573752_8
1573753_10
1573754_99
1573757_85
1573763_20
1180549_17
1573767_24
1180552_69_ue
1573772_26
1573775_0_failed
1573778_116
1180563_57
1573781_0_failed
1573785_2
1573792_0_failed
1573793_29
787362_249
787367_131
1573802_0_failed
1573804_0_failed
1573807_13
1573809_13
1573815_26
1573820_41
1573821_65_failed
1573825_6
1573826_8
1573829_76
1573831_103
1573832_71
1573833_16
1180619_4_ue
1573836_39
1573847_30
1180632_216
1573850_13_failed
1573852_24
1573858_47_ue
1573860_13
787433_11
1573866_29
1573868_91_failed
787439_16
787440_5
1573873_16
1573877_39
1573879_89_ue
1573884_1_failed
1180669_22
1573889_12
1573894_45
1573897_18
1573900_82
1573904_68
1180688_12_ue
1573908_112
1573909_37
1573910_34
1573912_0_failed
1573914_629
1180702_61_ue
1180703_72
1573920_31
1573929_18
1573930_3_failed
1573936_8
1573938_31
1180723_79
1573947_8
1573953_3
1573954_138_failed
1573958_7
787530_3
1573962_4
1573966_81
1573967_36
1573976_0_failed
1573981_0_failed
1573982_0_failed
1180765_117_ue
1573985_17
1573986_2
1573988_0_failed
1180774_10
1573992_103_failed
1573993_76
1180777_8_ue
1574002_17
1180786_53_ue
1180787_109_ue
1574009_13
1574011_38
1574013_78_ue
1574017_2
1574020_25
1574022_7
1574023_27
1574025_46
1574026_29
1574029_6
1574030_83
1574031_10
1574033_42
1180819_179
1574036_73_failed
1574037_64
1574039_11
1574041_24
1574043_29
1574045_44
1574053_65
1574058_3
1574059_11
1574060_52
1574061_57
1574064_151
1574066_0_failed
1180855_78
787641_8
1574091_12
1574095_297
1180882_29
1574101_10
1574103_9
1574104_0_failed
787675_487
1574107_0_failed
1574109_16
1574110_0_failed
1574111_15
1574118_4
1574119_5
1574123_13_failed
1574126_34
1180910_10
1574129_0_failed
1574131_3
1180915_3
1574133_5
1180918_38_ue
1574137_26
1574138_139
1574144_16
1180934_56_ue
1574151_46
787721_134
1574153_5
1574158_8
787730_80
1574162_92
1574163_13
1574166_17
1574168_11
1574173_15
1574178_22
1574180_27
1574181_22
1574182_0_failed
1574185_0_failed
1574188_7_failed
1574193_16
1574194_0_failed
1180979_123
787764_3
1574197_29
1574207_14
1574212_18
1574220_22_failed
1574223_15_failed
1574228_28
1181013_31_ue
1574233_42
1574234_0_failed
1574236_23
1574237_10
1574238_122
1574242_0_failed
1181029_21_ue
1574246_91
1574250_5
1574251_31_failed
1181034_189
1574256_19_failed
1574258_51
1574269_72_failed
1574270_5
1574271_6
1574272_10
1574278_47
1574283_75
1574285_23
787858_1341
1574292_26
1574293_21_failed
1574294_0_failed
1574295_0_failed
1574296_125
1574297_7
787870_171
1574302_22
1574304_13
1574307_48
1574308_11_failed
1574309_67
1574310_39
1574315_0_failed
1574325_35
1574326_31_failed
1574328_2
1574329_26
1181112_4
1181117_10
787902_218
1574336_5
1574342_7
1574343_24
1181126_20_ue
1574348_48
1574350_65
1574351_0_failed
1181139_4
1574356_0_failed
1574357_7
1574360_12
1574365_4
787937_63
1574369_18
1574378_38
1574379_12
1574385_3
1574386_13
1574390_55
1574391_18
1574394_3_failed
1574395_27
1574396_62_failed
1574397_9
1574400_3
1574401_12
1574406_55
1574407_32
1574410_61
1574412_36
1574413_0_failed
1181199_62
1574416_40
1574420_65
1181209_9
1574426_47
1181212_19_ue
1574431_87
1574434_357_failed
1574436_0_failed
1574437_14
1181221_12
1574439_2
1574450_14
1574454_0_failed
1574456_2
1574457_47
1574458_20
1574460_108
1574464_0_failed
1574467_5_failed
1574469_26
1574471_19_failed
1574472_18
1574479_36
1181263_8
1574487_39
1574489_6
1574490_3
1181273_93
1574494_27
1574498_9
1574506_9
1574508_26
1574510_8
1574511_35
1574514_4
1574519_23_failed
1574520_11
1574525_28
1574530_109
1574536_9
1574540_7
1574542_0_failed
1574543_72
1574547_16
1574550_4
788124_15
1574557_84
1574558_15
1574559_22
1574560_147_failed
1574562_0_failed
1574564_0_failed
788134_8
1574572_16
1574575_18
1574576_94
1574578_38
1574583_0_failed
1574591_3
1574595_23
1181384_16_ue
1574605_20
1181389_38
788180_7
788182_1037
1574615_28
788184_171
1181399_1
1574618_15
1181401_4_ue
1574623_0_failed
1574625_23
1574627_91_ue
1574630_13
1574634_8
1574637_8
1574642_119_failed
1574643_6
1574645_45_ue
788215_27
1574647_129
1574648_13
788218_177
1574652_5
1574653_40
1574654_10
1574656_111
788230_56
1574662_5
788232_77
1574665_25_failed
1574666_55
1574667_0_failed
1574668_31
1181454_85
1574678_15_failed
1574679_0_failed
1574682_26
1574683_11_failed
1181468_8
1181469_84_ue
1181472_10_ue
1574692_18
1181478_4
1574695_8_ue
1574699_18_failed
1574701_77_failed
1574703_1_failed
788274_28
1574706_0_failed
788276_919
1574707_6
1574710_78_failed
788279_13
1574712_20
1574713_25
1181490_28
1181492_18_ue
1574719_0_failed
1574721_5
1574725_8
1574727_5_failed
1574728_6
1574731_12
1574736_92
1574738_12
1574741_50
1574745_6
788318_74
1574750_45
1574752_26
1574753_54
1574754_36
1574755_20_ue
1181535_110_ue
1181536_1066
1574759_8
1574761_3
1574775_30
1574780_21
1574781_39
1574782_190
1574784_23
1574785_232
1574786_62
1574787_26
1574788_118
1574789_11
1574790_179
1574791_337_failed
1574792_38
1574796_97
1574797_8
1574800_9
1181586_21_ue
1574804_37
1574805_251
1574807_46
788377_185
1574813_100
1574814_12
1574815_78
1181600_65_ue
1574817_111
1574818_117
1574820_70
1181606_252_ue
1181611_51_ue
1574828_39_failed
1574829_17_ue
1574830_0_failed
1574832_120
1574833_77
1574836_19
1574837_28
1574839_6
1574842_15
1574843_164
1574857_55
1574858_10
1574860_13
1181641_7_ue
1181643_91_ue
788431_8
1574863_13_failed
1574865_14
1181644_28
1181651_8
1574868_20
1574869_30
1181656_9
1574873_1_failed
1574879_40
1574882_31
1574884_0_failed
1574886_10
1574888_47
1574890_41
1574892_35_failed
1181676_5_ue
1574896_8
1574899_7
1574901_45
1574902_10
1574907_14
1574912_17
1574914_45
1574915_53
1574917_51
1574919_24
1574920_12
1574921_2
1574922_80
1574923_49
1181703_5
1574927_11
1574930_123
1574931_6
1574935_11
1574937_46
1574938_46
1574940_133
1574941_14
1574942_61
1181724_16_ue
1574944_0_failed
1574945_44
1574948_18
1574950_44
1574953_18
1574956_2
1574958_8
1574960_27
1574961_45
1574963_180
1574965_48
1574967_3
1574974_27
1574975_237
1574979_16_failed
1181770_10
1574990_25_failed
1574991_11_failed
1574993_0_failed
1574994_0_failed
1181779_98_ue
1574996_75_failed
1574997_0_failed
1575000_149
1575006_9
1575011_14_failed
788581_31
1575013_6
1575014_117
1575024_31
1575025_15
1575036_6
1575041_49
1575045_4
1575047_7_ue
1575050_10
1575051_22
1181836_30_ue
1181837_112
788624_24
1575056_9_failed
1575061_6
1575062_2
1181847_13
1575076_29
1575077_12
1575078_85
1575083_34
1575086_93
1575087_348
1575088_4
1575091_101_ue
1575093_79
1575094_78
1575096_294
1575097_62
1575102_5
1575103_6
1575104_89
1575106_4
1575107_10
1575109_0_failed
1575110_1_failed
1575113_19_failed
1575115_6
1575117_37
1575119_0_failed
1181904_52
1575122_3_failed
1181907_19_ue
1575124_23_failed
1181909_7
1575126_175
1575128_27
1575131_0_failed
788705_12
1575141_14
1575142_0_failed
1575146_111
1181930_9_ue
788719_47
1575154_21
1575158_6
1181942_4
1181945_3
1575164_115
1575165_15
788735_11
1575167_0_failed
1575172_0_failed
1575174_14
1575179_6
1181966_70
1575183_169
1575188_17
1575192_23
1575195_9
1575196_8
1575197_36
1575198_24
1575202_3
1575204_2
788773_35
1575205_19
1575208_8
1575211_30
1575212_46
1182001_31_ue
1182005_10
1575224_11_failed
1575227_9
1575229_3_failed
1182013_29
1575235_65
1575236_12
1575237_46_ue
1575238_0_failed
1575239_41_failed
1575240_19
1575241_103
1575242_0_failed
1575243_44
1575248_100
1575249_21
1575251_182
1575254_36
1575257_22
1575259_26
1575260_0_failed
788829_14
1575263_23
1575265_21
1575269_170_failed
1575275_0_failed
1575276_36
1575281_8
1575282_31
1575284_15
1575289_15
1575290_5_failed
788859_144
1575294_11
1575295_33
1575299_41
1575300_70
1575305_65_failed
1575313_15
1575315_12
788889_30
1575321_23
1575323_0_failed
1575325_28
1575328_0_failed
1575329_25
1575330_20
1575333_45
1575334_46
1182122_17_ue
1575342_0_failed
1575345_0_failed
1575346_7
1575347_40
1575348_7
1575350_64
1575355_33
1575358_21
1575364_6
1575366_4
1575368_11
1575370_0_failed
1182157_62_ue
1182158_14
1575375_16
1575376_20
1575379_10
1575381_12
1575382_19
1575383_38
1575384_74_ue
1575385_13_failed
1182173_8_ue
1575392_17
788968_306
1575400_53
1575403_0_failed
1575404_10
1575410_27
1575413_18
1182198_9_ue
1575416_18
1575418_10
1182202_19
1575420_145
1182203_54_ue
788992_164
1575424_55
1575427_87
1182213_456
1575432_33
1575433_20
1575434_15
1575436_15
1575437_11
1575445_2
1182232_25
1575449_20
1575452_97_failed
1575454_1_failed
1575456_16_failed
1575460_13
1575465_33
1575469_109
1182255_60_ue
1575475_84
1575477_42
1182262_26
1575479_44
1575482_21
1182269_6_ue
1575486_50
1575487_28
1575494_13_ue
1575497_47
1575498_48
1575499_18
1575503_6
1575506_86
1575507_63
1575510_8
1182295_16_ue
1182298_8_ue
1575517_2
1182301_33
1182302_4_ue
1575523_14
1575524_17
1575525_1_failed
1575526_9
789095_183
1575529_20
1575535_76
789109_214
789110_3
1575544_3
1575545_15
1575549_235_failed
1575555_53_failed
1182340_7_ue
1575557_16_failed
1575558_10
1575559_66
1182344_56_ue
1575566_6
1575567_160
1575568_22
1575570_6
1575572_9_failed
1182356_7_ue
1182359_7_ue
1575577_41
1575579_56
1182364_102
1575585_96
1575586_2
1182372_7
1575590_20
1575591_28
1575592_5
1575593_12
1182378_90_ue
1575595_9
1575598_17
1575601_3_ue
1575602_146
1575603_10
1575608_41
1575609_25_failed
1182392_26
1575612_32
1575615_27
1575619_31_failed
1575621_2
1575622_12
1182407_12
1182410_5_ue
1575629_65
1575630_34_ue
1575632_31_failed
1575634_33
1575635_0_failed
1575636_13
1575640_12
1575644_17
1575646_187_failed
1575647_61
1575649_17
1575654_31
1182440_5_ue
1575658_37
1575661_126
1575666_97
1575673_4
1575674_4
1575675_40
1575682_38
1575687_14
1575689_43
1575690_28
1575696_17
1575699_50
1575700_2
1575701_82
1575705_146
1575706_52_failed
1575716_17_ue
789288_45
1575720_10
1575725_4
1575727_0_failed
1575730_57
1182520_83_ue
1575740_35
1575742_73
1182530_12_ue
1575748_1_failed
1182532_9
1182533_24_ue
1575751_90_failed
1575753_22
1575756_82
1575762_7
1575763_37
1575765_0_failed
1575767_121
1575768_133
1575769_15
1575771_143
1575774_103
1575775_3
1575777_27
1575781_0_failed
1182568_8
1575785_53
1575786_32
1575788_25
1575790_12
1575791_45
1575794_18
1575795_63
1575799_21_failed
1575801_43_failed
1575802_0_failed
1575803_0_failed
1575807_28
1575809_6
1575811_29
789381_170
1575815_13
1575819_19
1575825_3
1575827_2
1575828_52
1182611_21
1575831_2
1575839_6_failed
1575842_5
1575847_26
1575850_34
1575851_44
1182637_15_ue
1575858_99
1182643_64_ue
1575860_12
1575861_11
1575864_8_failed
1575867_37
1575870_11
1575872_14
1575875_54
1575876_94
789447_56
1575880_41
1575881_11
1575883_3_failed
1575884_59
1575890_13
1575891_11
1575892_8
1182674_5
789462_35
1575896_3
1575898_16_failed
1575899_74
1575902_5
1575903_58
1575905_31
1575907_43
1575908_6
1575911_58
1575912_34_ue
1575913_26
1575917_12
1575918_42
1575922_8
1575923_16
789493_12
1575928_20
1575930_15
1575933_6_failed
1575934_112
1182726_10_ue
1575943_59_ue
1575947_49_failed
1575948_23
1575951_9
1575952_0_failed
1182750_220
1575969_0_failed
1182756_15
1575980_5
1182765_90
1575982_8
1575984_9
1575985_94
789554_52
1575995_72
1576002_7
1576003_50
1576005_3
789576_9
1576011_4
1576012_3
1576013_21
1576016_0_failed
1576017_23
1576018_21
1182802_108
1576021_56
1182806_15_ue
1576026_0_failed
1576027_23
1182813_23
1576031_4_failed
1576040_44
1576042_43_failed
1576044_0_failed
1576048_40
1182835_11
1576052_43
1576055_34
1576057_8_failed
1576060_41
1576062_8
1576064_28
1576066_152_failed
1576071_23
1182856_67
1576073_28
1576076_8
1576080_0_failed
1576082_17
1182869_5_ue
1576087_11
789656_41
1576088_38
1182872_12_ue
1576095_20
789665_21
1576097_3
1576098_8
1576099_0_failed
1576105_36
1576107_46
1576108_13
1576111_78
1576112_32
789681_93
1576113_29
1576115_9
1182905_21
1576125_7
1576127_0_failed
1576133_40
1576136_0_failed
1182922_28
1576141_44
1182930_18
1576149_16
789724_26
1576159_32
1576168_66
1576173_9_failed
1576175_53
1576178_9
1576181_15
1576183_68
1576184_25
1576185_54
1576190_139
1576201_10
1576203_8
1576204_7
1576205_67
1182997_12_ue
1576224_50
1576225_36
1576226_201
1576228_223
1183012_9
1576230_39_failed
1576231_53
1576232_44
1576235_15
1576240_78_ue
1576244_80
789813_4
1576247_6
1183033_51_ue
1576252_50
1576254_58_failed
1576256_3
1576257_2
1576258_85
1576259_12
1576260_145
1576261_1
1183044_18_ue
1183045_62
1576264_31
1576265_27
1576266_95
1576274_89_failed
789843_511
1576276_23
1576282_7_failed
1576285_127
1576286_15
1576287_58
1576289_5
789860_181
789865_6
1576297_9
1576298_45_failed
1576302_1_failed
1576303_4
1576304_33
1576307_48
1183092_12_ue
1183098_25
1576320_18
1576321_23
1576323_2
1576324_0_failed
1576326_44
1576327_104
1576329_18
1576330_27_failed
1576338_16
1576339_4
789909_25
1576344_48
1183131_9
1576351_34
1576352_73
1576355_12
1576359_136
1576360_11
1576365_0_failed
1576366_50
1576367_29
1183149_10
1576369_10
1576370_38_failed
789939_5
1576373_12
1576377_59
1576378_12
1576381_25
1576382_12
1576384_48
1576386_23
1183171_14
1576389_25
1576390_28
1576391_9
1576394_3_failed
789964_17
1576400_93
1576403_9_failed
1576404_6
1576407_5
1576409_36
1576413_23
1576414_31
1576416_31
1576420_39
1576423_30
1576424_40
1576427_13
1576428_9
1576430_9
1576431_24
1576434_216
1576435_65
1183220_16
1576439_44
1183224_34_ue
790009_86
1576441_33
790015_36
1576448_45
1576449_15
1576450_8
1183234_6
790022_11
1576454_4
1576455_24
1576456_10
1576458_38
1576459_18_failed
1183239_69_ue
790031_34
1576463_6
1576465_1
1576467_16
1576468_4
1576469_31
1576470_11
1576473_5
1576479_27
1576480_4
1576482_134
1576485_1_failed
1576486_46
1576487_14
1576490_15
1576491_18
1576492_13
1183275_59_ue
1576498_0_failed
1576499_9
1576502_8_failed
1576503_4
1576504_5
1576505_2_failed
790077_33
1576509_16
1576511_54
1576512_15
1183294_9
1576516_11_failed
1576517_3
1183302_71
1576520_8
1576523_16
1576526_161
1576528_20
1576529_12
1576530_12
1183312_11_ue
1183315_88
1576533_65_failed
1576534_26
790106_17
1576538_62
1576539_69
1576542_13
1576544_41
1576547_12
1576548_13
1576549_105
1576552_50
1576553_6
790122_25
1576556_11
1576557_29
1576558_31_failed
1576559_20
1576560_24
1576561_5
1576563_6
1576565_45
1576566_39
1576570_29
1576573_17
1576575_7
1576577_99_failed
1576581_11
1576590_30
1576595_9_failed
1576596_41
1576599_30
1576600_5
1576601_72
1576602_9
1576603_74
1576604_22
1576608_49
1576610_31
1576613_31
1576614_31
1576616_36
1576618_9
790187_246
1576619_31
1576620_9
1576621_61_failed
1183402_115
1576625_0_failed
1183409_14
1576632_12
1576635_54_ue
1576636_17
1183421_39
1576638_48
1576642_69
1183426_69
1576645_17
1183432_10
1576650_43
1576651_71
1576652_28
1576653_26
1183436_13
1576658_10
1576659_8
1576661_5_failed
1576664_20
1183450_4
1576667_60
1576669_7
1576670_15
1576673_10
1576674_8
1576675_40
1576682_7
1576685_2
1576689_0_failed
1576692_9
1183479_58
1576697_34
1576698_21
1576699_14
1576705_5
1576706_70_failed
1183501_29
1576724_57
1576725_10
1576727_5
1576729_21
1576730_0_failed
1576731_9
1576737_6
1183522_4
1576739_72
1576746_8
1576748_18
1576749_4
1183532_14
1576751_27
1576752_57
1576753_103_failed
1576755_29
790324_8
1576757_23
1576758_26
790329_13
1576763_22
1183551_16_ue
1576770_38
790339_50
1576772_0_failed
1576773_0_failed
1576774_48
1183555_10
1576777_29_failed
1576782_7
1576783_223
1576788_8
1576792_13
1576799_70
1576803_58
1576804_0_failed
1183592_37_ue
790377_12
1576810_12
1183593_10
1576813_118
1576815_29
1576816_40
790385_326
1576817_11
1576818_19
1183605_42_ue
1183608_22
1576825_126
1576828_53
1576829_0_failed
1576831_51
1576834_20
1576843_16
1576845_83
1576847_37
1576848_34
1576850_57
1576852_24
1183638_17
1576857_119
1183641_11
1576861_37
1576862_245
790432_151
1576865_6
1576867_0_failed
1576868_19_failed
790439_383
1576875_20
1576877_7
790447_386
1576879_78
1576881_21
1183666_39
1576885_23
1576886_5
1576888_33
1576890_14
1576891_5
1576892_5
1576896_14
1576897_16
790466_11
1576898_20
1183682_26
1576902_11
1576903_18
1576904_13
1576905_58
1576906_6
1576907_13
1576909_0_failed
1183694_22
1576911_4
1576912_113
1576915_9
1576922_59
1576923_0_failed
1576930_0_failed
790500_176
1576932_13
1576934_12
1576935_15
1576937_3
1576941_53
1183730_48_ue
1576947_4
1576951_13
1576954_2
1576955_53
790524_88
790527_7
1576963_32
1576964_10
1576965_104
1576967_3
1576969_89
1576970_58
1183757_2
1576975_5
1576977_3_failed
1576980_243
1576986_63
1576993_20
1576994_9
1576999_14
1577003_11
1577004_14
1577011_5
1577015_4
1577016_7
1577018_7
1577020_18
1577024_10
1577025_0_failed
1577027_12
1577028_73_failed
1577029_32
1577030_9
1183812_51_ue
790600_148
1577032_0_failed
790602_86
1577036_25
1577037_4
1577038_0_failed
1577039_17
1577040_29
1577044_16
1577045_20
1577046_70
1577048_79
1577050_24
1577051_5
1577052_36
1577056_8
1577057_3
1183844_385
1577061_9
1577062_67_failed
1577063_26
1577064_23_failed
1577068_9
790638_79
790639_66
1577070_55
1577071_94
790642_43
790643_507
1577072_8
1577075_7
1577077_21
1183857_28_ue
790649_58
1577081_8
1577082_0_failed
1577083_16
790653_91
790654_211
1577085_27_failed
1577088_9
790657_66
790658_15
1577091_0_failed
1577089_0_failed
790661_634
790662_40
1577093_8
1577090_36
1577097_40
790666_131
1577098_9
1577099_18
790669_146
1577100_5
1577103_4
1577101_4
790676_54
790677_677
790678_28
1577109_27
1577110_9
1577111_4
1577114_13
1577115_7
1577116_17
1577118_41_failed
1577121_5
790690_16
1577122_12
1577126_7
1577127_16
1577129_3
1577131_16
1577133_11
790702_48
1577135_23
1577136_0_failed
1577137_33
1577138_15_failed
790707_7
1577139_16
1577140_10
1183922_94
1577146_2
1577150_17
790719_311
1577154_28
1577156_57
1577160_19
1577163_13
1577165_8
1577167_91_failed
1577171_19
1577172_8
1577176_21
1577177_12
790746_155
1577178_5
1183968_9_ue
790754_171
1577187_4
1577189_9
790758_103
1577191_9
1577195_6
1577196_5
1577198_5
1577199_84_ue
1577201_12
1577202_7
790771_159
1577203_68
1577204_4
1577207_50
1577208_48_failed
1577209_7
1577214_27
1183999_68
1577216_10
1577217_28_failed
1577218_5_failed
790787_73
1577219_25
1577224_7
790794_20
1577227_85
1577228_6
1577231_121
1577232_8
1577235_16
790806_40
1577241_9_failed
1577242_0_failed
1577243_20
790812_104
1577246_22
1577247_1
1577250_12
790820_151
1577252_10
1577253_24
1577254_11
1577256_55
1184041_35
1577258_3
1577261_10
1577262_10
790831_6
1577263_19
1577264_10
1577266_25
1577267_11
1577268_3
1577270_7
1577272_53_failed
1577275_18
1577277_5
1577278_8
790847_26
1577279_121
1577282_13
1184067_15
1577286_23_failed
1577287_26
790858_51
1184075_2
1577292_5
1577293_10
1577299_18
1184083_8
1577303_1
790873_9
1577305_6
1577306_33
1577307_31
790878_159
1577310_30
1577316_36
1184101_36
1577318_3
790889_56
1577321_183
1577322_11
1577323_9
1577325_31
1577326_10
790895_106
1577327_5_ue
1577330_3
1577335_50
1577336_0_failed
1184124_67
790911_28
1577344_13
1577345_24
1577346_68
1577348_19
1577349_5
1577350_31
1577354_25_failed
1577355_1_failed
1577356_73_failed
1184143_7_ue
1577365_70
1184151_55
1577369_23
1577372_102
1577375_105
1577377_291
1184164_12
1577381_11
1184165_7_ue
1577388_6
790957_30
1577389_10
1577392_15
1577396_3
1577398_8
1577401_15
1577403_9
790972_148
790975_170
1577407_56
1577408_28
1577410_0_failed
790980_6
1577413_59
1577414_6
790986_5
1577419_32
1577423_28
1577424_21
1577428_11
1577429_35
1577430_27
1577432_97
1577444_2_failed
1577445_49_failed
1577447_33
1577448_18
1577450_0_failed
1577455_11
1577459_0_failed
1184245_87_ue
1577466_17
1577467_97
1577471_20
1577472_0_failed
1577474_14
1577484_22
1577485_7
1577492_1
1577494_6
791064_131
1577496_11_failed
1577500_30
1184284_72_ue
791070_28
1577502_91_failed
1184288_5
1577505_0_failed
1577506_23
1577507_6
1577509_0_failed
1577511_29_failed
1577512_27
1577515_53
1577517_24
1577519_157_failed
1577521_0_failed
1184306_6_ue
791093_37
1577530_16
1577534_6
1184318_36
1577541_25
1577542_4
1577553_0_failed
1577554_23
1577557_7
791129_11
791131_65
1577563_50
1577564_2
1577566_28
1184353_62_ue
1577576_4
1577590_30
1577593_65
1577594_11_failed
1577595_17_ue
1577596_76
1577597_25
1577600_11
1577602_51
1577603_3
1577608_2
1577612_3
791182_14
1577614_11
1577618_0_failed
1184402_17_ue
1577623_17
1577626_3
1577629_36
1577631_0_failed
1184422_91_ue
1577640_2
791217_56
1577650_20
1577651_43
1577655_0_failed
1577657_34_failed
1577658_7
1577660_12
1577664_65
1577665_60
1184448_10
1577667_76
1184449_15
1577669_46
1577670_0_failed
791241_34
1184458_26
1577676_9
1184460_213
1577678_43_failed
1577679_19_failed
1577683_17
1184469_7
1577694_9
1577695_2
1577701_16
1577704_10
1577710_25
1577714_0_failed
1577717_22
1577718_43_ue
1577719_29_failed
791288_388
791289_39
1577721_86
1184513_53_ue
1577732_39
1577733_21
1577734_10
1577735_102
1577737_0_failed
1577739_1_failed
1577740_16
1577741_23_failed
1577743_23
1184527_3
1577746_44
1577747_13_failed
791317_22
1577750_0_failed
1577751_11
1577754_6_failed
1577755_28
1577756_0_failed
1577764_9
1577766_3
1184559_5_ue
1577783_17
1577793_72
1577795_23_failed
1577797_92
1577801_22
1577804_9
1184590_64_ue
1577807_60
1577808_9
1577810_12_failed
1577812_44
1577814_8
1577816_35_failed
1577819_21
791389_19
1577822_0_failed
1577826_4
1577827_2
1184612_42_ue
1577832_35
1577836_5
1577837_19_failed
1577843_36
1577849_7
1577850_44
1577852_71
791422_12
791423_107
1577854_0_failed
1577859_43
1577860_4
1577861_26
1577862_5_failed
1577863_75
1577865_43
1184650_49
1577867_5
1577868_44
1184654_135_ue
1577873_47
1577875_1_failed
1577876_19
1577877_30
1184660_11
1577881_215
791454_22
1577886_41_failed
1577887_67
1577892_26
1577898_53
1577899_26
1577901_338_failed
1184688_41_ue
1577905_9
1577906_17
1577909_0_failed
1577910_19
1184697_9_ue
1577916_35
1577918_25
1577920_11
791490_165
1577923_48
1577929_44
1577931_46
1577934_0_failed
1184720_18
1577938_15
1577944_0_failed
1577945_13
1577946_38
1184730_19_ue
1577948_15
1577950_0_failed
1577957_3
1184741_3
1577959_59
1577962_8
1577963_27
1577964_11
1577965_13
1184747_61
1577971_10_ue
1577974_18
1577976_12
1577977_4_failed
1577978_17_failed
1577979_15
1577980_40
1184760_56_ue
1577982_20
1577985_5
1577992_142
791564_13
1577998_45_failed
1577999_0_failed
1578000_6
1578002_8
1578004_68
791573_15
791575_50
1578007_60
1578013_36
1578016_9_failed
1578020_0_failed
791589_43
1578026_0_failed
1578027_12
1578030_9
1578034_0_failed
1578035_14
1578036_12
1578042_138
1184827_25_ue
1578048_32
1578052_0_failed
1578054_2
1578058_0_failed
1578060_95
1578065_0_failed
1578066_64
1578075_0_failed
1578076_7
1578077_11
1578078_9
1184860_15_ue
1578080_51
1578081_5
791650_319
1578085_6_failed
1184871_11_ue
1578088_0_failed
791659_24
1578097_2
791666_10
1578099_16
1578100_14
1578101_141_ue
1578104_8
1578105_22
1578106_17
791676_13
1578113_0_failed
1578114_57_failed
1578115_17
1578118_0_failed
1578119_14
1578120_56
1578122_47
791692_18
1578124_5_failed
1578125_60
1578133_14
1578134_22_ue
1578135_11
791705_96
1578147_9
1578149_9
791719_11
1578151_26
1578155_28
1578159_17
1184946_33
1578163_38
1578164_0_failed
1578165_9_failed
1578174_19
1184958_13
1578179_6
1578180_37
1578182_6
1578186_35
1578189_149
1578190_3_failed
1578191_110
1578192_7
1578194_3
1578200_0_failed
1578201_3
1578203_14
1578206_12
1578209_20
1578210_31
1578211_40
791780_168
791781_280
1578217_34
791793_366
1578228_10
791820_150
1578254_16
1578261_0_failed
1578262_87
1578264_6
1578270_21_failed
791844_381
1578279_25
1578282_5_failed
791851_47
1578286_0_failed
1578287_1
1578292_8
1578294_37
1578295_63
1578296_54
1578298_20
1578300_16
1578301_121
1578302_59
1578307_3
1578308_37
1578309_9_failed
1578310_12
1578311_4
1185093_64_ue
1185099_10_ue
1578316_6
1578317_39
1578318_10
1578320_15
1578321_11
1578322_21
1578331_97
1578333_7
1578334_3
1578337_76
1578344_10
1578347_0_failed
791916_23
1578348_95
791920_13
1578352_14
1578354_26
1578356_16
1578357_12
1578359_4
1578360_45_failed
1578363_6
1578364_11
1578365_11
1578367_16
1578369_340
1578373_76
1578374_5
1578378_63
1578382_98
1578384_2
1578385_0_failed
1578387_3
1578390_5
1578397_4
1578406_26
1578407_6
1578412_7
1578414_12
1578415_15
1578418_3
1578421_45
1578423_0_failed
791992_349
1578425_27
1578429_12
1578430_80
1578431_45
1578436_62
1185220_63
1578439_6
792011_11
1578444_9
792013_22
1578446_0_failed
1185227_128_ue
1578448_12
1578450_8
1578451_15
1578452_210_failed
792023_455
1578459_31
1185250_159
1578469_58
1578471_5
1185260_4
1578480_6
792050_108
1578482_37
1578484_81_failed
792053_6
1578485_0_failed
1185272_18_ue
792059_37
1185279_35_ue
1578497_1
792066_58
1578498_72
792071_48
1578504_7
1185290_22_ue
1578511_0_failed
1578522_0_failed
1578527_185
1578530_75
1578533_39
792105_22
1578540_47_failed
1578543_0_failed
1185329_6
1578546_12
1578547_14
1578549_32
1578550_12
1578552_13
1578554_4
1578555_27
1578560_3
1578561_38
1578565_160
1578566_12
1578568_4
792138_79
1578571_12
792140_36
1578575_11
792145_53
1578580_128
792149_3
1578581_14
1578582_16
1578584_7
1578586_122
1578589_0_failed
1578594_0_failed
792164_12
1578601_2
1578606_4
1578607_23_failed
1578609_0_failed
1578611_36
1185397_4
1578618_0_failed
792187_115
1578620_0_failed
1578622_9
1578626_40
1578628_13
1185414_20
1578631_9
1185415_7
1578634_47
1578635_32_failed
1578637_64
1578638_558
1578641_25
1578642_24
1578645_3
1578647_8
1578650_55
1185435_33_ue
1578652_6
1578654_71_failed
1578655_16
1578656_7_failed
1578657_0_failed
1578659_11
1578661_0_failed
1578662_7
1578663_14
1578665_12
1578666_0_failed
1578667_34
1578669_0_failed
1578672_0_failed
1578673_21
1578675_8
1578679_64
1578680_58
1578682_29
1578683_47
1578684_0_failed
1578685_75
1578691_3
1578692_0_failed
1578702_11_failed
1578704_90
1578705_38
1578706_13_failed
1578708_43
1185496_12
1578713_65_failed
1578718_0_failed
1578719_9
1578720_105
1578722_7
1185510_29_ue
1578727_15
1578728_42
792297_28
1578729_8
1185515_20
1578733_57_failed
1578734_8
1578738_14
1185523_17_ue
1578741_24
1578744_0_failed
1578745_22
1578746_54
1578748_18
1578750_76
1578752_3
1578756_7
1578757_16
1185541_20_ue
1578759_224_failed
1578762_10
1578763_0_failed
1578764_5
1578765_3
1578767_0_failed
792339_37
1578772_15
1578778_30_ue
1578780_86
1578782_70
1578785_57
1578787_21_failed
1185572_25_ue
1578790_9
1578791_78_failed
1578793_76
1578797_15
1578798_10
1578799_3_failed
1578800_3
792369_83
1578801_88
1578804_201
1578805_8_failed
1578812_53
1578814_12
1578815_4
1578817_28
1578818_31_failed
1578821_3_failed
1578822_30
1578823_32
1578825_14
1578826_5
1578827_30
1578833_42_ue
1185620_12_ue
1578839_0_failed
1185624_7
1578842_10
1578843_87
1578846_30
1578848_116_failed
1578849_20
1578853_9
1578854_13
1578856_47
1578857_2
1578858_9
1578860_13
1578862_121
1578863_30
1578866_83
1578867_2
1578868_3
792438_31
1578871_18
1185658_23_ue
1185660_22_ue
1578878_50
1578880_25
1578881_15
1578882_11
1578883_15
1578885_9
1578888_41
1578893_4
1578895_32
1578902_120
1578904_7
1578910_0_failed
1578914_10_failed
1578915_314
1578918_32
1578920_4
1578923_8
1185707_24
1185712_27
1578931_9
1578938_63
1578943_1_failed
1185730_66
1578951_13
1185735_9
1578956_12
792527_249
1578960_1
1578962_4
1578963_32
1578964_97
1185750_10_ue
1578969_33
1578970_11_failed
1578972_17
1578973_352
1578974_23
1578976_24
1578979_0_failed
1578980_11
1578981_5
1578982_14
1578983_26
1578984_42
1578987_170
1578989_9_failed
1578992_23
1578997_10
1579001_24
1579009_0_failed
1579015_27
792587_110
1579021_63
1579025_18
1579026_6
1579033_0_failed
792602_33
1579034_23
792606_96
1579039_26
1185823_28_ue
1579041_27
1579042_34
1579044_83
1579047_213
1579052_5
1579055_48
1579056_3
1579057_41
1579060_8
1579062_50
1579063_51
1579066_1
1579069_11
1579070_7
792639_70
792640_186
1579073_5
792642_183
1185855_9_ue
1579079_4
792653_62
1579095_77
1579097_2
1579098_8
1579100_16
1579103_16
1579104_14
792676_147
1579110_275_failed
792680_18
1579112_15
1579113_23
1579116_0_failed
1579121_10
792693_53
1579126_26
1579127_11_failed
792696_18
1579128_17
1579129_14
1579130_5
1579134_0_failed
792705_23
1579138_10
1579141_3
1579145_7
1579150_13
1579151_386
1579154_12
792725_200
1579159_0_failed
1185943_4
1579161_32
1579166_15
1579167_21_failed
1579168_41
1185953_11
1185959_67_ue
1579176_0_failed
1579177_3
1579181_70
1579184_17_failed
1579185_47
1579190_0_failed
1579191_0_failed
1579193_49
792762_23
1579198_30
792767_54
1579202_0_failed
1579203_41
792772_27
1579205_6_failed
1579206_10
1185991_15
1579209_2
1579210_5
792783_207
792785_11
792786_34
1579220_0_failed
792789_10
1579222_14
1579223_0_failed
792792_36
792793_48
1579226_20
1579228_72
1579237_1
1579238_3
1579239_56
1579241_1_failed
1579243_0_failed
1579247_5
1579250_14
1579251_30
1579258_51_failed
1579262_13
1579263_1_failed
1579265_34
1579267_55_failed
1579274_0_failed
1579280_12_failed
1579284_17_failed
1579285_15
1579287_7
1579289_41_failed
1579291_12
1579296_45
1579297_21
1579301_1
1579302_221_failed
1579303_22
1579309_21
1579311_2
1579313_13
1579314_6
1579315_76
1579317_23
1579321_4
1579322_84
1579325_85_failed
1579326_0_failed
1579329_7_failed
1579338_13
1579339_49
1579347_8_failed
1579352_54
1579354_22
1579360_17
1579363_63_ue
1579366_12
1579369_5
1579370_37_failed
1579371_64
1579372_0_failed
1579373_35
1186159_9
1579380_107_ue
1579382_6
1579383_3_failed
1579384_49
1579387_11_failed
1579391_8
1579392_48
1579394_0_failed
1186178_17
1579396_9
1579397_28
1579400_14
1579406_19_ue
1579408_7
1579412_0_failed
1579414_10
1579415_2_failed
1579416_27_failed
1186198_19_ue
1579419_19
1579420_59
1579423_0_failed
1579429_22
1579430_26
1579436_35
1579437_11
1579446_160
1579449_15_ue
1579453_34
1579455_1_failed
1579456_6
1579457_9
1579459_79_failed
1579462_16
1579463_68
1579464_44
1579467_9_failed
1579468_149_failed
1579469_51
1579470_169_failed
1579472_3
1579473_33
1579478_0_failed
1579479_169
1186265_157
1579488_12
1579491_9
1579492_228
1579493_87
1186278_4
1579500_6
1579505_1_failed
1579513_28
1579515_24
1579517_3
1579519_20
1579523_95
1579524_36
1579529_11
1579531_5
1579532_46
1579533_138
1579534_22
1579535_11
1579537_0_failed
1579539_69
1579543_185
1579545_54
1579547_14
1579548_2
1579550_39
1579553_5
1186337_17
1579561_10
1579562_75
1579564_16
1579566_6
793136_103
793138_122
1579571_8
1579572_10
1579573_10
1579575_19
1579578_17
1579579_0_failed
1579580_5
1579581_2
793150_47
1579587_12
1579592_12_ue
1579593_2_failed
1579597_12
1186384_8_ue
1186391_110
1579608_68_failed
1579611_64_failed
1579615_52
1186401_1
1186404_19
793189_285
1579622_70
1579623_31
1579625_21_failed
793196_19
1579629_12
1579630_10
1579632_0_failed
1579633_76
793203_8
1579635_79
1579637_6
1579641_28
1579648_51
1579651_26
1579652_13
793224_62
1579658_3
1579661_71
1579662_34
793231_80
1579664_55
1579671_23
1579673_12
1579674_0_failed
1579676_0_failed
1579677_42
1579678_4
1579681_124
793251_275
1579686_30
1579688_32_failed
1579690_3
1579694_69
1579696_10
1579697_22
1579704_66
1186489_32
1579706_5_failed
1579710_7
793279_137
1579711_48
793281_47
1579714_42
1579717_128
1579722_53
1186508_42
1579724_8
793293_43
1579725_1
1579726_0_failed
1579727_5
793297_7
1186510_14_ue
793300_29
1579732_4
793304_10
1579738_100
793308_30
1186526_14
1579748_14_failed
1579750_0_failed
1579751_7
1579753_8
1579758_0_failed
1579761_0_failed
1579765_0_failed
1579767_67
1579768_0_failed
1579772_5
1579773_0_failed
793343_271
1186559_72
1186568_10
1579785_11
1579787_4
1579788_6
1579789_5_failed
1579791_84
1579792_0_failed
793361_57
1579793_22
1579794_79_failed
1579796_107
1186579_15_ue
1579798_49
1186583_24_ue
793368_9
1186585_17_ue
1579801_53_ue
1579802_22
1579803_37
1579804_6
1579805_9_ue
1579806_88
1186584_27_ue
793380_115
1579812_9
1579814_58
1579819_40
1579820_5
1186604_134
1579825_35
1579828_118
1579830_26
1579832_0_failed
1579833_13
1579834_5
1579835_0_failed
1579841_119_failed
1579844_1
1579845_9
1579846_28
1579848_68
1579855_131
793426_40
1579858_16
1186642_46_ue
1579861_7
793431_6
1579863_67_failed
1579865_43
1579866_33
1579867_0_failed
1579868_1
1579869_15
1579876_23
1579878_28
1579880_5
1579882_22
793451_9
1579884_42
1579886_14
793457_106
1579890_3
1186673_10_ue
793460_23
1579892_0_failed
1186676_16
793463_18
1579896_4
1579902_5
1579906_6
1186691_13
793476_410
793477_128
793478_14
1579909_36
793480_74
793481_112
1579910_0_failed
1579915_22
1579918_106
1579921_7
793491_72
1579928_38
1579929_195_failed
1579932_16
1579933_1_failed
1579935_39
1579937_0_failed
1579940_5
1579944_79
1579951_5_failed
1186739_9
1579956_22
1579960_5
1579961_176
1579962_7_failed
1579964_22
1579965_37
1579967_45
1579968_11
1186757_18
1579976_97
1579978_3_failed
1186768_61
1579987_0_failed
1579990_2
1579992_90
1186776_565_ue
1579994_18
1186777_438_ue
1186780_87
1186803_20
1186824_22_ue
1186825_42_ue
1186829_33
1186849_3
793641_60
1186860_6
793652_36_ue
1186882_59
793671_46
1186916_19
1186933_18
1186938_42
793731_3
793736_33
1186952_69
793785_31
793788_5
793844_75
1187078_64_ue
1187080_18_ue
1187086_32
1187114_25_ue
793900_3
1187124_8
793913_152
793932_101
793933_46
1187155_17
1187156_5
1187160_34
793945_112
1187177_52_ue
1187178_247
1187179_26
1187197_12
1187206_6
1187211_45_ue
794002_10
1187218_11_ue
794018_24
794021_17
1187275_37_ue
794084_20
1187319_10
1187322_12
1187329_106
1187341_13
1187343_7
1187347_479
1187370_11
1187382_6
1187392_43
1187394_16_ue
1187395_16
794199_67
1187415_121
794201_97
1187421_10
1187422_61
1187432_6
794225_17
1187442_82_ue
794237_52
1187459_128_ue
794251_138
794264_25
1187490_72
794281_2
1187503_8
1187515_6
1187521_211
1187526_3_ue
794314_85
794329_16
794342_109
1187561_46_ue
1187566_77
794366_7
794392_7
1187609_26_ue
794394_8
1187611_35
794410_280
1187633_69
1187634_23_ue
1187637_13
1187644_184
794445_24
1187680_46
1187707_26_ue
1187713_59
1187716_12
1187729_7
1187730_66
1187756_2
1187789_18
794591_11
1187850_67_ue
794647_95
1187870_75
794662_121
794663_209
794678_85
794687_205
794689_155
1187917_5_ue
1187918_2
1187935_8
794720_180
1187937_8
1187939_11_ue
1187943_7
1187971_27
1187981_15
794767_43
1187990_17
1187991_8
1187992_79_ue
794791_157
794799_7
1188020_15
1188027_56_ue
1188031_56_ue
1188046_28_ue
1188053_62_ue
794859_22
794862_9
794875_10
1188132_19_ue
1188173_80
1188178_77
1188182_14_ue
1188189_10
1188212_438_ue
1188220_172
795036_35
1188278_83_ue
1188282_9_ue
1188296_57_ue
1188309_187
1188314_81
795104_89_ue
1188331_5
1188341_97_ue
1188377_177_ue
1188387_217
795179_107
1188411_9_ue
1188448_8
1188458_90_ue
1188464_169
1188485_9
1188498_29_ue
795330_11
1188547_95
1188567_27_ue
1188570_82
1188571_49
1188597_36_ue
1188602_11
1188615_10_ue
1188621_10
795410_89
1188633_32
1188634_485
1188643_17
1188653_81
795450_256
1188728_21_ue
795538_17
795543_18
1188768_50_ue
1188782_5
1188785_64
1188793_12
1188795_28_ue
1188809_7_ue
1188825_11
795612_9
1188833_23_ue
1188835_46
1188845_10
795632_17
1188876_20_ue
1188883_21
1188886_21
1188915_8
795706_10
1188935_25_ue
1188958_21_ue
795751_104
795752_16
1188979_17
1188991_20_ue
1188992_27_ue
1189006_38
1189008_11_ue
1189022_10
1189023_75
1189024_86_ue
1189031_10_ue
1189039_15
1189053_2
1189054_13_ue
1189063_15
1189098_11
1189135_12_ue
1189141_132_ue
1189162_27
1189186_31_ue
795978_53
1189194_59_ue
1189214_37_ue
1189215_60_ue
1189235_13
1189246_30_ue
1189250_68_ue
1189281_25_ue
1189284_12
1189295_4
1189298_45_ue
1189312_13_ue
1189314_15
1189316_8_ue
1189336_15
796149_79
796179_16
1189397_61_ue
1189419_38_ue
796209_16
1189431_22_ue
1189444_265
1189458_55_ue
1189467_17_ue
1189478_59
1189480_36_ue
1189497_9
1189500_2
796289_123
1189505_17_ue
1189506_43_ue
1189508_27_ue
796311_277
796365_8
1189596_100_ue
1189604_4
1189611_42
796399_32
1189631_3
1189651_296
796443_11
1189663_37_ue
1189667_7_ue
1189677_32
1189702_38_ue
1189714_7_ue
1189727_7
1189732_5
1189753_91
1189754_25
1189755_2
1189761_15
1189763_110_ue
1189768_8
1189770_2
796573_41
1189795_91
1189817_16
1189822_58_ue
1189837_12
1189839_16_ue
1189841_6_ue
1189850_64_ue
1189862_27
1189870_27_ue
1189877_42_ue
1189885_6
1189901_12
1189904_69_ue
1189926_20_ue
1189927_1
1189946_17
1189956_129
1189989_215
796792_256
1190010_12
796800_11
796803_50
1190027_215
796819_20
1190057_15_ue
796844_19
1190081_16_ue
1190083_85
796877_50
796883_25
1190114_6_ue
1190118_31
1190158_21_ue
1190160_23_ue
1190203_16_ue
797025_8
797031_172
1190264_40
797068_18
797074_12
797080_159
797095_199
1190352_73_ue
797152_104
1190378_8
797164_89
797169_156
1190402_5
1190406_9
1190411_15_ue
1190424_47_ue
1190428_69_ue
797222_28
797228_14
1190457_3
1190464_36_ue
797250_272
797251_33
1190467_38_ue
797266_4
1190514_20_ue
1190535_22_ue
1190542_16
1190543_50
1190544_7
1190549_11
797339_74
797340_99
1190584_166_ue
1190593_13
1190605_22
1190618_30_ue
1190650_12_ue
1190657_15_ue
1190679_108_ue
1190682_7_ue
1190725_7
797530_19
1190764_77_ue
1190767_21
1190769_6
1190782_27_ue
1190786_17_ue
1190811_17_ue
1190837_119_ue
1190842_31_ue
797627_10
1190855_7
1190922_40_ue
1190951_63_ue
797739_29
1190975_16
797774_30
797777_22
1190993_69
1190997_16_ue
797783_166
1191018_6
1191020_19_ue
797829_85
1191051_11_ue
1191063_5
797852_25
1191096_14
1191131_20
797928_39
1191149_43_ue
1191204_28
1191211_72_ue
1191240_139
1191262_21
1191283_3
1191293_233
798108_24
798113_87
1191367_29_ue
798154_29
1191419_51
1191428_167_ue
1191480_21_ue
1191532_4
1191544_4
798343_33
798348_15
1191582_15_ue
1191598_19_ue
1191613_17_ue
798406_240
1191625_4_ue
798419_22
798437_19
798444_173
798455_181
798472_45
1191690_33
798490_30
1191709_90_ue
1191711_19_ue
1191728_3
798527_14
1191752_18_ue
798542_48
1191799_12_ue
798596_65
798602_88
1191827_2
798627_228
798634_41
798660_52
798677_59
1191905_25_ue
1191908_49
1191963_41_ue
1192030_150_ue
798842_76
1192069_59_ue
1192085_153_ue
798877_38
798918_161
1192135_52_ue
798942_18
1192162_103
1192165_17
1192201_20_ue
798986_52
1192210_76_ue
1192212_67
1192225_369_ue
799062_7
1192322_33
799109_174
799121_9
799141_20
1192357_2
1192373_117_ue
1192375_4
799160_43
1192377_12_ue
1192378_14
799164_724
799168_75
1192395_29_ue
1192399_6_ue
1192428_70
799234_67
1192457_28
1192462_17_ue
799258_222
1192502_9
799294_36
1192510_116
799304_17
799315_174
1192538_7_ue
1192539_4_ue
799332_15
799339_11
799363_45
799398_294
1192622_25_ue
1192625_9
799457_10
1192684_15
1192685_10
799479_1
1192696_2
1192699_42_ue
1192718_18
1192756_58_ue
1192762_36
799563_20
799578_57
799586_19
799611_2
1192877_10_ue
1192888_23_ue
1192891_34_ue
799685_41
1192909_45
799711_561
1192976_29_ue
1193044_13
799862_8
799864_11
799866_31
1193093_60
799887_7
1193103_122
799901_40
1193131_227
799936_4
799957_25
1193176_34
1193179_13_ue
799968_22
1193216_109
1193228_9
1193230_198
1193244_29_ue
1193281_53
1193323_8
1193327_10
1193336_28_ue
1193350_42
1193362_4_ue
1193384_20_ue
1193416_4
1193466_52_ue
1193479_128
1193491_82
1193495_13_ue
1193510_32
1193536_25
1193586_63
1193587_84
1193591_8_ue
1193622_25_ue
1193639_7_ue
1193671_31_ue
1193696_9_ue
1193716_16_ue
1193731_13
1193733_44
1193734_11
1193802_7_ue
1193810_20
1193817_48_ue
1193861_43
1193881_121
1193914_5
1193961_14
1194040_127
1194064_30_ue
1194069_32
1194103_47_ue
1194129_18
1194186_47
1194209_39
1194210_18
1194212_20_ue
1194217_106_ue
1194218_58
1194222_16_ue
1194246_14_ue
1194267_54_ue
1194299_10
1194310_134_ue
1194311_52_ue
1194344_37_ue
1194387_15
1194445_34
1194457_18_ue
1194464_45
1194506_25
1194509_20
1194583_17
1194597_12
1194598_4
1194599_5
1194684_56_ue
1194694_6
1194698_17
1194710_2
1194711_14_ue
1194719_7
1194724_129
1194726_31_ue
1194751_25
1194752_105_ue
1194755_11
1194760_30_ue
1194788_3
1194806_103_ue
1194860_95_ue
1194866_6
1194873_10
1194892_23
1194901_48
1194906_130
1194920_31
1194930_7_ue
1194951_30
1194977_85
1195018_26
1195089_20_ue
1195120_40_ue
1195126_68_ue
1195130_33_ue
1195134_72
1195167_21
1195172_261
1195181_19
1195230_11
1195231_52_ue
1195234_7_ue
1195248_94_ue
1195266_51
1195277_20_ue
1195282_10_ue
1195302_21_ue
1195318_45_ue
1195359_39
1195391_8
1195431_57_ue
1195442_95_ue
1195450_25
1195496_9
1195505_64
1195532_16_ue
1195541_3_ue
1195542_18_ue
1195563_5
1195567_228
1195582_92_ue
1195599_8
1195616_19
1195626_389
1195630_22
1195632_35_ue
1195645_19
1195681_150
1195687_6
1195712_14_ue
1195715_24_ue
1195723_69_ue
1195726_13
1195733_58_ue
1195734_16_ue
1195759_18
1195762_45
1195825_17
1195868_18_ue
1195869_30
1195871_6
1195873_6
1195881_124_ue
1195884_9_ue
1195890_3
1195893_10_ue
1195908_8_ue
1195935_40
1195947_6
1195948_7
1195952_16
1195969_32_ue
1195971_149_ue
1195972_128
1195981_21_ue
1196051_18_ue
1196065_25_ue
1196092_32_ue
1196157_19_ue
1196188_27
1196189_55_ue
1196216_84
1196218_8_ue
1196228_38_ue
1196244_15
1196250_3
1196263_2
1196267_21
1196279_38_ue
1196289_32
1196294_4_ue
1196327_14_ue
1196330_28_ue
1196335_11
1196337_2
1196343_30_ue
1196359_56_ue
1196437_254
1196443_39_ue
1196464_8_ue
1196477_3
1196483_17_ue
1196514_22_ue
1196530_32
1196539_12_ue
1196545_7
1196565_21_ue
1196572_11_ue
1196576_19_ue
1196594_3
1196612_7
1196614_50
1196634_3
1196636_64_ue
1196647_26
1196657_7
1196673_2
1196678_4_ue
1196699_21
1196700_38_ue
1196719_62
1196754_18
1196757_11_ue
1196763_16_ue
1196764_33
1196773_15
1196789_38
1196814_6
1196817_5
1196819_129
1196827_8
1196904_44_ue
1196906_14_ue
1196988_16_ue
1197000_15
1197007_17
1197013_68
1197033_26
1197038_20_ue
1197069_8
1197078_6
1197079_5
1197081_25
1197085_3
1197093_2
1197103_10
1197113_20
1197124_11_ue
1197127_35_ue
1197150_4
1197156_19
1197195_7_ue
1197205_120_ue
1197206_55_ue
1197209_66_ue
1197217_84
1197221_36_ue
1197232_51_ue
1197236_142
1197239_55_ue
1197246_108
1197261_11
1197287_4
1197296_28_ue
1197311_25_ue
1197312_37_ue
1197318_66_ue
1197339_17
1197358_36_ue
1197369_73_ue
1197378_55
1197382_11_ue
1197416_46_ue
1197418_34_ue
1197420_1129_ue
1197421_8
1197429_27
1197439_74_ue
1197441_17_ue
1197444_57_ue
1197447_57_ue
1197460_31_ue
1197461_38
1197464_28_ue
1197469_101_ue
1197474_32
1197476_12
1197486_21_ue
1197506_4_ue
1197509_74
1197553_16_ue
1197566_28_ue
1197626_22_ue
1197639_12_ue
1197663_11
1197667_24_ue
1197671_61_ue
1197682_62_ue
1197715_76_ue
1197740_59_ue
1197748_255
1197754_13
1197759_4
1197781_34_ue
1197802_7
1197808_47
1197850_6
1197854_26
1197861_13
1197862_42_ue
1197875_58_ue
1197876_5_ue
1197894_25
1197919_13_ue
1197929_65_ue
1197940_86_ue
1197943_35_ue
1197963_6_ue
1197965_3
1197968_24_ue
1197994_5
1198008_23_ue
1198009_21_ue
1198020_28_ue
1198021_20
1198041_14_ue
1198058_271_ue
1198085_48_ue
1198093_82_ue
1198111_35_ue
1198142_48
1198172_89_ue
1198215_19_ue
1198257_31_ue
1198281_179
1198323_51_ue
1198333_25_ue
1198345_36_ue
1198382_27_ue
1198394_30_ue
1198395_20_ue
1198441_32_ue
1198450_29
1198463_4
1198468_23_ue
1198484_128
1198489_108_ue
1198563_29_ue
1198577_14_ue
1198603_11_ue
1198652_67
1198663_37_ue
1198677_8_ue
1198680_32
1198715_36_ue
1198732_46
1198742_44_ue
1198743_31_ue
1198763_38_ue
1198805_54_ue
1198848_3
1198901_10_ue
1198904_6_ue
1198971_32
1198990_41
1198999_69_ue
1199003_13_ue
1199024_5
1199042_16
1199045_20_ue
1199059_40_ue
1199066_11
1199088_9_ue
1199095_87
1199126_20_ue
1199200_27
1199202_10_ue
1199262_29_ue
1199267_10_ue
1199277_12
1199278_90
1199296_60_ue
1199319_163
1199331_32_ue
1199352_14_ue
1199353_3
1199368_17_ue
1199370_236_ue
1199374_22_ue
1199383_43_ue
1199388_16_ue
1199419_37
1199439_6
1199445_208_ue
1199451_30_ue
1199469_231
1199484_2
1199495_18_ue
1199508_8
1199519_12_ue
1199529_4
1199533_114
1199539_66
1199550_18_ue
1199565_10_ue
1199582_130
1199631_53_ue
1199654_10
1199670_129
1199678_34_ue
1199706_26
1199708_52_ue
1199713_1
1199739_5
1199748_6
1199750_19_ue
1199788_23_ue
1199809_9
1199848_29_ue
1199851_14
1199856_177_ue
1199862_7
1199893_111
1199923_56_ue
1199958_541
1199978_205_ue
1199991_5
1199998_95_ue
425401_55
425407_25
425416_216
425426_89
425433_141
425460_51
425461_113
425481_43
425724_24
425834_62
425932_234
425954_12
426006_61
426224_22
426234_36
426357_25
426362_17
426397_234
426524_10
426552_17
426562_20
426568_52
426628_150
426667_49
426675_20
426791_138
426837_82
426977_639
426988_251
427056_60
427057_32
427089_11
427096_214
427101_169
427123_20
427140_64
427142_6
427247_404
427509_20
427579_37
427589_117
427644_54
427647_21
427675_149
427708_185
427741_74
427749_337
427814_21
427833_9
427850_54
427854_153
427902_12
427975_157
427984_10
427997_144
428008_33
428013_64
428048_20
428091_7
428206_18_ue
428212_108
428217_207
428240_89
428242_28
428251_73
428397_12
428429_59
428431_11
428433_6_ue
428435_28
428517_2
428552_169
428569_25
428573_35
428578_14
428590_147
428636_64
428640_16
428672_16
428683_200
428724_98
428740_243
428849_79
428853_23
428875_37
428885_23
428888_38
428901_109
428916_19
428946_76
429023_64
429031_17
429064_37
429082_115
429084_223
429093_34
429098_8
429099_83
429107_307
429234_30
429238_23
429332_295
429333_45
429348_42
429363_24
429375_71
429376_51
429427_428
429462_30
429518_16
429593_8
429594_11
429595_103
429675_48
429681_9
429685_30
429698_67
429702_6
429739_171
429746_70
429751_3
429752_14
429779_172
429850_33
429858_121
429866_20
429889_32
429918_358
429934_9
429944_8
430024_16
430051_23
430060_721
430081_23
430094_61
430102_309
430151_79
430170_389
430208_33
430220_11
430227_46
430235_11
430250_108
430254_265
430255_26
430278_11
430310_44
430311_17
430326_78
430329_6
430379_52
430389_102
430407_32
430436_64
430460_21
430463_177
430504_12
430515_32
430580_44
430604_62
430665_10
430719_83
430734_46
430812_38
430815_83
430817_11
430895_116
430995_2
431021_151
431110_99
431118_20
431119_30
431147_16
431183_110
431184_25
431354_83
431376_80
431392_21
431466_34
431469_64
431472_7
431478_26
431493_11
431502_9
431503_41
431558_113
431560_5
431622_1
431632_125
431738_7
431797_116
431942_507
431956_11
431962_10
431982_31
432045_17
432091_15
432105_35
432137_31
432168_88
432191_8
432213_2
432261_16
432270_57
432308_10
432332_82
432375_115
432404_21
432421_135
432477_26
432489_62
432511_2
432512_8
432515_31
432843_353
432879_695
432895_80
432921_3
432923_251
432925_3
432927_224
432928_24
432934_3
432996_15
433076_15
433103_12
433200_45
433219_82
433239_38
433254_34
433271_140
433275_174
433278_54
433343_26
433364_32
433382_58
433420_77
433424_22
433438_123
433465_23
433499_28
433512_20
433540_42
433572_20
433644_15
433647_11
433649_44
433668_445
433701_111
433712_74
433853_82
433878_95
433902_346
433931_95
433959_38
433998_2
434000_202
434036_13
434062_107
434112_235
434117_78
434189_4
434265_13
434373_3
434427_59
434434_7
434463_62
434464_14
434484_47
434510_68
434515_92
434538_42
434604_45
434810_88
434943_611
435003_28
435079_30
435187_12
435231_26
435366_72
435373_64
435390_195
435460_414
435482_130
435637_18
435662_31
435697_60
435930_194
436165_227
436169_56
436173_74
436191_31
436268_54
436384_93
436389_20
436404_28
436474_16
436521_4
436556_5
436590_20
436728_102
436751_65
436776_548
436817_66
436822_169
436957_20
437160_12
437227_18
437232_98
437495_12
437539_42
437570_51
437575_1
437576_29
437579_63
437582_16
437589_182
437598_2
437617_10
437619_3
437621_41
437629_38
437648_8
437657_146
437812_5
437814_12
437832_201
437881_52
437911_19
437947_106
437951_26
437960_45
437961_15
437963_8
437983_15
437984_7
437985_13
437987_21
437989_1
437998_25
438004_56
438010_122
438011_8
438014_4
438019_10
438028_22
438036_17
438047_45
438052_76
438065_16
438068_29
438086_41
438092_73
438103_35
438117_7
438147_105
438192_61
438200_7
438206_50
438220_31
438228_34
438230_18
438232_11
438234_4
438255_45
438260_119
438266_42
438275_17
438278_26
438280_25
438281_4_ue
438282_215
438284_15
438289_40
438293_25
438294_30
438356_29
438383_9
438385_62
438409_7
438410_10
438433_12
438443_84
438487_129
438489_18
438505_61
438510_8
438535_7
438538_22
438541_35
438543_10
438547_40
438549_45
438561_15
438563_388
438570_28
438576_18
438579_7
438584_17
438592_24
438626_302
438629_13
438647_10
438653_78
438657_4
438666_71
438694_75
438699_65
438703_9
438717_29
438776_25
438796_26
438797_73
438822_14
438823_591
438849_68
438852_59
438853_52
438858_50
438887_60
438888_12
438890_24
438928_18
438969_34
438977_179
438981_60
438992_87
438997_56
439013_76
439029_26
439069_75
439071_9
439085_167
439090_12
439095_5
439139_6
439160_40
439168_11
439180_516
439212_169
439213_31
439223_25
439249_14
439273_14
439287_52
439292_10
439294_14
439344_44
439399_78
439409_7
439426_8
439432_8
439433_35
439446_8
439448_65
439449_18
439462_27
439472_325
439480_105
439508_56
439561_13
439564_15
439601_13
439610_8
439615_29
439616_25
439654_26
439668_26
439706_51
439747_3
439783_6
439790_4
439818_213
439851_16
439910_6
439938_16
439939_2
439975_24
439985_20
439993_16
440045_24
440049_13
440088_16
440120_20
440149_20
440174_44
440176_24
440179_59
440186_15
440194_14
440204_28
440208_54
440233_11
440241_26
440252_32
440256_58
440286_3
440288_34
440291_5
440375_7
440384_18
440395_40
440407_46
440462_25
440481_53
440519_211
440539_13
440561_31
440565_97
440586_70
440636_41
440643_11
440665_52
440681_18
440683_4
440684_16
440692_410
440705_247
440713_4
440731_4
440733_73
440752_11
440773_52
440790_4
440829_78
440876_24
440889_5
440906_18
440938_5
440948_11
440958_5
440996_10
441020_10
441037_87
441050_190
441070_9
441091_2
441096_301
441104_2
441132_7
441150_36
441183_34
441216_10
441220_4
441221_3
441224_3
441230_17
441246_27
441264_40
441278_8
441291_20
441303_8
441346_55
441353_9
441391_85
441420_11
441426_24
441430_6
441472_3
441564_17
441624_8
441651_1
441661_1
441662_31
441667_6
441674_19
441677_4
441686_22
441689_5
441708_23
441709_64
441714_16
441715_10
441723_226
441747_3
441760_37
441764_10
441785_59
441799_16
441809_4
441824_40
441834_68
441837_154
441845_10
441850_99
441873_8
441876_20
441889_21
441891_23
441918_15
441925_10
441934_26
441975_11
442023_173
442028_26
442029_50
442032_4
442037_3
442071_5
442079_11
442093_16
442095_91
442097_12
442101_902
442104_99
442110_102
442111_4
442119_31
442143_25
442160_27
442171_8
442182_12
442195_41
442197_37
442203_3
442208_51
442220_13
442228_150
442234_6
442267_12
442277_11
442291_17
442315_23
442318_70
442326_19
442332_107
442338_7
442350_35
442365_18
442370_1
442372_24
442373_14
442384_191
442390_9
442391_24
442405_7
442407_48
442504_19
442518_34
442523_8
442524_22
442551_17
442566_10
442570_6
442591_17
442632_16
442635_33
442651_9
442665_19
442673_171
442705_14
442706_36
442707_4
442729_8
442738_12
442747_39
442791_15
442798_1
442827_30
442830_44
442862_27
442864_84
442871_21
442879_20
442884_14
442895_17
442896_19_ue
442897_50
442904_102
442905_8
442906_2
442912_40
442944_59
442946_17
442949_47
442953_28
442956_32
443022_122
443069_21
443128_8
443140_35
443204_42
443256_17
443281_16
443316_85
443319_81
443321_11
443342_23
443343_52
443358_8
443365_14
443366_34
443380_37
443399_25
443415_80
443422_5
443425_15
443436_15
443444_32
443498_212
443541_16
443551_56
443560_8
443569_44
443622_11
443641_60
443689_12
443696_21
443723_3
443729_129
443762_18
443763_5
443797_24
443859_37
443954_10
443992_115
443993_12
444001_23
444092_4
444119_27
444161_270
444177_11
444208_62
444211_17
444216_48
444240_16
444245_60
444303_12
444339_6
444430_6
444444_29
444492_5
444650_11
444671_30
444680_9
444698_13
444701_169
444707_37
444742_14
444755_35
444771_34
444790_22
444804_7
444876_8
444922_32
444988_314
444995_24
445003_14
445038_40
445064_2
445095_4
445105_34
445118_15
445125_12
445154_12
445163_15
445179_30
445199_89
445223_6
445233_15
445237_14
445256_9
445273_12
445281_294
445297_24
445321_3
445376_3
445424_4
445441_62
445445_3
445464_3
445508_68
445522_43
445565_8
445566_12
445667_1
445681_10
445682_6
445684_71
445689_12
445704_26
445748_25
445763_47
445769_19
445773_13
445816_10
445886_8
445895_14
445897_93
445902_198
445906_6
445938_4
445939_30
445951_9
445970_74
445986_36
445991_22
446030_4
446046_16
446047_148
446064_17
446068_53
446071_66
446081_8
446088_22
446096_71
446108_32
446109_47
446116_17
446124_17
446191_210
446192_32
446202_2
446209_215
446214_13
446237_26
446239_6
446242_12
446253_2
446256_12
446269_8
446296_6
446297_15
446321_2
446339_33
446341_12
446347_222
446362_10
446364_38
446369_3
446373_13
446392_19
446394_24
446396_33
446403_17
446405_159
446423_36
446424_24
446432_21
446434_3
446437_24
446457_10
446473_16
446511_53
446532_36
446600_16
446662_16
446664_10
446673_63
446685_3
446743_455
446819_430
446866_3
446911_95
446916_68
446920_32
446932_12
446934_41
446938_2
446943_27
446948_7
447079_15
447204_19
447240_9
447263_4
447328_257
447440_7
447456_3
447501_16
447516_155
447517_106
447523_10
447633_95
447642_82
447673_18
447719_5
447764_58
447776_7
447791_26
447832_26
447839_3
447906_69
448080_21
448086_8
448112_63
448130_71
448153_24
448164_7
448181_32
448220_11
448258_35
448350_18
448352_54
448395_89
448414_39
448438_17
448482_11
448569_6
448593_13
448609_114
448685_45
448751_12
448761_282
448774_7
448859_6
448970_13
449075_14
449097_17
449150_26
449192_19
449248_66
449250_23
449269_8
449298_10
449351_3
449448_11
449485_6
449577_15
449676_9
449769_27
449773_8
449774_17
449781_11
449782_7
449792_55
449794_6
449827_82
449846_9
449847_116
449874_15
449890_46
449908_58
449942_19
449953_123
449978_10
449988_17
449994_14
1500095_9
1500098_104
1500117_11
1500539_58
1502372_1
1502377_1
1502516_91
1502517_1
1502877_3
1502937_1
1502940_16
1502944_51
1502947_125_ue
1502949_32
1503041_139
1503214_223
1503215_4
1503217_179
1503261_26
1503264_2
1504078_6
1504338_94
1504341_69
1504344_16
1504369_27
1504435_9
1504437_40
1504438_346
1504440_41
1504444_71
1504500_3
1504504_13
1504505_28
1504522_179
1504523_22
1505188_196
1505205_6
1505265_9
1505268_164
1505991_141_ue
1506000_28
1506003_3
1506230_5
1506231_30
1506236_23
1506242_23
1506292_156
1506293_2
1506298_8
1506395_61
1506396_46
1507370_10
1507430_4
1507960_19
1507979_80
1508290_34
1508291_42
1508292_26
1508293_31
1508376_166
1508386_2
1508444_6
1508445_30
1508555_28
1509464_106
1509812_71
1509813_22
1509814_9
1509815_146
1509816_10
1509817_36
1509822_41
1509823_15
1509824_3
1509825_9
