nohup: ignoring input
敖飞扬 chapter_names of all books OK.
步非烟 chapter_names of all books OK.
白羽 chapter_names of all books OK.
沧月 chapter_names of all books OK.
陈青云 chapter_names of all books OK.
曹若冰 chapter_names of all books OK.
晁翎 chapter_names of all books OK.
楚惜刀 chapter_names of all books OK.
独孤红 chapter_names of all books OK.
东方英 chapter_names of all books OK.
丹云 chapter_names of all books OK.
东方玉 chapter_names of all books OK.
荻宜 chapter_names of all books OK.
东方白 chapter_names of all books OK.
丁剑霞 chapter_names of all books OK.
凤歌 chapter_names of all books OK.
方白羽 chapter_names of all books OK.
冯家文 chapter_names of all books OK.
古龙 chapter_names of all books OK.
狗尾续金 chapter_names of all books OK.
鬼谷子 chapter_names of all books OK.
公孙梦 chapter_names of all books OK.
高庸 chapter_names of all books OK.
黄易 chapter_names of all books OK.
还珠楼主 chapter_names of all books OK.
黄鹰 chapter_names of all books OK.
韩寒 chapter_names of all books OK.
红猪侠 chapter_names of all books OK.
黄玉郎 chapter_names of all books OK.
金庸 chapter_names of all books OK.
金童 chapter_names of all books OK.
江南 chapter_names of all books OK.
梁羽生 chapter_names of all books OK.
柳残阳 chapter_names of all books OK.
龙人 chapter_names of all books OK.
令狐庸 chapter_names of all books OK.
李亮 chapter_names of all books OK.
李莫野 chapter_names of all books OK.
李笑佛 chapter_names of all books OK.
郎红浣 chapter_names of all books OK.
刘定坚 chapter_names of all books OK.
芦雅萍 chapter_names of all books OK.
李凉 chapter_names of all books OK.
兰立 chapter_names of all books OK.
刘建良 chapter_names of all books OK.
马舸 chapter_names of all books OK.
墨余生 chapter_names of all books OK.
马荣成 chapter_names of all books OK.
慕容美 chapter_names of all books OK.
倪匡 chapter_names of all books OK.
南湘野叟 chapter_names of all books OK.
欧阳云飞 chapter_names of all books OK.
欧阳客 chapter_names of all books OK.
平江不肖生 chapter_names of all books OK.
飘灯 chapter_names of all books OK.
祁钰 chapter_names of all books OK.
秋梦痕 chapter_names of all books OK.
奇儒 chapter_names of all books OK.
秦红 chapter_names of all books OK.
如莲居士 chapter_names of all books OK.
施定柔 chapter_names of all books OK.
司马轩 chapter_names of all books OK.
上官云飞 chapter_names of all books OK.
孙玉鑫 chapter_names of all books OK.
石玉昆 chapter_names of all books OK.
沈默 chapter_names of all books OK.
碎石 chapter_names of all books OK.
上官鼎 chapter_names of all books OK.
司马翎 chapter_names of all books OK.
司马紫烟 chapter_names of all books OK.
时未寒 chapter_names of all books OK.
松柏生 chapter_names of all books OK.
盛颜 chapter_names of all books OK.
沈璎璎 chapter_names of all books OK.
施耐庵 chapter_names of all books OK.
天宇 chapter_names of all books OK.
田歌 chapter_names of all books OK.
天平 chapter_names of all books OK.
王度庐 chapter_names of all books OK.
温瑞安 chapter_names of all books OK.
卧龙生 chapter_names of all books OK.
武陵樵子 chapter_names of all books OK.
戊戟 chapter_names of all books OK.
吴炳 chapter_names of all books OK.
文康 chapter_names of all books OK.
萧逸 chapter_names of all books OK.
小椴 chapter_names of all books OK.
萧瑟 chapter_names of all books OK.
萧玉寒 chapter_names of all books OK.
雪雁 chapter_names of all books OK.
谢天 chapter_names of all books OK.
夏洛 chapter_names of all books OK.
熊大木 chapter_names of all books OK.
岳凡 chapter_names of all books OK.
应天鱼 chapter_names of all books OK.
玉翎燕 chapter_names of all books OK.
夕照红 chapter_names of all books OK.
于东楼 chapter_names of all books OK.
阳朔 chapter_names of all books OK.
燕歌 chapter_names of all books OK.
易容 chapter_names of all books OK.
云中岳 chapter_names of all books OK.
杨虚白 chapter_names of all books OK.
杨叛 chapter_names of all books OK.
忆文 chapter_names of all books OK.
燕垒生 chapter_names of all books OK.
佚名作品 chapter_names of all books OK.
诸英 chapter_names of all books OK.
赵云龙 chapter_names of all books OK.
张梦还 chapter_names of all books OK.
周郎 chapter_names of all books OK.
周显 chapter_names of all books OK.
诸葛青云 chapter_names of all books OK.
朱贞木 chapter_names of all books OK.
展飞 chapter_names of all books OK.
郑证因 chapter_names of all books OK.
褚人获 chapter_names of all books OK.
张大春 chapter_names of all books OK.
敖飞扬 done.
步非烟 done.
白羽 done.
沧月 done.
陈青云 done.
曹若冰 done.
晁翎 done.
楚惜刀 done.
独孤红 done.
东方英 done.
丹云 done.
东方玉 done.
Error occured. Please rerun and continue. --  'NoneType' object has no attribute 'text'
