nohup: ignoring input
冯家文 《五凤朝阳刀》 第1章 https://wx.tianyabooks.com/book/wfcydao/67018.html
冯家文 《五凤朝阳刀》 第2章 https://wx.tianyabooks.com/book/wfcydao/67019.html
冯家文 《五凤朝阳刀》 第3章 https://wx.tianyabooks.com/book/wfcydao/67020.html
冯家文 《五凤朝阳刀》 第4章 https://wx.tianyabooks.com/book/wfcydao/67021.html
冯家文 《五凤朝阳刀》 第5章 https://wx.tianyabooks.com/book/wfcydao/67022.html
冯家文 《五凤朝阳刀》 第6章 https://wx.tianyabooks.com/book/wfcydao/67023.html
冯家文 《五凤朝阳刀》 第7章 https://wx.tianyabooks.com/book/wfcydao/67024.html
冯家文 《五凤朝阳刀》 第8章 https://wx.tianyabooks.com/book/wfcydao/67025.html
冯家文 《五凤朝阳刀》 第9章 https://wx.tianyabooks.com/book/wfcydao/67026.html
冯家文 《五凤朝阳刀》 第10章 https://wx.tianyabooks.com/book/wfcydao/67027.html
冯家文 《五凤朝阳刀》 第11章 https://wx.tianyabooks.com/book/wfcydao/67028.html
冯家文 《五凤朝阳刀》 第12章 https://wx.tianyabooks.com/book/wfcydao/67029.html
冯家文 《五凤朝阳刀》 第13章 https://wx.tianyabooks.com/book/wfcydao/67030.html
冯家文 《五凤朝阳刀》 第14章 https://wx.tianyabooks.com/book/wfcydao/67031.html
冯家文 《五凤朝阳刀》 第15章 https://wx.tianyabooks.com/book/wfcydao/67032.html
冯家文 《五凤朝阳刀》 第16章 https://wx.tianyabooks.com/book/wfcydao/67033.html
冯家文 《五凤朝阳刀》 第17章 https://wx.tianyabooks.com/book/wfcydao/67034.html
冯家文 《五凤朝阳刀》 第18章 https://wx.tianyabooks.com/book/wfcydao/67035.html
冯家文 《五凤朝阳刀》 第19章 https://wx.tianyabooks.com/book/wfcydao/67036.html
冯家文 《五凤朝阳刀》 第20章 https://wx.tianyabooks.com/book/wfcydao/67037.html
冯家文 《五凤朝阳刀》 第21章 https://wx.tianyabooks.com/book/wfcydao/67038.html
冯家文 《五凤朝阳刀》 第22章 https://wx.tianyabooks.com/book/wfcydao/67039.html
冯家文 《五凤朝阳刀》 第23章 https://wx.tianyabooks.com/book/wfcydao/67040.html
冯家文 《五凤朝阳刀》 第24章 https://wx.tianyabooks.com/book/wfcydao/67041.html
冯家文 《五凤朝阳刀》 第25章 https://wx.tianyabooks.com/book/wfcydao/67042.html
冯家文 《五凤朝阳刀》 第26章 https://wx.tianyabooks.com/book/wfcydao/67043.html
冯家文 《五凤朝阳刀》 第27章 https://wx.tianyabooks.com/book/wfcydao/67044.html
冯家文 《五凤朝阳刀》 第28章 https://wx.tianyabooks.com/book/wfcydao/67045.html
冯家文 《五凤朝阳刀》 第29章 https://wx.tianyabooks.com/book/wfcydao/67046.html
冯家文 《五凤朝阳刀》 第30章 https://wx.tianyabooks.com/book/wfcydao/67047.html
冯家文 《五凤朝阳刀》 第31章 https://wx.tianyabooks.com/book/wfcydao/67048.html
冯家文 《五凤朝阳刀》 第32章 https://wx.tianyabooks.com/book/wfcydao/67049.html
冯家文 《五凤朝阳刀》 第33章 https://wx.tianyabooks.com/book/wfcydao/67050.html
冯家文 《五凤朝阳刀》 第34章 https://wx.tianyabooks.com/book/wfcydao/67051.html
冯家文 《五凤朝阳刀》 第35章 https://wx.tianyabooks.com/book/wfcydao/67052.html
冯家文 《五凤朝阳刀》 第36章 https://wx.tianyabooks.com/book/wfcydao/67053.html
冯家文 《五凤朝阳刀》 第37章 https://wx.tianyabooks.com/book/wfcydao/67054.html
冯家文 《五凤朝阳刀》 第38章 https://wx.tianyabooks.com/book/wfcydao/67055.html
冯家文 《五凤朝阳刀》 第39章 https://wx.tianyabooks.com/book/wfcydao/67056.html
冯家文 《五凤朝阳刀》 第40章 https://wx.tianyabooks.com/book/wfcydao/67057.html
冯家文 《五凤朝阳刀》 第41章 https://wx.tianyabooks.com/book/wfcydao/67058.html
冯家文 《五凤朝阳刀》 第42章 https://wx.tianyabooks.com/book/wfcydao/67059.html
冯家文 《五凤朝阳刀》 第43章 https://wx.tianyabooks.com/book/wfcydao/67060.html
冯家文 《五凤朝阳刀》 第44章 https://wx.tianyabooks.com/book/wfcydao/67061.html
冯家文 《五凤朝阳刀》 第45章 https://wx.tianyabooks.com/book/wfcydao/67062.html
冯家文 《五凤朝阳刀》 第46章 https://wx.tianyabooks.com/book/wfcydao/67063.html
冯家文 《五凤朝阳刀》 第47章 https://wx.tianyabooks.com/book/wfcydao/67064.html
冯家文 《五凤朝阳刀》 第48章 https://wx.tianyabooks.com/book/wfcydao/67065.html
冯家文 《五凤朝阳刀》 第49章 https://wx.tianyabooks.com/book/wfcydao/67066.html
冯家文 《五凤朝阳刀》 第50章 https://wx.tianyabooks.com/book/wfcydao/67067.html
冯家文 《五凤朝阳刀》 第51章 https://wx.tianyabooks.com/book/wfcydao/67068.html
冯家文 《五凤朝阳刀》 第52章 https://wx.tianyabooks.com/book/wfcydao/67069.html
冯家文 《五凤朝阳刀》 第53章 https://wx.tianyabooks.com/book/wfcydao/67070.html
冯家文 《五凤朝阳刀》 第54章 https://wx.tianyabooks.com/book/wfcydao/67071.html
冯家文 《五凤朝阳刀》 第55章 https://wx.tianyabooks.com/book/wfcydao/67072.html
冯家文 《五凤朝阳刀》 第56章 https://wx.tianyabooks.com/book/wfcydao/67073.html
冯家文 《五凤朝阳刀》 第57章 https://wx.tianyabooks.com/book/wfcydao/67074.html
冯家文 《五凤朝阳刀》 第58章 https://wx.tianyabooks.com/book/wfcydao/67076.html
冯家文 《五凤朝阳刀》 第59章 https://wx.tianyabooks.com/book/wfcydao/67077.html
冯家文 《五凤朝阳刀》 第60章 https://wx.tianyabooks.com/book/wfcydao/67078.html
冯家文 《五凤朝阳刀》 第61章 https://wx.tianyabooks.com/book/wfcydao/67079.html
冯家文 《五凤朝阳刀》 第62章 https://wx.tianyabooks.com/book/wfcydao/67080.html
冯家文 《五凤朝阳刀》 第63章 https://wx.tianyabooks.com/book/wfcydao/67081.html
冯家文 《五凤朝阳刀》 第64章 https://wx.tianyabooks.com/book/wfcydao/67082.html
冯家文 《五凤朝阳刀》 第65章 https://wx.tianyabooks.com/book/wfcydao/67083.html
冯家文 《五凤朝阳刀》 第66章 https://wx.tianyabooks.com/book/wfcydao/67084.html
冯家文 《五凤朝阳刀》 第67章 https://wx.tianyabooks.com/book/wfcydao/67085.html
冯家文 《五凤朝阳刀》 第68章 https://wx.tianyabooks.com/book/wfcydao/67086.html
冯家文 《五凤朝阳刀》 第69章 https://wx.tianyabooks.com/book/wfcydao/67087.html
冯家文 《五凤朝阳刀》 第70章 https://wx.tianyabooks.com/book/wfcydao/67088.html
冯家文 《五凤朝阳刀》 第71章 https://wx.tianyabooks.com/book/wfcydao/67089.html
冯家文 《五凤朝阳刀》 第72章 https://wx.tianyabooks.com/book/wfcydao/67090.html
冯家文 《五凤朝阳刀》 第73章 https://wx.tianyabooks.com/book/wfcydao/67091.html
冯家文 《五凤朝阳刀》 第74章 https://wx.tianyabooks.com/book/wfcydao/67092.html
冯家文 《五凤朝阳刀》 第75章 https://wx.tianyabooks.com/book/wfcydao/67093.html
冯家文 《五凤朝阳刀》 第76章 https://wx.tianyabooks.com/book/wfcydao/67094.html
冯家文 《五凤朝阳刀》 第77章 https://wx.tianyabooks.com/book/wfcydao/67095.html
冯家文 《五凤朝阳刀》 第78章 https://wx.tianyabooks.com/book/wfcydao/67096.html
冯家文 《五凤朝阳刀》 第79章 https://wx.tianyabooks.com/book/wfcydao/67097.html
冯家文 《五凤朝阳刀》 第80章 https://wx.tianyabooks.com/book/wfcydao/67098.html
冯家文 《五凤朝阳刀》 第81章 https://wx.tianyabooks.com/book/wfcydao/67099.html
冯家文 《五凤朝阳刀》 第82章 https://wx.tianyabooks.com/book/wfcydao/67100.html
冯家文 《五凤朝阳刀》 第83章 https://wx.tianyabooks.com/book/wfcydao/67101.html
冯家文 《五凤朝阳刀》 第84章 https://wx.tianyabooks.com/book/wfcydao/67102.html
冯家文 《五凤朝阳刀》 第85章 https://wx.tianyabooks.com/book/wfcydao/67103.html
冯家文 《五凤朝阳刀》 第86章 https://wx.tianyabooks.com/book/wfcydao/67104.html
冯家文 《五凤朝阳刀》 第87章 https://wx.tianyabooks.com/book/wfcydao/67105.html
冯家文 《五凤朝阳刀》 第88章 https://wx.tianyabooks.com/book/wfcydao/67106.html
冯家文 《五凤朝阳刀》 第89章 https://wx.tianyabooks.com/book/wfcydao/67107.html
冯家文 《五凤朝阳刀》 第90章 https://wx.tianyabooks.com/book/wfcydao/67108.html
冯家文 《五凤朝阳刀》 第91章 https://wx.tianyabooks.com/book/wfcydao/67109.html
冯家文 《五凤朝阳刀》 第92章 https://wx.tianyabooks.com/book/wfcydao/67110.html
冯家文 《五凤朝阳刀》 第93章 https://wx.tianyabooks.com/book/wfcydao/67111.html
冯家文 《五凤朝阳刀》 第94章 https://wx.tianyabooks.com/book/wfcydao/67112.html
冯家文 《五凤朝阳刀》 第95章 https://wx.tianyabooks.com/book/wfcydao/67113.html
冯家文 《五凤朝阳刀》 第96章 https://wx.tianyabooks.com/book/wfcydao/67114.html
冯家文 《五凤朝阳刀》 第97章 https://wx.tianyabooks.com/book/wfcydao/67115.html
冯家文 《五凤朝阳刀》 第98章 https://wx.tianyabooks.com/book/wfcydao/67116.html
冯家文 《五凤朝阳刀》 第99章 https://wx.tianyabooks.com/book/wfcydao/67117.html
冯家文 《五凤朝阳刀》 第100章 https://wx.tianyabooks.com/book/wfcydao/67118.html
冯家文 《五凤朝阳刀》 第101章 https://wx.tianyabooks.com/book/wfcydao/67119.html
冯家文 《五凤朝阳刀》 第102章 https://wx.tianyabooks.com/book/wfcydao/67120.html
冯家文 《五凤朝阳刀》 第103章 https://wx.tianyabooks.com/book/wfcydao/67121.html
冯家文 《五凤朝阳刀》 第104章 https://wx.tianyabooks.com/book/wfcydao/67122.html
冯家文 《五凤朝阳刀》 第105章 https://wx.tianyabooks.com/book/wfcydao/67123.html
冯家文 《五凤朝阳刀》 第106章 https://wx.tianyabooks.com/book/wfcydao/67124.html
冯家文 《五凤朝阳刀》 第107章 https://wx.tianyabooks.com/book/wfcydao/67125.html
冯家文 《五凤朝阳刀》 第108章 https://wx.tianyabooks.com/book/wfcydao/67126.html
冯家文 《五凤朝阳刀》 第109章 https://wx.tianyabooks.com/book/wfcydao/67127.html
冯家文 《五凤朝阳刀》 第110章 https://wx.tianyabooks.com/book/wfcydao/67128.html
冯家文 《五凤朝阳刀》 第111章 https://wx.tianyabooks.com/book/wfcydao/67129.html
冯家文 《五凤朝阳刀》 第112章 https://wx.tianyabooks.com/book/wfcydao/67130.html
冯家文 《五凤朝阳刀》 第113章 https://wx.tianyabooks.com/book/wfcydao/67131.html
冯家文 《五凤朝阳刀》 第114章 https://wx.tianyabooks.com/book/wfcydao/67132.html
冯家文 《五凤朝阳刀》 第115章 https://wx.tianyabooks.com/book/wfcydao/67133.html
冯家文 《五凤朝阳刀》 第116章 https://wx.tianyabooks.com/book/wfcydao/67134.html
冯家文 《五凤朝阳刀》 第117章 https://wx.tianyabooks.com/book/wfcydao/67135.html
冯家文 《五凤朝阳刀》 第118章 https://wx.tianyabooks.com/book/wfcydao/67136.html
冯家文 《五凤朝阳刀》 第119章 https://wx.tianyabooks.com/book/wfcydao/67137.html
冯家文 《五凤朝阳刀》 第120章 https://wx.tianyabooks.com/book/wfcydao/67138.html
冯家文 《五凤朝阳刀》 第121章 https://wx.tianyabooks.com/book/wfcydao/67139.html
冯家文 《五凤朝阳刀》 第122章 https://wx.tianyabooks.com/book/wfcydao/67140.html
冯家文 《五凤朝阳刀》 第123章 https://wx.tianyabooks.com/book/wfcydao/67141.html
冯家文 《五凤朝阳刀》 第124章 https://wx.tianyabooks.com/book/wfcydao/67142.html
冯家文 《五凤朝阳刀》 第125章 https://wx.tianyabooks.com/book/wfcydao/67143.html
冯家文 《五凤朝阳刀》 第126章 https://wx.tianyabooks.com/book/wfcydao/67144.html
冯家文 《五凤朝阳刀》 第127章 https://wx.tianyabooks.com/book/wfcydao/67145.html
冯家文 《五凤朝阳刀》 第128章 https://wx.tianyabooks.com/book/wfcydao/67146.html
冯家文 《五凤朝阳刀》 第129章 https://wx.tianyabooks.com/book/wfcydao/67147.html
冯家文 《五凤朝阳刀》 第130章 https://wx.tianyabooks.com/book/wfcydao/67148.html
冯家文 《五凤朝阳刀》 第131章 https://wx.tianyabooks.com/book/wfcydao/67149.html
冯家文 《五凤朝阳刀》 第132章 https://wx.tianyabooks.com/book/wfcydao/67150.html
冯家文 《五凤朝阳刀》 第133章 https://wx.tianyabooks.com/book/wfcydao/67151.html
冯家文 《五凤朝阳刀》 第134章 https://wx.tianyabooks.com/book/wfcydao/67152.html
冯家文 《五凤朝阳刀》 第135章 https://wx.tianyabooks.com/book/wfcydao/67153.html
冯家文 《五凤朝阳刀》 第136章 https://wx.tianyabooks.com/book/wfcydao/67154.html
冯家文 《五凤朝阳刀》 第137章 https://wx.tianyabooks.com/book/wfcydao/67155.html
冯家文 《五凤朝阳刀》 第138章 https://wx.tianyabooks.com/book/wfcydao/67156.html
冯家文 《五凤朝阳刀》 第139章 https://wx.tianyabooks.com/book/wfcydao/67157.html
冯家文 《五凤朝阳刀》 第140章 https://wx.tianyabooks.com/book/wfcydao/67158.html
冯家文 《五凤朝阳刀》 第141章 https://wx.tianyabooks.com/book/wfcydao/67159.html
冯家文 《五凤朝阳刀》 第142章 https://wx.tianyabooks.com/book/wfcydao/67160.html
冯家文 《五凤朝阳刀》 第143章 https://wx.tianyabooks.com/book/wfcydao/67161.html
冯家文 《五凤朝阳刀》 第144章 https://wx.tianyabooks.com/book/wfcydao/67162.html
冯家文 《五凤朝阳刀》 第145章 https://wx.tianyabooks.com/book/wfcydao/67163.html
冯家文 《五凤朝阳刀》 第146章 https://wx.tianyabooks.com/book/wfcydao/67164.html
冯家文 《五凤朝阳刀》 第147章 https://wx.tianyabooks.com/book/wfcydao/67165.html
冯家文 《五凤朝阳刀》 第148章 https://wx.tianyabooks.com/book/wfcydao/67166.html
冯家文 《五凤朝阳刀》 第149章 https://wx.tianyabooks.com/book/wfcydao/67167.html
冯家文 《五凤朝阳刀》 第150章 https://wx.tianyabooks.com/book/wfcydao/67168.html
冯家文 《五凤朝阳刀》 第151章 https://wx.tianyabooks.com/book/wfcydao/67169.html
冯家文 《五凤朝阳刀》 第152章 https://wx.tianyabooks.com/book/wfcydao/67170.html
冯家文 《五凤朝阳刀》 第153章 https://wx.tianyabooks.com/book/wfcydao/67171.html
冯家文 《五凤朝阳刀》 第154章 https://wx.tianyabooks.com/book/wfcydao/67172.html
冯家文 《五凤朝阳刀》 第155章 https://wx.tianyabooks.com/book/wfcydao/67173.html
冯家文 《五凤朝阳刀》 第156章 https://wx.tianyabooks.com/book/wfcydao/67174.html
冯家文 《五凤朝阳刀》 第157章 https://wx.tianyabooks.com/book/wfcydao/67175.html
冯家文 《五凤朝阳刀》 第158章 https://wx.tianyabooks.com/book/wfcydao/67176.html
冯家文 《五凤朝阳刀》 第159章 https://wx.tianyabooks.com/book/wfcydao/67177.html
冯家文 《五凤朝阳刀》 第160章 https://wx.tianyabooks.com/book/wfcydao/67178.html
冯家文 《五凤朝阳刀》 第161章 https://wx.tianyabooks.com/book/wfcydao/67179.html
冯家文 《五凤朝阳刀》 第162章 https://wx.tianyabooks.com/book/wfcydao/67180.html
冯家文 《五凤朝阳刀》 第163章 https://wx.tianyabooks.com/book/wfcydao/67181.html
冯家文 《五凤朝阳刀》 第164章 https://wx.tianyabooks.com/book/wfcydao/67182.html
冯家文 《五凤朝阳刀》 第165章 https://wx.tianyabooks.com/book/wfcydao/67183.html
冯家文 《五凤朝阳刀》 第166章 https://wx.tianyabooks.com/book/wfcydao/67184.html
冯家文 《五凤朝阳刀》 第167章 https://wx.tianyabooks.com/book/wfcydao/67185.html
冯家文 《五凤朝阳刀》 第168章 https://wx.tianyabooks.com/book/wfcydao/67186.html
冯家文 《五凤朝阳刀》 第169章 https://wx.tianyabooks.com/book/wfcydao/67187.html
冯家文 《五凤朝阳刀》 第170章 https://wx.tianyabooks.com/book/wfcydao/67188.html
冯家文 《五凤朝阳刀》 第171章 https://wx.tianyabooks.com/book/wfcydao/67189.html
冯家文 《五凤朝阳刀》 第172章 https://wx.tianyabooks.com/book/wfcydao/67190.html
冯家文 《五凤朝阳刀》 第173章 https://wx.tianyabooks.com/book/wfcydao/67191.html
冯家文 《五凤朝阳刀》 第174章 https://wx.tianyabooks.com/book/wfcydao/67192.html
冯家文 《五凤朝阳刀》 第175章 https://wx.tianyabooks.com/book/wfcydao/67193.html
冯家文 《五凤朝阳刀》 第176章 https://wx.tianyabooks.com/book/wfcydao/67194.html
冯家文 《五凤朝阳刀》 第177章 https://wx.tianyabooks.com/book/wfcydao/67195.html
冯家文 《五凤朝阳刀》 第178章 https://wx.tianyabooks.com/book/wfcydao/67196.html
冯家文 《五凤朝阳刀》 第179章 https://wx.tianyabooks.com/book/wfcydao/67197.html
冯家文 《五凤朝阳刀》 第180章 https://wx.tianyabooks.com/book/wfcydao/67198.html
冯家文 《五凤朝阳刀》 第181章 https://wx.tianyabooks.com/book/wfcydao/67199.html
冯家文 《五凤朝阳刀》 第182章 https://wx.tianyabooks.com/book/wfcydao/67200.html
冯家文 《五凤朝阳刀》 第183章 https://wx.tianyabooks.com/book/wfcydao/67201.html
冯家文 《五凤朝阳刀》 第184章 https://wx.tianyabooks.com/book/wfcydao/67202.html
冯家文 《五凤朝阳刀》 第185章 https://wx.tianyabooks.com/book/wfcydao/67203.html
冯家文 《五凤朝阳刀》 第186章 https://wx.tianyabooks.com/book/wfcydao/67204.html
冯家文 《五凤朝阳刀》 第187章 https://wx.tianyabooks.com/book/wfcydao/67205.html
冯家文 《五凤朝阳刀》 第188章 https://wx.tianyabooks.com/book/wfcydao/67206.html
冯家文 《五凤朝阳刀》 第189章 https://wx.tianyabooks.com/book/wfcydao/67207.html
冯家文 《五凤朝阳刀》 第190章 https://wx.tianyabooks.com/book/wfcydao/67208.html
冯家文 《五凤朝阳刀》 第191章 https://wx.tianyabooks.com/book/wfcydao/67209.html
冯家文 《五凤朝阳刀》 第192章 https://wx.tianyabooks.com/book/wfcydao/67210.html
冯家文 《五凤朝阳刀》 第193章 https://wx.tianyabooks.com/book/wfcydao/67211.html
冯家文 《五凤朝阳刀》 第194章 https://wx.tianyabooks.com/book/wfcydao/67212.html
冯家文 《五凤朝阳刀》 第195章 https://wx.tianyabooks.com/book/wfcydao/67213.html
冯家文 《五凤朝阳刀》 第196章 https://wx.tianyabooks.com/book/wfcydao/67214.html
冯家文 《五凤朝阳刀》 第197章 https://wx.tianyabooks.com/book/wfcydao/67215.html
冯家文 《五凤朝阳刀》 第198章 https://wx.tianyabooks.com/book/wfcydao/67216.html
冯家文 《五凤朝阳刀》 第199章 https://wx.tianyabooks.com/book/wfcydao/67217.html
冯家文 《五凤朝阳刀》 第200章 https://wx.tianyabooks.com/book/wfcydao/67218.html
冯家文 《五凤朝阳刀》 第201章 https://wx.tianyabooks.com/book/wfcydao/67219.html
冯家文 《五凤朝阳刀》 第202章 https://wx.tianyabooks.com/book/wfcydao/67220.html
冯家文 《五凤朝阳刀》 第203章 https://wx.tianyabooks.com/book/wfcydao/67221.html
冯家文 《五凤朝阳刀》 第204章 https://wx.tianyabooks.com/book/wfcydao/67222.html
冯家文 《五凤朝阳刀》 第205章 https://wx.tianyabooks.com/book/wfcydao/67223.html
冯家文 《五凤朝阳刀》 第206章 https://wx.tianyabooks.com/book/wfcydao/67224.html
冯家文 《五凤朝阳刀》 第207章 https://wx.tianyabooks.com/book/wfcydao/67225.html
冯家文 《五凤朝阳刀》 第208章 https://wx.tianyabooks.com/book/wfcydao/67226.html
冯家文 《五凤朝阳刀》 第209章 https://wx.tianyabooks.com/book/wfcydao/67227.html
冯家文 《五凤朝阳刀》 第210章 https://wx.tianyabooks.com/book/wfcydao/67228.html
冯家文 《五凤朝阳刀》 第211章 https://wx.tianyabooks.com/book/wfcydao/67229.html
冯家文 《五凤朝阳刀》 第212章 https://wx.tianyabooks.com/book/wfcydao/67230.html
冯家文 《五凤朝阳刀》 第213章 https://wx.tianyabooks.com/book/wfcydao/67231.html
冯家文 《五凤朝阳刀》 第214章 https://wx.tianyabooks.com/book/wfcydao/67232.html
冯家文 《五凤朝阳刀》 第215章 https://wx.tianyabooks.com/book/wfcydao/67233.html
冯家文 《五凤朝阳刀》 第216章 https://wx.tianyabooks.com/book/wfcydao/67234.html
冯家文 《五凤朝阳刀》 第217章 https://wx.tianyabooks.com/book/wfcydao/67235.html
冯家文 《五凤朝阳刀》 第218章 https://wx.tianyabooks.com/book/wfcydao/67236.html
冯家文 《五凤朝阳刀》 第219章 https://wx.tianyabooks.com/book/wfcydao/67237.html
冯家文 《五凤朝阳刀》 第220章 https://wx.tianyabooks.com/book/wfcydao/67238.html
冯家文 《五凤朝阳刀》 第221章 https://wx.tianyabooks.com/book/wfcydao/67239.html
冯家文 《五凤朝阳刀》 第222章 https://wx.tianyabooks.com/book/wfcydao/67240.html
冯家文 《五凤朝阳刀》 第223章 https://wx.tianyabooks.com/book/wfcydao/67241.html
冯家文 《五凤朝阳刀》 第224章 https://wx.tianyabooks.com/book/wfcydao/67242.html
冯家文 《五凤朝阳刀》 第225章 https://wx.tianyabooks.com/book/wfcydao/67243.html
冯家文 《五凤朝阳刀》 第226章 https://wx.tianyabooks.com/book/wfcydao/67244.html
冯家文 《五凤朝阳刀》 第227章 https://wx.tianyabooks.com/book/wfcydao/67245.html
冯家文 《五凤朝阳刀》 第228章 https://wx.tianyabooks.com/book/wfcydao/67246.html
冯家文 《五凤朝阳刀》 第229章 https://wx.tianyabooks.com/book/wfcydao/67247.html
冯家文 《五凤朝阳刀》 第230章 https://wx.tianyabooks.com/book/wfcydao/67248.html
冯家文 《五凤朝阳刀》 第231章 https://wx.tianyabooks.com/book/wfcydao/67249.html
冯家文 《五凤朝阳刀》 第232章 https://wx.tianyabooks.com/book/wfcydao/67250.html
冯家文 《五凤朝阳刀》 第233章 https://wx.tianyabooks.com/book/wfcydao/67251.html
冯家文 《五凤朝阳刀》 第234章 https://wx.tianyabooks.com/book/wfcydao/67252.html
冯家文 《五凤朝阳刀》 第235章 https://wx.tianyabooks.com/book/wfcydao/67253.html
冯家文 《五凤朝阳刀》 第235章 https://wx.tianyabooks.com/book/wfcydao/67254.html
冯家文 《五凤朝阳刀》 第236章 https://wx.tianyabooks.com/book/wfcydao/67255.html
冯家文 《五凤朝阳刀》 第237章 https://wx.tianyabooks.com/book/wfcydao/67256.html
冯家文 《五凤朝阳刀》 第238章 https://wx.tianyabooks.com/book/wfcydao/67257.html
冯家文 《五凤朝阳刀》 第239章 https://wx.tianyabooks.com/book/wfcydao/67258.html
冯家文 《五凤朝阳刀》 第240章 https://wx.tianyabooks.com/book/wfcydao/67259.html
冯家文 《五凤朝阳刀》 第241章 https://wx.tianyabooks.com/book/wfcydao/67260.html
冯家文 《五凤朝阳刀》 第242章 https://wx.tianyabooks.com/book/wfcydao/67261.html
冯家文 《五凤朝阳刀》 第243章 https://wx.tianyabooks.com/book/wfcydao/67262.html
冯家文 《五凤朝阳刀》 第244章 https://wx.tianyabooks.com/book/wfcydao/67263.html
冯家文 《五凤朝阳刀》 第245章 https://wx.tianyabooks.com/book/wfcydao/67264.html
冯家文 《五凤朝阳刀》 第246章 https://wx.tianyabooks.com/book/wfcydao/67265.html
冯家文 《五凤朝阳刀》 第247章 https://wx.tianyabooks.com/book/wfcydao/67266.html
冯家文 《五凤朝阳刀》 第248章 https://wx.tianyabooks.com/book/wfcydao/67267.html
冯家文 《五凤朝阳刀》 第249章 https://wx.tianyabooks.com/book/wfcydao/67268.html
冯家文 《五凤朝阳刀》 第250章 https://wx.tianyabooks.com/book/wfcydao/67269.html
冯家文 《五凤朝阳刀》 第251章 https://wx.tianyabooks.com/book/wfcydao/67270.html
冯家文 《五凤朝阳刀》 第252章 https://wx.tianyabooks.com/book/wfcydao/67271.html
冯家文 《五凤朝阳刀》 第253章 https://wx.tianyabooks.com/book/wfcydao/67272.html
冯家文 《五凤朝阳刀》 第254章 https://wx.tianyabooks.com/book/wfcydao/67273.html
冯家文 《五凤朝阳刀》 第255章 https://wx.tianyabooks.com/book/wfcydao/67274.html
冯家文 《五凤朝阳刀》 第256章 https://wx.tianyabooks.com/book/wfcydao/67275.html
冯家文 《五凤朝阳刀》 第257章 https://wx.tianyabooks.com/book/wfcydao/67276.html
冯家文 《五凤朝阳刀》 第258章 https://wx.tianyabooks.com/book/wfcydao/67277.html
冯家文 《五凤朝阳刀》 第259章 https://wx.tianyabooks.com/book/wfcydao/67278.html
冯家文 《五凤朝阳刀》 第260章 https://wx.tianyabooks.com/book/wfcydao/67279.html
冯家文 《五凤朝阳刀》 第261章 https://wx.tianyabooks.com/book/wfcydao/67280.html
冯家文 《五凤朝阳刀》 第262章 https://wx.tianyabooks.com/book/wfcydao/67281.html
冯家文 《五凤朝阳刀》 第263章 https://wx.tianyabooks.com/book/wfcydao/67282.html
冯家文 《五凤朝阳刀》 第264章 https://wx.tianyabooks.com/book/wfcydao/67283.html
冯家文 《五凤朝阳刀》 第265章 https://wx.tianyabooks.com/book/wfcydao/67284.html
冯家文 《五凤朝阳刀》 第266章 https://wx.tianyabooks.com/book/wfcydao/67285.html
冯家文 《五凤朝阳刀》 第267章 https://wx.tianyabooks.com/book/wfcydao/67286.html
冯家文 《五凤朝阳刀》 第268章 https://wx.tianyabooks.com/book/wfcydao/67287.html
冯家文 《五凤朝阳刀》 第269章 https://wx.tianyabooks.com/book/wfcydao/67288.html
冯家文 《五凤朝阳刀》 第270章 https://wx.tianyabooks.com/book/wfcydao/67289.html
冯家文 《五凤朝阳刀》 第271章 https://wx.tianyabooks.com/book/wfcydao/67290.html
冯家文 《五凤朝阳刀》 第272章 https://wx.tianyabooks.com/book/wfcydao/67291.html
冯家文 《五凤朝阳刀》 第273章 https://wx.tianyabooks.com/book/wfcydao/67292.html
冯家文 《五凤朝阳刀》 第274章 https://wx.tianyabooks.com/book/wfcydao/67293.html
冯家文 《五凤朝阳刀》 第274章 https://wx.tianyabooks.com/book/wfcydao/67294.html
冯家文 《五凤朝阳刀》 第275章 https://wx.tianyabooks.com/book/wfcydao/67295.html
冯家文 《五凤朝阳刀》 第276章 https://wx.tianyabooks.com/book/wfcydao/67296.html
冯家文 《五凤朝阳刀》 第277章 https://wx.tianyabooks.com/book/wfcydao/67297.html
冯家文 《五凤朝阳刀》 第278章 https://wx.tianyabooks.com/book/wfcydao/67298.html
冯家文 《五凤朝阳刀》 第279章 https://wx.tianyabooks.com/book/wfcydao/67299.html
冯家文 《五凤朝阳刀》 第280章 https://wx.tianyabooks.com/book/wfcydao/67300.html
冯家文 《五凤朝阳刀》 第281章 https://wx.tianyabooks.com/book/wfcydao/67301.html
冯家文 《五凤朝阳刀》 第282章 https://wx.tianyabooks.com/book/wfcydao/67302.html
冯家文 《五凤朝阳刀》 第283章 https://wx.tianyabooks.com/book/wfcydao/67303.html
冯家文 《五凤朝阳刀》 第284章 https://wx.tianyabooks.com/book/wfcydao/67304.html
冯家文 《五凤朝阳刀》 第285章 https://wx.tianyabooks.com/book/wfcydao/67305.html
冯家文 《五凤朝阳刀》 第286章 https://wx.tianyabooks.com/book/wfcydao/67306.html
冯家文 《五凤朝阳刀》 第287章 https://wx.tianyabooks.com/book/wfcydao/67307.html
冯家文 《五凤朝阳刀》 第288章 https://wx.tianyabooks.com/book/wfcydao/67308.html
冯家文 《五凤朝阳刀》 第289章 https://wx.tianyabooks.com/book/wfcydao/67309.html
冯家文 《五凤朝阳刀》 第290章 https://wx.tianyabooks.com/book/wfcydao/67310.html
冯家文 《五凤朝阳刀》 第291章 https://wx.tianyabooks.com/book/wfcydao/67311.html
冯家文 《五凤朝阳刀》 第292章 https://wx.tianyabooks.com/book/wfcydao/67312.html
冯家文 《五凤朝阳刀》 第293章 https://wx.tianyabooks.com/book/wfcydao/67313.html
冯家文 《五凤朝阳刀》 第294章 https://wx.tianyabooks.com/book/wfcydao/67314.html
冯家文 《五凤朝阳刀》 第295章 https://wx.tianyabooks.com/book/wfcydao/67315.html
冯家文 《五凤朝阳刀》 第296章 https://wx.tianyabooks.com/book/wfcydao/67316.html
冯家文 《五凤朝阳刀》 第297章 https://wx.tianyabooks.com/book/wfcydao/67317.html
冯家文 《五凤朝阳刀》 第298章 https://wx.tianyabooks.com/book/wfcydao/67318.html
冯家文 《五凤朝阳刀》 第299章 https://wx.tianyabooks.com/book/wfcydao/67319.html
冯家文 《五凤朝阳刀》 第300章 https://wx.tianyabooks.com/book/wfcydao/67320.html
冯家文 《五凤朝阳刀》 第301章 https://wx.tianyabooks.com/book/wfcydao/67321.html
冯家文 《五凤朝阳刀》 第302章 https://wx.tianyabooks.com/book/wfcydao/67322.html
冯家文 《五凤朝阳刀》 第303章 https://wx.tianyabooks.com/book/wfcydao/67323.html
冯家文 《五凤朝阳刀》 第304章 https://wx.tianyabooks.com/book/wfcydao/67324.html
冯家文 《五凤朝阳刀》 第305章 https://wx.tianyabooks.com/book/wfcydao/67325.html
冯家文 《五凤朝阳刀》 第306章 https://wx.tianyabooks.com/book/wfcydao/67326.html
冯家文 《五凤朝阳刀》 第307章 https://wx.tianyabooks.com/book/wfcydao/67327.html
冯家文 《五凤朝阳刀》 第308章 https://wx.tianyabooks.com/book/wfcydao/67328.html
冯家文 《五凤朝阳刀》 第309章 https://wx.tianyabooks.com/book/wfcydao/67329.html
冯家文 《五凤朝阳刀》 第310章 https://wx.tianyabooks.com/book/wfcydao/67330.html
冯家文 《五凤朝阳刀》 第311章 https://wx.tianyabooks.com/book/wfcydao/67331.html
冯家文 《五凤朝阳刀》 第312章 https://wx.tianyabooks.com/book/wfcydao/67332.html
冯家文 ============================= done.
古龙 《大旗英雄传》 代序 一个作家的成长与转变 https://wx.tianyabooks.com/book/gl01/424.html
古龙 《大旗英雄传》 第一章 西风展大旗 https://wx.tianyabooks.com/book/gl01/425.html
古龙 《大旗英雄传》 第二章 司徒笑的笑 https://wx.tianyabooks.com/book/gl01/426.html
古龙 《大旗英雄传》 第三章 生难死易 https://wx.tianyabooks.com/book/gl01/427.html
古龙 《大旗英雄传》 第四章 空谷幽兰 https://wx.tianyabooks.com/book/gl01/428.html
古龙 《大旗英雄传》 第五章 死神宝窟 https://wx.tianyabooks.com/book/gl01/429.html
古龙 《大旗英雄传》 第六章 洛阳风云 https://wx.tianyabooks.com/book/gl01/430.html
古龙 《大旗英雄传》 第七章 惊　变 https://wx.tianyabooks.com/book/gl01/431.html
古龙 《大旗英雄传》 第八章 明珠索魂 https://wx.tianyabooks.com/book/gl01/432.html
古龙 《大旗英雄传》 第九章 荒祠冷语 https://wx.tianyabooks.com/book/gl01/433.html
古龙 《大旗英雄传》 第十章 寒水香舟 https://wx.tianyabooks.com/book/gl01/434.html
古龙 《大旗英雄传》 第十一章 蜂女飞兵 https://wx.tianyabooks.com/book/gl01/435.html
古龙 《大旗英雄传》 第十二章 恩仇问苍天 https://wx.tianyabooks.com/book/gl01/436.html
古龙 《大旗英雄传》 第十三章 英雄铸剑 https://wx.tianyabooks.com/book/gl01/437.html
古龙 《大旗英雄传》 第十四章 艳姬忏情 https://wx.tianyabooks.com/book/gl01/438.html
古龙 《大旗英雄传》 第十五章 惊闻碧落 https://wx.tianyabooks.com/book/gl01/439.html
古龙 《大旗英雄传》 第十六章 咫尺天涯 https://wx.tianyabooks.com/book/gl01/440.html
古龙 《大旗英雄传》 第十七章 履上足如霜 https://wx.tianyabooks.com/book/gl01/441.html
